TN:
SF:src\modules\actives\services\CreateActiveService.ts
FN:7,(anonymous_17)
FN:8,CreateActiveService
FN:13,(anonymous_19)
FNF:3
FNH:3
FNDA:8,(anonymous_17)
FNDA:9,CreateActiveService
FNDA:22,(anonymous_19)
DA:1,8
DA:7,8
DA:10,9
DA:13,8
DA:14,22
DA:16,22
DA:18,21
DA:20,21
DA:22,8
LF:9
LH:9
BRDA:14,0,0,22
BRDA:16,1,0,1
BRDA:16,1,1,21
BRF:3
BRH:3
end_of_record
TN:
SF:src\modules\actives\services\CreateUserActiveService.ts
FN:15,(anonymous_17)
FN:16,CreateUserActiveService
FN:21,(anonymous_19)
FNF:3
FNH:3
FNDA:8,(anonymous_17)
FNDA:7,CreateUserActiveService
FNDA:20,(anonymous_19)
DA:1,8
DA:15,8
DA:18,7
DA:21,8
DA:22,20
DA:23,20
DA:24,20
DA:25,20
DA:26,20
DA:28,20
DA:36,20
DA:38,8
LF:12
LH:12
BRDA:28,0,0,20
BRDA:33,1,0,20
BRDA:33,1,1,20
BRF:3
BRH:3
end_of_record
TN:
SF:src\modules\actives\services\ListUserActivesService.ts
FN:28,(anonymous_17)
FN:29,CreateUserActiveService
FN:40,(anonymous_19)
FN:61,(anonymous_22)
FN:92,(anonymous_23)
FNF:5
FNH:5
FNDA:1,(anonymous_17)
FNDA:1,CreateUserActiveService
FNDA:1,(anonymous_19)
FNDA:7,(anonymous_22)
FNDA:2,(anonymous_23)
DA:1,1
DA:28,1
DA:31,1
DA:34,1
DA:37,1
DA:40,1
DA:41,1
DA:45,1
DA:49,1
DA:51,1
DA:52,1
DA:54,1
DA:55,1
DA:56,1
DA:57,1
DA:58,1
DA:59,1
DA:61,1
DA:62,7
DA:64,2
DA:65,2
DA:66,2
DA:67,2
DA:69,1
DA:70,1
DA:71,1
DA:72,1
DA:74,1
DA:75,1
DA:76,1
DA:77,1
DA:79,1
DA:80,1
DA:81,1
DA:82,1
DA:84,1
DA:85,1
DA:86,1
DA:87,1
DA:92,1
DA:93,2
DA:95,2
DA:96,2
DA:99,1
DA:117,1
LF:45
LH:45
BRDA:41,0,0,1
BRDA:63,1,0,2
BRDA:63,1,1,1
BRDA:63,1,2,1
BRDA:63,1,3,1
BRDA:63,1,4,1
BRDA:63,1,5,1
BRF:7
BRH:7
end_of_record
TN:
SF:src\modules\actives\services\UpdateUserActivesService.ts
FN:7,(anonymous_17)
FN:8,UpdateUserActivesService
FN:13,(anonymous_19)
FNF:3
FNH:3
FNDA:1,(anonymous_17)
FNDA:1,UpdateUserActivesService
FNDA:1,(anonymous_19)
DA:1,1
DA:7,1
DA:10,1
DA:13,1
DA:14,1
DA:18,1
DA:22,1
DA:24,1
LF:8
LH:8
BRDA:14,0,0,1
BRF:1
BRH:1
end_of_record
TN:
SF:src\modules\bonds\services\CreateUserBondService.ts
FN:15,(anonymous_17)
FN:16,CreateUserBondService
FN:21,(anonymous_19)
FNF:3
FNH:3
FNDA:3,(anonymous_17)
FNDA:3,CreateUserBondService
FNDA:6,(anonymous_19)
DA:1,3
DA:15,3
DA:18,3
DA:21,3
DA:22,6
DA:23,6
DA:24,6
DA:25,6
DA:26,6
DA:28,6
DA:36,6
DA:38,3
LF:12
LH:12
BRDA:28,0,0,6
BRF:1
BRH:1
end_of_record
TN:
SF:src\modules\bonds\services\ListUserBondsService.ts
FN:7,(anonymous_17)
FN:8,ListUserBondsService
FN:13,(anonymous_19)
FNF:3
FNH:3
FNDA:1,(anonymous_17)
FNDA:1,ListUserBondsService
FNDA:1,(anonymous_19)
DA:1,1
DA:7,1
DA:10,1
DA:13,1
DA:14,1
DA:16,1
DA:18,1
LF:7
LH:7
BRF:0
BRH:0
end_of_record
TN:
SF:src\modules\dividends\services\ListUserDividendsMonthlyService.ts
FN:22,(anonymous_20)
FN:23,ListUserDividendsMonthlyService
FN:31,(anonymous_22)
FN:49,(anonymous_27)
FN:59,(anonymous_28)
FN:61,(anonymous_29)
FN:74,(anonymous_30)
FN:79,(anonymous_31)
FN:98,(anonymous_32)
FN:104,(anonymous_33)
FN:111,(anonymous_34)
FNF:11
FNH:11
FNDA:1,(anonymous_20)
FNDA:1,ListUserDividendsMonthlyService
FNDA:1,(anonymous_22)
FNDA:5,(anonymous_27)
FNDA:5,(anonymous_28)
FNDA:10,(anonymous_29)
FNDA:4,(anonymous_30)
FNDA:5,(anonymous_31)
FNDA:4,(anonymous_32)
FNDA:3,(anonymous_33)
FNDA:8,(anonymous_34)
DA:1,1
DA:2,1
DA:22,1
DA:25,1
DA:28,1
DA:31,1
DA:34,1
DA:38,1
DA:39,1
DA:40,1
DA:42,4
DA:43,3
DA:48,3
DA:49,5
DA:56,3
DA:59,1
DA:60,5
DA:62,10
DA:67,5
DA:68,1
DA:70,4
DA:74,1
DA:75,4
DA:76,4
DA:78,4
DA:80,5
DA:83,4
DA:85,4
DA:86,1
DA:87,1
DA:89,3
DA:98,1
DA:99,4
DA:100,2
DA:103,1
DA:104,3
DA:108,1
DA:111,1
DA:112,8
DA:118,1
LF:40
LH:40
BRDA:34,0,0,1
BRDA:43,1,0,3
BRDA:42,2,0,1
BRDA:42,2,1,3
BRDA:62,3,0,10
BRDA:62,3,1,4
BRDA:62,3,2,4
BRDA:67,4,0,1
BRDA:67,4,1,4
BRDA:80,5,0,5
BRDA:80,5,1,1
BRDA:85,6,0,1
BRDA:85,6,1,3
BRDA:99,7,0,2
BRDA:99,7,1,2
BRDA:99,8,0,4
BRDA:99,8,1,2
BRDA:99,8,2,2
BRF:18
BRH:18
end_of_record
TN:
SF:src\modules\dividends\services\ListUserDividendsReceivablesService.ts
FN:15,(anonymous_20)
FN:16,ListUserDividendsReceivablesService
FN:24,(anonymous_22)
FN:40,(anonymous_27)
FN:51,(anonymous_28)
FNF:5
FNH:5
FNDA:1,(anonymous_20)
FNDA:1,ListUserDividendsReceivablesService
FNDA:1,(anonymous_22)
FNDA:3,(anonymous_27)
FNDA:3,(anonymous_28)
DA:1,1
DA:2,1
DA:15,1
DA:18,1
DA:21,1
DA:24,1
DA:27,1
DA:31,1
DA:33,3
DA:34,2
DA:39,2
DA:40,3
DA:47,2
DA:50,1
DA:51,3
DA:55,1
DA:57,1
LF:17
LH:17
BRDA:27,0,0,1
BRDA:34,1,0,2
BRDA:33,2,0,1
BRDA:33,2,1,2
BRF:4
BRH:4
end_of_record
TN:
SF:src\modules\dividends\services\ListUserDividendsService.ts
FN:15,(anonymous_20)
FN:16,ListUserDividendsService
FN:24,(anonymous_22)
FN:41,(anonymous_27)
FN:51,(anonymous_28)
FN:53,(anonymous_29)
FN:67,(anonymous_30)
FNF:7
FNH:7
FNDA:1,(anonymous_20)
FNDA:1,ListUserDividendsService
FNDA:1,(anonymous_22)
FNDA:3,(anonymous_27)
FNDA:3,(anonymous_28)
FNDA:3,(anonymous_29)
FNDA:2,(anonymous_30)
DA:1,1
DA:2,1
DA:15,1
DA:18,1
DA:21,1
DA:24,1
DA:27,1
DA:31,1
DA:32,1
DA:34,4
DA:35,3
DA:40,3
DA:41,3
DA:48,3
DA:51,1
DA:52,3
DA:54,3
DA:59,3
DA:60,1
DA:62,2
DA:66,1
DA:67,2
DA:71,1
DA:73,1
LF:24
LH:24
BRDA:27,0,0,1
BRDA:35,1,0,3
BRDA:34,2,0,1
BRDA:34,2,1,3
BRDA:54,3,0,3
BRDA:54,3,1,1
BRDA:54,3,2,1
BRDA:59,4,0,1
BRDA:59,4,1,2
BRF:9
BRH:9
end_of_record
TN:
SF:src\modules\dividends\services\SearchDividendsService.ts
FN:9,(anonymous_19)
FN:10,ListDividendsService
FN:21,(anonymous_21)
FN:25,(anonymous_24)
FN:35,(anonymous_27)
FN:43,(anonymous_28)
FNF:6
FNH:6
FNDA:1,(anonymous_19)
FNDA:1,ListDividendsService
FNDA:1,(anonymous_21)
FNDA:2,(anonymous_24)
FNDA:4,(anonymous_27)
FNDA:1,(anonymous_28)
DA:1,1
DA:9,1
DA:12,1
DA:15,1
DA:18,1
DA:21,1
DA:22,2
DA:25,1
DA:26,2
DA:28,3
DA:29,1
DA:30,1
DA:33,2
DA:35,4
DA:40,4
DA:43,1
DA:44,2
DA:46,1
LF:18
LH:18
BRDA:22,0,0,1
BRDA:33,1,0,2
BRDA:28,2,0,1
BRDA:28,2,1,1
BRDA:44,3,0,1
BRF:5
BRH:5
end_of_record
TN:
SF:src\modules\users\services\AuthenticateUserService.ts
FN:23,(anonymous_18)
FN:24,AuthenticateUserService
FN:32,(anonymous_20)
FNF:3
FNH:3
FNDA:1,(anonymous_18)
FNDA:3,AuthenticateUserService
FNDA:3,(anonymous_20)
DA:1,1
DA:2,1
DA:8,1
DA:10,1
DA:23,1
DA:26,3
DA:29,3
DA:32,3
DA:33,3
DA:35,3
DA:37,2
DA:42,2
DA:43,1
DA:45,1
DA:47,1
DA:52,1
DA:54,1
LF:17
LH:17
BRDA:33,0,0,3
BRDA:35,1,0,1
BRDA:35,1,1,2
BRDA:42,2,0,1
BRDA:42,2,1,1
BRF:5
BRH:5
end_of_record
TN:
SF:src\modules\users\services\CreateUserService.ts
FN:17,(anonymous_18)
FN:18,CreateUserService
FN:29,(anonymous_20)
FNF:3
FNH:3
FNDA:1,(anonymous_18)
FNDA:2,CreateUserService
FNDA:3,(anonymous_20)
DA:1,1
DA:8,1
DA:17,1
DA:20,2
DA:23,2
DA:26,2
DA:29,3
DA:30,3
DA:32,3
DA:34,2
DA:36,2
DA:42,4
DA:44,2
DA:46,1
LF:14
LH:14
BRDA:30,0,0,3
BRDA:32,1,0,1
BRDA:32,1,1,2
BRF:3
BRH:3
end_of_record
TN:
SF:src\modules\users\services\FindActivesByCEIService.ts
FN:6,(anonymous_17)
FN:7,FindActivesByCEIService
FN:12,(anonymous_19)
FNF:3
FNH:3
FNDA:1,(anonymous_17)
FNDA:2,FindActivesByCEIService
FNDA:2,(anonymous_19)
DA:1,1
DA:6,1
DA:9,2
DA:12,1
DA:14,4
DA:15,1
DA:17,1
DA:18,1
DA:21,1
LF:9
LH:9
BRF:0
BRH:0
end_of_record
TN:
SF:src\modules\users\services\ResetPasswordService.ts
FN:16,(anonymous_18)
FN:17,ResetPasswordService
FN:28,(anonymous_20)
FNF:3
FNH:3
FNDA:1,(anonymous_18)
FNDA:4,ResetPasswordService
FNDA:4,(anonymous_20)
DA:1,1
DA:2,1
DA:8,1
DA:16,1
DA:19,4
DA:22,4
DA:25,4
DA:28,4
DA:29,4
DA:31,4
DA:33,3
DA:35,3
DA:37,2
DA:38,2
DA:40,2
DA:42,1
DA:44,2
DA:46,1
LF:18
LH:18
BRDA:29,0,0,4
BRDA:31,1,0,1
BRDA:31,1,1,3
BRDA:35,2,0,1
BRDA:35,2,1,2
BRDA:40,3,0,1
BRDA:40,3,1,1
BRF:7
BRH:7
end_of_record
TN:
SF:src\modules\users\services\SendForgotPasswordEmailService.ts
FN:15,(anonymous_18)
FN:16,SendForgotPasswordEmailService
FN:27,(anonymous_20)
FNF:3
FNH:3
FNDA:1,(anonymous_18)
FNDA:3,SendForgotPasswordEmailService
FNDA:3,(anonymous_20)
DA:1,1
DA:2,1
DA:8,1
DA:15,1
DA:18,3
DA:21,3
DA:24,3
DA:27,3
DA:28,3
DA:30,3
DA:32,2
DA:34,2
DA:41,4
DA:56,1
LF:14
LH:14
BRDA:28,0,0,3
BRDA:30,1,0,1
BRDA:30,1,1,2
BRF:3
BRH:3
end_of_record
TN:
SF:src\modules\users\services\ShowProfileService.ts
FN:9,(anonymous_18)
FN:10,ShowProfileService
FN:15,(anonymous_20)
FNF:3
FNH:3
FNDA:1,(anonymous_18)
FNDA:2,ShowProfileService
FNDA:2,(anonymous_20)
DA:1,1
DA:6,1
DA:9,1
DA:12,2
DA:15,1
DA:16,2
DA:18,2
DA:20,1
DA:22,1
LF:9
LH:9
BRDA:16,0,0,2
BRDA:18,1,0,1
BRDA:18,1,1,1
BRF:3
BRH:3
end_of_record
TN:
SF:src\modules\users\services\UpdateProfileService.ts
FN:18,(anonymous_18)
FN:19,UpdateProfileService
FN:27,(anonymous_20)
FNF:3
FNH:3
FNDA:1,(anonymous_18)
FNDA:6,UpdateProfileService
FNDA:6,(anonymous_20)
DA:1,1
DA:7,1
DA:18,1
DA:21,6
DA:24,6
DA:27,1
DA:28,6
DA:29,6
DA:30,6
DA:31,6
DA:32,6
DA:34,6
DA:36,6
DA:38,5
DA:40,5
DA:41,1
DA:43,4
DA:44,4
DA:46,4
DA:47,1
DA:51,4
DA:52,2
DA:57,2
DA:59,1
DA:62,2
DA:64,1
LF:26
LH:26
BRDA:34,0,0,6
BRDA:34,0,1,2
BRDA:36,1,0,1
BRDA:36,1,1,5
BRDA:40,2,0,1
BRDA:40,2,1,4
BRDA:40,3,0,5
BRDA:40,3,1,1
BRDA:46,4,0,1
BRDA:46,4,1,3
BRDA:46,5,0,4
BRDA:46,5,1,3
BRDA:51,6,0,1
BRDA:51,6,1,2
BRDA:51,7,0,3
BRDA:51,7,1,2
BRDA:57,8,0,1
BRDA:57,8,1,1
BRF:18
BRH:18
end_of_record
TN:
SF:src\modules\users\services\UpdateUserAvatarService.ts
FN:15,(anonymous_18)
FN:16,UpdateUserAvatarService
FN:24,(anonymous_20)
FNF:3
FNH:3
FNDA:1,(anonymous_18)
FNDA:3,UpdateUserAvatarService
FNDA:4,(anonymous_20)
DA:1,1
DA:7,1
DA:15,1
DA:18,3
DA:21,3
DA:24,4
DA:25,4
DA:27,4
DA:28,1
DA:30,5
DA:31,2
DA:34,3
DA:36,3
DA:38,6
DA:40,3
DA:42,1
LF:16
LH:16
BRDA:25,0,0,4
BRDA:25,0,1,3
BRDA:27,1,0,1
BRDA:27,1,1,3
BRDA:30,2,0,2
BRDA:30,2,1,1
BRF:6
BRH:6
end_of_record
