{"C:\\Users\\Marcelo\\Desktop\\waller3.0\\waller\\src\\components\\Header\\index.tsx": {"path":"C:\\Users\\Marcelo\\Desktop\\waller3.0\\waller\\src\\components\\Header\\index.tsx","statementMap":{"0":{"start":{"line":10,"column":25},"end":{"line":18,"column":1}},"1":{"start":{"line":11,"column":2},"end":{"line":17,"column":4}}},"fnMap":{"0":{"name":"(anonymous_0)","decl":{"start":{"line":10,"column":25},"end":{"line":10,"column":26}},"loc":{"start":{"line":10,"column":43},"end":{"line":18,"column":1}},"line":10}},"branchMap":{},"s":{"0":6,"1":40},"f":{"0":40},"b":{},"_coverageSchema":"43e27e138ebf9cfc5966b082cf9a028302ed4184","hash":"00356509f4baae2f393e944af20f89fe47ca8259"}
,"C:\\Users\\Marcelo\\Desktop\\waller3.0\\waller\\src\\components\\Input\\index.tsx": {"path":"C:\\Users\\Marcelo\\Desktop\\waller3.0\\waller\\src\\components\\Input\\index.tsx","statementMap":{"0":{"start":{"line":30,"column":66},"end":{"line":98,"column":1}},"1":{"start":{"line":34,"column":26},"end":{"line":34,"column":43}},"2":{"start":{"line":36,"column":60},"end":{"line":36,"column":74}},"3":{"start":{"line":37,"column":24},"end":{"line":37,"column":74}},"4":{"start":{"line":39,"column":36},"end":{"line":39,"column":51}},"5":{"start":{"line":40,"column":34},"end":{"line":40,"column":49}},"6":{"start":{"line":42,"column":27},"end":{"line":44,"column":8}},"7":{"start":{"line":43,"column":4},"end":{"line":43,"column":23}},"8":{"start":{"line":46,"column":26},"end":{"line":50,"column":8}},"9":{"start":{"line":47,"column":4},"end":{"line":47,"column":24}},"10":{"start":{"line":49,"column":4},"end":{"line":49,"column":48}},"11":{"start":{"line":52,"column":2},"end":{"line":56,"column":6}},"12":{"start":{"line":52,"column":34},"end":{"line":56,"column":3}},"13":{"start":{"line":54,"column":6},"end":{"line":54,"column":38}},"14":{"start":{"line":58,"column":2},"end":{"line":72,"column":33}},"15":{"start":{"line":59,"column":4},"end":{"line":71,"column":7}},"16":{"start":{"line":64,"column":8},"end":{"line":64,"column":44}},"17":{"start":{"line":65,"column":8},"end":{"line":65,"column":64}},"18":{"start":{"line":68,"column":8},"end":{"line":68,"column":41}},"19":{"start":{"line":69,"column":8},"end":{"line":69,"column":40}},"20":{"start":{"line":74,"column":2},"end":{"line":97,"column":4}},"21":{"start":{"line":92,"column":10},"end":{"line":92,"column":46}}},"fnMap":{"0":{"name":"(anonymous_0)","decl":{"start":{"line":30,"column":66},"end":{"line":30,"column":67}},"loc":{"start":{"line":33,"column":5},"end":{"line":98,"column":1}},"line":33},"1":{"name":"(anonymous_1)","decl":{"start":{"line":42,"column":39},"end":{"line":42,"column":40}},"loc":{"start":{"line":42,"column":45},"end":{"line":44,"column":3}},"line":42},"2":{"name":"(anonymous_2)","decl":{"start":{"line":46,"column":38},"end":{"line":46,"column":39}},"loc":{"start":{"line":46,"column":44},"end":{"line":50,"column":3}},"line":46},"3":{"name":"(anonymous_3)","decl":{"start":{"line":52,"column":27},"end":{"line":52,"column":28}},"loc":{"start":{"line":52,"column":34},"end":{"line":56,"column":3}},"line":52},"4":{"name":"(anonymous_4)","decl":{"start":{"line":53,"column":4},"end":{"line":53,"column":5}},"loc":{"start":{"line":53,"column":12},"end":{"line":55,"column":5}},"line":53},"5":{"name":"(anonymous_5)","decl":{"start":{"line":58,"column":12},"end":{"line":58,"column":13}},"loc":{"start":{"line":58,"column":18},"end":{"line":72,"column":3}},"line":58},"6":{"name":"(anonymous_6)","decl":{"start":{"line":63,"column":6},"end":{"line":63,"column":7}},"loc":{"start":{"line":63,"column":25},"end":{"line":66,"column":7}},"line":63},"7":{"name":"(anonymous_7)","decl":{"start":{"line":67,"column":6},"end":{"line":67,"column":7}},"loc":{"start":{"line":67,"column":19},"end":{"line":70,"column":7}},"line":67},"8":{"name":"(anonymous_8)","decl":{"start":{"line":91,"column":22},"end":{"line":91,"column":23}},"loc":{"start":{"line":91,"column":31},"end":{"line":93,"column":9}},"line":91}},"branchMap":{"0":{"loc":{"start":{"line":76,"column":7},"end":{"line":82,"column":7}},"type":"binary-expr","locations":[{"start":{"line":76,"column":7},"end":{"line":76,"column":11}},{"start":{"line":77,"column":8},"end":{"line":81,"column":10}}],"line":76},"1":{"loc":{"start":{"line":80,"column":17},"end":{"line":80,"column":74}},"type":"cond-expr","locations":[{"start":{"line":80,"column":41},"end":{"line":80,"column":55}},{"start":{"line":80,"column":58},"end":{"line":80,"column":74}}],"line":80},"2":{"loc":{"start":{"line":80,"column":17},"end":{"line":80,"column":38}},"type":"binary-expr","locations":[{"start":{"line":80,"column":17},"end":{"line":80,"column":26}},{"start":{"line":80,"column":30},"end":{"line":80,"column":38}}],"line":80}},"s":{"0":3,"1":48,"2":48,"3":48,"4":48,"5":48,"6":48,"7":0,"8":48,"9":0,"10":0,"11":48,"12":28,"13":0,"14":48,"15":28,"16":0,"17":0,"18":0,"19":0,"20":48,"21":15},"f":{"0":48,"1":0,"2":0,"3":28,"4":0,"5":28,"6":0,"7":0,"8":15},"b":{"0":[48,47],"1":[0,47],"2":[47,47]},"_coverageSchema":"43e27e138ebf9cfc5966b082cf9a028302ed4184","hash":"b5b936a8fbd65c07d35bbde48587be000515eca6"}
,"C:\\Users\\Marcelo\\Desktop\\waller3.0\\waller\\src\\components\\Loading\\index.tsx": {"path":"C:\\Users\\Marcelo\\Desktop\\waller3.0\\waller\\src\\components\\Loading\\index.tsx","statementMap":{"0":{"start":{"line":14,"column":40},"end":{"line":54,"column":1}},"1":{"start":{"line":15,"column":18},"end":{"line":15,"column":39}},"2":{"start":{"line":16,"column":17},"end":{"line":16,"column":38}},"3":{"start":{"line":18,"column":2},"end":{"line":32,"column":24}},"4":{"start":{"line":19,"column":4},"end":{"line":23,"column":15}},"5":{"start":{"line":25,"column":4},"end":{"line":31,"column":14}},"6":{"start":{"line":34,"column":2},"end":{"line":53,"column":4}}},"fnMap":{"0":{"name":"(anonymous_0)","decl":{"start":{"line":14,"column":40},"end":{"line":14,"column":41}},"loc":{"start":{"line":14,"column":70},"end":{"line":54,"column":1}},"line":14},"1":{"name":"(anonymous_1)","decl":{"start":{"line":18,"column":12},"end":{"line":18,"column":13}},"loc":{"start":{"line":18,"column":18},"end":{"line":32,"column":3}},"line":18}},"branchMap":{"0":{"loc":{"start":{"line":14,"column":43},"end":{"line":14,"column":57}},"type":"default-arg","locations":[{"start":{"line":14,"column":50},"end":{"line":14,"column":57}}],"line":14},"1":{"loc":{"start":{"line":37,"column":16},"end":{"line":37,"column":50}},"type":"cond-expr","locations":[{"start":{"line":37,"column":35},"end":{"line":37,"column":39}},{"start":{"line":37,"column":42},"end":{"line":37,"column":50}}],"line":37}},"s":{"0":4,"1":25,"2":25,"3":25,"4":25,"5":25,"6":25},"f":{"0":25,"1":25},"b":{"0":[9],"1":[9,16]},"_coverageSchema":"43e27e138ebf9cfc5966b082cf9a028302ed4184","hash":"d705e844b290d3cb6011f90c42add639efe44a8f"}
,"C:\\Users\\Marcelo\\Desktop\\waller3.0\\waller\\src\\components\\Nothing\\index.tsx": {"path":"C:\\Users\\Marcelo\\Desktop\\waller3.0\\waller\\src\\components\\Nothing\\index.tsx","statementMap":{"0":{"start":{"line":12,"column":40},"end":{"line":20,"column":1}},"1":{"start":{"line":13,"column":2},"end":{"line":19,"column":4}}},"fnMap":{"0":{"name":"(anonymous_0)","decl":{"start":{"line":12,"column":40},"end":{"line":12,"column":41}},"loc":{"start":{"line":12,"column":54},"end":{"line":20,"column":1}},"line":12}},"branchMap":{},"s":{"0":7,"1":18},"f":{"0":18},"b":{},"_coverageSchema":"43e27e138ebf9cfc5966b082cf9a028302ed4184","hash":"bfc14c363603b8d872480ccf0ce4cdafe71307e8"}
,"C:\\Users\\Marcelo\\Desktop\\waller3.0\\waller\\src\\components\\OrderTableHeader\\index.tsx": {"path":"C:\\Users\\Marcelo\\Desktop\\waller3.0\\waller\\src\\components\\OrderTableHeader\\index.tsx","statementMap":{"0":{"start":{"line":32,"column":59},"end":{"line":77,"column":1}},"1":{"start":{"line":36,"column":51},"end":{"line":36,"column":70}},"2":{"start":{"line":39,"column":19},"end":{"line":39,"column":54}},"3":{"start":{"line":41,"column":4},"end":{"line":41,"column":38}},"4":{"start":{"line":42,"column":4},"end":{"line":42,"column":21}},"5":{"start":{"line":45,"column":2},"end":{"line":76,"column":4}},"6":{"start":{"line":48,"column":8},"end":{"line":73,"column":20}},"7":{"start":{"line":52,"column":27},"end":{"line":52,"column":49}}},"fnMap":{"0":{"name":"(anonymous_0)","decl":{"start":{"line":32,"column":59},"end":{"line":32,"column":60}},"loc":{"start":{"line":35,"column":6},"end":{"line":77,"column":1}},"line":35},"1":{"name":"handleClick","decl":{"start":{"line":38,"column":11},"end":{"line":38,"column":22}},"loc":{"start":{"line":38,"column":37},"end":{"line":43,"column":3}},"line":38},"2":{"name":"(anonymous_2)","decl":{"start":{"line":47,"column":19},"end":{"line":47,"column":20}},"loc":{"start":{"line":48,"column":8},"end":{"line":73,"column":20}},"line":48},"3":{"name":"(anonymous_3)","decl":{"start":{"line":52,"column":21},"end":{"line":52,"column":22}},"loc":{"start":{"line":52,"column":27},"end":{"line":52,"column":49}},"line":52}},"branchMap":{"0":{"loc":{"start":{"line":39,"column":19},"end":{"line":39,"column":54}},"type":"binary-expr","locations":[{"start":{"line":39,"column":19},"end":{"line":39,"column":35}},{"start":{"line":39,"column":39},"end":{"line":39,"column":54}}],"line":39},"1":{"loc":{"start":{"line":41,"column":13},"end":{"line":41,"column":36}},"type":"cond-expr","locations":[{"start":{"line":41,"column":22},"end":{"line":41,"column":28}},{"start":{"line":41,"column":31},"end":{"line":41,"column":36}}],"line":41},"2":{"loc":{"start":{"line":56,"column":13},"end":{"line":71,"column":16}},"type":"binary-expr","locations":[{"start":{"line":56,"column":13},"end":{"line":56,"column":34}},{"start":{"line":57,"column":15},"end":{"line":71,"column":15}}],"line":56},"3":{"loc":{"start":{"line":57,"column":15},"end":{"line":71,"column":15}},"type":"cond-expr","locations":[{"start":{"line":58,"column":16},"end":{"line":63,"column":18}},{"start":{"line":65,"column":16},"end":{"line":70,"column":18}}],"line":57}},"s":{"0":5,"1":25,"2":2,"3":2,"4":2,"5":25,"6":96,"7":2},"f":{"0":25,"1":2,"2":96,"3":2},"b":{"0":[2,2],"1":[1,1],"2":[96,5],"3":[1,4]},"_coverageSchema":"43e27e138ebf9cfc5966b082cf9a028302ed4184","hash":"f4df68c25b27e9dfd66dd04ef4eb267978af3e09"}
,"C:\\Users\\Marcelo\\Desktop\\waller3.0\\waller\\src\\components\\ValueField\\index.tsx": {"path":"C:\\Users\\Marcelo\\Desktop\\waller3.0\\waller\\src\\components\\ValueField\\index.tsx","statementMap":{"0":{"start":{"line":14,"column":47},"end":{"line":36,"column":1}},"1":{"start":{"line":21,"column":24},"end":{"line":21,"column":35}},"2":{"start":{"line":23,"column":2},"end":{"line":35,"column":4}}},"fnMap":{"0":{"name":"(anonymous_0)","decl":{"start":{"line":14,"column":47},"end":{"line":14,"column":48}},"loc":{"start":{"line":20,"column":6},"end":{"line":36,"column":1}},"line":20}},"branchMap":{"0":{"loc":{"start":{"line":16,"column":2},"end":{"line":16,"column":20}},"type":"default-arg","locations":[{"start":{"line":16,"column":14},"end":{"line":16,"column":20}}],"line":16},"1":{"loc":{"start":{"line":17,"column":2},"end":{"line":17,"column":19}},"type":"default-arg","locations":[{"start":{"line":17,"column":17},"end":{"line":17,"column":19}}],"line":17},"2":{"loc":{"start":{"line":18,"column":2},"end":{"line":18,"column":18}},"type":"default-arg","locations":[{"start":{"line":18,"column":10},"end":{"line":18,"column":18}}],"line":18},"3":{"loc":{"start":{"line":19,"column":2},"end":{"line":19,"column":11}},"type":"default-arg","locations":[{"start":{"line":19,"column":9},"end":{"line":19,"column":11}}],"line":19},"4":{"loc":{"start":{"line":27,"column":22},"end":{"line":27,"column":47}},"type":"binary-expr","locations":[{"start":{"line":27,"column":22},"end":{"line":27,"column":34}},{"start":{"line":27,"column":38},"end":{"line":27,"column":47}}],"line":27}},"s":{"0":4,"1":69,"2":69},"f":{"0":69},"b":{"0":[29],"1":[29],"2":[29],"3":[61],"4":[69,29]},"_coverageSchema":"43e27e138ebf9cfc5966b082cf9a028302ed4184","hash":"0fd7409e02daaaad5bdbe277e2f0e24d6c892252"}
,"C:\\Users\\Marcelo\\Desktop\\waller3.0\\waller\\src\\hooks\\auth.tsx": {"path":"C:\\Users\\Marcelo\\Desktop\\waller3.0\\waller\\src\\hooks\\auth.tsx","statementMap":{"0":{"start":{"line":38,"column":20},"end":{"line":38,"column":73}},"1":{"start":{"line":40,"column":31},"end":{"line":116,"column":1}},"2":{"start":{"line":41,"column":26},"end":{"line":41,"column":62}},"3":{"start":{"line":42,"column":32},"end":{"line":42,"column":46}},"4":{"start":{"line":43,"column":30},"end":{"line":43,"column":45}},"5":{"start":{"line":45,"column":2},"end":{"line":66,"column":9}},"6":{"start":{"line":47,"column":36},"end":{"line":50,"column":8}},"7":{"start":{"line":52,"column":6},"end":{"line":56,"column":9}},"8":{"start":{"line":53,"column":8},"end":{"line":55,"column":9}},"9":{"start":{"line":54,"column":10},"end":{"line":54,"column":39}},"10":{"start":{"line":58,"column":6},"end":{"line":58,"column":61}},"11":{"start":{"line":60,"column":6},"end":{"line":60,"column":68}},"12":{"start":{"line":60,"column":25},"end":{"line":60,"column":68}},"13":{"start":{"line":62,"column":6},"end":{"line":62,"column":24}},"14":{"start":{"line":65,"column":4},"end":{"line":65,"column":22}},"15":{"start":{"line":68,"column":17},"end":{"line":87,"column":8}},"16":{"start":{"line":69,"column":21},"end":{"line":72,"column":6}},"17":{"start":{"line":74,"column":28},"end":{"line":74,"column":41}},"18":{"start":{"line":76,"column":4},"end":{"line":80,"column":7}},"19":{"start":{"line":82,"column":4},"end":{"line":82,"column":59}},"20":{"start":{"line":84,"column":4},"end":{"line":84,"column":29}},"21":{"start":{"line":86,"column":4},"end":{"line":86,"column":20}},"22":{"start":{"line":89,"column":26},"end":{"line":94,"column":8}},"23":{"start":{"line":90,"column":4},"end":{"line":91,"column":73}},"24":{"start":{"line":91,"column":6},"end":{"line":91,"column":73}},"25":{"start":{"line":93,"column":4},"end":{"line":93,"column":20}},"26":{"start":{"line":96,"column":18},"end":{"line":100,"column":8}},"27":{"start":{"line":97,"column":4},"end":{"line":97,"column":72}},"28":{"start":{"line":99,"column":4},"end":{"line":99,"column":21}},"29":{"start":{"line":102,"column":2},"end":{"line":115,"column":4}},"30":{"start":{"line":119,"column":2},"end":{"line":119,"column":33}}},"fnMap":{"0":{"name":"(anonymous_0)","decl":{"start":{"line":40,"column":31},"end":{"line":40,"column":32}},"loc":{"start":{"line":40,"column":49},"end":{"line":116,"column":1}},"line":40},"1":{"name":"(anonymous_1)","decl":{"start":{"line":45,"column":12},"end":{"line":45,"column":13}},"loc":{"start":{"line":45,"column":18},"end":{"line":66,"column":3}},"line":45},"2":{"name":"loadStorageData","decl":{"start":{"line":46,"column":19},"end":{"line":46,"column":34}},"loc":{"start":{"line":46,"column":52},"end":{"line":63,"column":5}},"line":46},"3":{"name":"(anonymous_3)","decl":{"start":{"line":52,"column":51},"end":{"line":52,"column":52}},"loc":{"start":{"line":52,"column":65},"end":{"line":56,"column":7}},"line":52},"4":{"name":"(anonymous_4)","decl":{"start":{"line":68,"column":29},"end":{"line":68,"column":30}},"loc":{"start":{"line":68,"column":79},"end":{"line":87,"column":3}},"line":68},"5":{"name":"(anonymous_5)","decl":{"start":{"line":89,"column":38},"end":{"line":89,"column":39}},"loc":{"start":{"line":89,"column":50},"end":{"line":94,"column":3}},"line":89},"6":{"name":"(anonymous_6)","decl":{"start":{"line":96,"column":30},"end":{"line":96,"column":31}},"loc":{"start":{"line":96,"column":42},"end":{"line":100,"column":3}},"line":96},"7":{"name":"useAuth","decl":{"start":{"line":118,"column":9},"end":{"line":118,"column":16}},"loc":{"start":{"line":118,"column":36},"end":{"line":120,"column":1}},"line":118}},"branchMap":{"0":{"loc":{"start":{"line":53,"column":8},"end":{"line":55,"column":9}},"type":"if","locations":[{"start":{"line":53,"column":8},"end":{"line":55,"column":9}},{"start":{"line":53,"column":8},"end":{"line":55,"column":9}}],"line":53},"1":{"loc":{"start":{"line":60,"column":6},"end":{"line":60,"column":68}},"type":"if","locations":[{"start":{"line":60,"column":6},"end":{"line":60,"column":68}},{"start":{"line":60,"column":6},"end":{"line":60,"column":68}}],"line":60},"2":{"loc":{"start":{"line":60,"column":10},"end":{"line":60,"column":23}},"type":"binary-expr","locations":[{"start":{"line":60,"column":10},"end":{"line":60,"column":15}},{"start":{"line":60,"column":19},"end":{"line":60,"column":23}}],"line":60},"3":{"loc":{"start":{"line":90,"column":4},"end":{"line":91,"column":73}},"type":"if","locations":[{"start":{"line":90,"column":4},"end":{"line":91,"column":73}},{"start":{"line":90,"column":4},"end":{"line":91,"column":73}}],"line":90}},"s":{"0":2,"1":2,"2":16,"3":16,"4":16,"5":16,"6":3,"7":3,"8":3,"9":2,"10":3,"11":3,"12":2,"13":3,"14":3,"15":16,"16":2,"17":2,"18":2,"19":2,"20":2,"21":2,"22":16,"23":1,"24":1,"25":1,"26":16,"27":1,"28":1,"29":16,"30":16},"f":{"0":16,"1":3,"2":3,"3":3,"4":2,"5":1,"6":1,"7":16},"b":{"0":[2,1],"1":[2,1],"2":[3,2],"3":[1,0]},"_coverageSchema":"43e27e138ebf9cfc5966b082cf9a028302ed4184","hash":"4f8b300a694a3ed713e3740d7a955b1aa01e7a88"}
,"C:\\Users\\Marcelo\\Desktop\\waller3.0\\waller\\src\\hooks\\config.tsx": {"path":"C:\\Users\\Marcelo\\Desktop\\waller3.0\\waller\\src\\hooks\\config.tsx","statementMap":{"0":{"start":{"line":18,"column":22},"end":{"line":18,"column":79}},"1":{"start":{"line":20,"column":33},"end":{"line":61,"column":1}},"2":{"start":{"line":21,"column":41},"end":{"line":21,"column":55}},"3":{"start":{"line":22,"column":45},"end":{"line":22,"column":60}},"4":{"start":{"line":24,"column":2},"end":{"line":40,"column":9}},"5":{"start":{"line":26,"column":6},"end":{"line":30,"column":9}},"6":{"start":{"line":27,"column":8},"end":{"line":29,"column":9}},"7":{"start":{"line":28,"column":10},"end":{"line":28,"column":47}},"8":{"start":{"line":32,"column":6},"end":{"line":36,"column":9}},"9":{"start":{"line":33,"column":8},"end":{"line":35,"column":9}},"10":{"start":{"line":34,"column":10},"end":{"line":34,"column":49}},"11":{"start":{"line":39,"column":4},"end":{"line":39,"column":22}},"12":{"start":{"line":42,"column":23},"end":{"line":46,"column":8}},"13":{"start":{"line":43,"column":4},"end":{"line":43,"column":28}},"14":{"start":{"line":45,"column":4},"end":{"line":45,"column":71}},"15":{"start":{"line":48,"column":25},"end":{"line":52,"column":8}},"16":{"start":{"line":49,"column":4},"end":{"line":49,"column":30}},"17":{"start":{"line":51,"column":4},"end":{"line":51,"column":71}},"18":{"start":{"line":54,"column":2},"end":{"line":60,"column":4}},"19":{"start":{"line":64,"column":2},"end":{"line":64,"column":35}}},"fnMap":{"0":{"name":"(anonymous_0)","decl":{"start":{"line":20,"column":33},"end":{"line":20,"column":34}},"loc":{"start":{"line":20,"column":51},"end":{"line":61,"column":1}},"line":20},"1":{"name":"(anonymous_1)","decl":{"start":{"line":24,"column":12},"end":{"line":24,"column":13}},"loc":{"start":{"line":24,"column":18},"end":{"line":40,"column":3}},"line":24},"2":{"name":"loadStorageData","decl":{"start":{"line":25,"column":19},"end":{"line":25,"column":34}},"loc":{"start":{"line":25,"column":52},"end":{"line":37,"column":5}},"line":25},"3":{"name":"(anonymous_3)","decl":{"start":{"line":26,"column":51},"end":{"line":26,"column":52}},"loc":{"start":{"line":26,"column":65},"end":{"line":30,"column":7}},"line":26},"4":{"name":"(anonymous_4)","decl":{"start":{"line":32,"column":51},"end":{"line":32,"column":52}},"loc":{"start":{"line":32,"column":65},"end":{"line":36,"column":7}},"line":32},"5":{"name":"(anonymous_5)","decl":{"start":{"line":42,"column":35},"end":{"line":42,"column":36}},"loc":{"start":{"line":42,"column":49},"end":{"line":46,"column":3}},"line":42},"6":{"name":"(anonymous_6)","decl":{"start":{"line":48,"column":37},"end":{"line":48,"column":38}},"loc":{"start":{"line":48,"column":51},"end":{"line":52,"column":3}},"line":48},"7":{"name":"useConfig","decl":{"start":{"line":63,"column":9},"end":{"line":63,"column":18}},"loc":{"start":{"line":63,"column":40},"end":{"line":65,"column":1}},"line":63}},"branchMap":{"0":{"loc":{"start":{"line":27,"column":8},"end":{"line":29,"column":9}},"type":"if","locations":[{"start":{"line":27,"column":8},"end":{"line":29,"column":9}},{"start":{"line":27,"column":8},"end":{"line":29,"column":9}}],"line":27},"1":{"loc":{"start":{"line":33,"column":8},"end":{"line":35,"column":9}},"type":"if","locations":[{"start":{"line":33,"column":8},"end":{"line":35,"column":9}},{"start":{"line":33,"column":8},"end":{"line":35,"column":9}}],"line":33}},"s":{"0":9,"1":9,"2":4,"3":4,"4":4,"5":1,"6":1,"7":1,"8":1,"9":1,"10":1,"11":1,"12":4,"13":1,"14":1,"15":4,"16":1,"17":1,"18":4,"19":88},"f":{"0":4,"1":1,"2":1,"3":1,"4":1,"5":1,"6":1,"7":88},"b":{"0":[1,0],"1":[1,0]},"_coverageSchema":"43e27e138ebf9cfc5966b082cf9a028302ed4184","hash":"ae2936f50cfeefb799725865581971192ace3957"}
,"C:\\Users\\Marcelo\\Desktop\\waller3.0\\waller\\src\\hooks\\swr.tsx": {"path":"C:\\Users\\Marcelo\\Desktop\\waller3.0\\waller\\src\\hooks\\swr.tsx","statementMap":{"0":{"start":{"line":13,"column":48},"end":{"line":20,"column":3}},"1":{"start":{"line":16,"column":23},"end":{"line":16,"column":46}},"2":{"start":{"line":18,"column":6},"end":{"line":18,"column":27}},"3":{"start":{"line":22,"column":2},"end":{"line":22,"column":47}}},"fnMap":{"0":{"name":"useFetch","decl":{"start":{"line":5,"column":16},"end":{"line":5,"column":24}},"loc":{"start":{"line":12,"column":2},"end":{"line":23,"column":1}},"line":12},"1":{"name":"(anonymous_1)","decl":{"start":{"line":15,"column":4},"end":{"line":15,"column":5}},"loc":{"start":{"line":15,"column":22},"end":{"line":19,"column":5}},"line":15}},"branchMap":{},"s":{"0":66,"1":9,"2":7,"3":66},"f":{"0":66,"1":9},"b":{},"_coverageSchema":"43e27e138ebf9cfc5966b082cf9a028302ed4184","hash":"180b1d92a487c87b545bf259b59584cf3f3110a5"}
,"C:\\Users\\Marcelo\\Desktop\\waller3.0\\waller\\src\\pages\\Auth\\Home\\index.tsx": {"path":"C:\\Users\\Marcelo\\Desktop\\waller3.0\\waller\\src\\pages\\Auth\\Home\\index.tsx","statementMap":{"0":{"start":{"line":20,"column":23},"end":{"line":68,"column":1}},"1":{"start":{"line":21,"column":23},"end":{"line":21,"column":38}},"2":{"start":{"line":23,"column":2},"end":{"line":23,"column":32}},"3":{"start":{"line":25,"column":31},"end":{"line":27,"column":4}},"4":{"start":{"line":25,"column":49},"end":{"line":25,"column":67}},"5":{"start":{"line":29,"column":31},"end":{"line":31,"column":4}},"6":{"start":{"line":29,"column":49},"end":{"line":29,"column":67}},"7":{"start":{"line":33,"column":2},"end":{"line":67,"column":4}}},"fnMap":{"0":{"name":"(anonymous_0)","decl":{"start":{"line":20,"column":23},"end":{"line":20,"column":24}},"loc":{"start":{"line":20,"column":29},"end":{"line":68,"column":1}},"line":20},"1":{"name":"(anonymous_1)","decl":{"start":{"line":25,"column":43},"end":{"line":25,"column":44}},"loc":{"start":{"line":25,"column":49},"end":{"line":25,"column":67}},"line":25},"2":{"name":"(anonymous_2)","decl":{"start":{"line":29,"column":43},"end":{"line":29,"column":44}},"loc":{"start":{"line":29,"column":49},"end":{"line":29,"column":67}},"line":29}},"branchMap":{},"s":{"0":1,"1":2,"2":2,"3":2,"4":1,"5":2,"6":1,"7":2},"f":{"0":2,"1":1,"2":1},"b":{},"_coverageSchema":"43e27e138ebf9cfc5966b082cf9a028302ed4184","hash":"fca0517c4dc06afb07628dbcbdbd47e93c3bc99b"}
,"C:\\Users\\Marcelo\\Desktop\\waller3.0\\waller\\src\\pages\\Auth\\SignIn\\index.tsx": {"path":"C:\\Users\\Marcelo\\Desktop\\waller3.0\\waller\\src\\pages\\Auth\\SignIn\\index.tsx","statementMap":{"0":{"start":{"line":36,"column":25},"end":{"line":158,"column":1}},"1":{"start":{"line":37,"column":18},"end":{"line":37,"column":43}},"2":{"start":{"line":38,"column":27},"end":{"line":38,"column":50}},"3":{"start":{"line":39,"column":24},"end":{"line":39,"column":48}},"4":{"start":{"line":41,"column":50},"end":{"line":41,"column":65}},"5":{"start":{"line":42,"column":38},"end":{"line":42,"column":47}},"6":{"start":{"line":43,"column":26},"end":{"line":43,"column":37}},"7":{"start":{"line":45,"column":2},"end":{"line":45,"column":32}},"8":{"start":{"line":47,"column":2},"end":{"line":51,"column":9}},"9":{"start":{"line":48,"column":4},"end":{"line":50,"column":6}},"10":{"start":{"line":49,"column":6},"end":{"line":49,"column":60}},"11":{"start":{"line":53,"column":2},"end":{"line":62,"column":37}},"12":{"start":{"line":54,"column":4},"end":{"line":61,"column":13}},"13":{"start":{"line":55,"column":6},"end":{"line":60,"column":9}},"14":{"start":{"line":56,"column":8},"end":{"line":59,"column":21}},"15":{"start":{"line":57,"column":10},"end":{"line":59,"column":21}},"16":{"start":{"line":58,"column":24},"end":{"line":58,"column":41}},"17":{"start":{"line":64,"column":23},"end":{"line":68,"column":14}},"18":{"start":{"line":65,"column":4},"end":{"line":65,"column":26}},"19":{"start":{"line":67,"column":4},"end":{"line":67,"column":13}},"20":{"start":{"line":70,"column":2},"end":{"line":78,"column":36}},"21":{"start":{"line":71,"column":4},"end":{"line":73,"column":7}},"22":{"start":{"line":72,"column":6},"end":{"line":72,"column":28}},"23":{"start":{"line":75,"column":4},"end":{"line":77,"column":6}},"24":{"start":{"line":76,"column":6},"end":{"line":76,"column":39}},"25":{"start":{"line":80,"column":23},"end":{"line":108,"column":3}},"26":{"start":{"line":82,"column":6},"end":{"line":105,"column":7}},"27":{"start":{"line":83,"column":8},"end":{"line":83,"column":39}},"28":{"start":{"line":85,"column":23},"end":{"line":90,"column":10}},"29":{"start":{"line":92,"column":8},"end":{"line":92,"column":59}},"30":{"start":{"line":94,"column":8},"end":{"line":94,"column":63}},"31":{"start":{"line":96,"column":8},"end":{"line":102,"column":9}},"32":{"start":{"line":97,"column":25},"end":{"line":97,"column":49}},"33":{"start":{"line":99,"column":10},"end":{"line":99,"column":45}},"34":{"start":{"line":101,"column":10},"end":{"line":101,"column":17}},"35":{"start":{"line":104,"column":8},"end":{"line":104,"column":72}},"36":{"start":{"line":110,"column":2},"end":{"line":157,"column":4}},"37":{"start":{"line":131,"column":37},"end":{"line":131,"column":70}},"38":{"start":{"line":140,"column":37},"end":{"line":140,"column":66}},"39":{"start":{"line":148,"column":27},"end":{"line":148,"column":56}}},"fnMap":{"0":{"name":"(anonymous_0)","decl":{"start":{"line":36,"column":25},"end":{"line":36,"column":26}},"loc":{"start":{"line":36,"column":31},"end":{"line":158,"column":1}},"line":36},"1":{"name":"(anonymous_1)","decl":{"start":{"line":47,"column":12},"end":{"line":47,"column":13}},"loc":{"start":{"line":47,"column":18},"end":{"line":51,"column":3}},"line":47},"2":{"name":"(anonymous_2)","decl":{"start":{"line":48,"column":44},"end":{"line":48,"column":45}},"loc":{"start":{"line":49,"column":6},"end":{"line":49,"column":60}},"line":49},"3":{"name":"(anonymous_3)","decl":{"start":{"line":53,"column":12},"end":{"line":53,"column":13}},"loc":{"start":{"line":53,"column":18},"end":{"line":62,"column":3}},"line":53},"4":{"name":"(anonymous_4)","decl":{"start":{"line":54,"column":25},"end":{"line":54,"column":26}},"loc":{"start":{"line":54,"column":31},"end":{"line":61,"column":5}},"line":54},"5":{"name":"(anonymous_5)","decl":{"start":{"line":55,"column":33},"end":{"line":55,"column":34}},"loc":{"start":{"line":55,"column":39},"end":{"line":60,"column":7}},"line":55},"6":{"name":"(anonymous_6)","decl":{"start":{"line":58,"column":18},"end":{"line":58,"column":19}},"loc":{"start":{"line":58,"column":24},"end":{"line":58,"column":41}},"line":58},"7":{"name":"(anonymous_7)","decl":{"start":{"line":64,"column":35},"end":{"line":64,"column":36}},"loc":{"start":{"line":64,"column":41},"end":{"line":68,"column":3}},"line":64},"8":{"name":"(anonymous_8)","decl":{"start":{"line":70,"column":12},"end":{"line":70,"column":13}},"loc":{"start":{"line":70,"column":18},"end":{"line":78,"column":3}},"line":70},"9":{"name":"(anonymous_9)","decl":{"start":{"line":71,"column":24},"end":{"line":71,"column":25}},"loc":{"start":{"line":71,"column":30},"end":{"line":73,"column":5}},"line":71},"10":{"name":"(anonymous_10)","decl":{"start":{"line":75,"column":11},"end":{"line":75,"column":12}},"loc":{"start":{"line":75,"column":17},"end":{"line":77,"column":5}},"line":75},"11":{"name":"(anonymous_11)","decl":{"start":{"line":76,"column":29},"end":{"line":76,"column":30}},"loc":{"start":{"line":76,"column":35},"end":{"line":76,"column":37}},"line":76},"12":{"name":"(anonymous_12)","decl":{"start":{"line":81,"column":4},"end":{"line":81,"column":5}},"loc":{"start":{"line":81,"column":36},"end":{"line":106,"column":5}},"line":81},"13":{"name":"(anonymous_13)","decl":{"start":{"line":131,"column":31},"end":{"line":131,"column":32}},"loc":{"start":{"line":131,"column":37},"end":{"line":131,"column":70}},"line":131},"14":{"name":"(anonymous_14)","decl":{"start":{"line":140,"column":31},"end":{"line":140,"column":32}},"loc":{"start":{"line":140,"column":37},"end":{"line":140,"column":66}},"line":140},"15":{"name":"(anonymous_15)","decl":{"start":{"line":148,"column":21},"end":{"line":148,"column":22}},"loc":{"start":{"line":148,"column":27},"end":{"line":148,"column":56}},"line":148}},"branchMap":{"0":{"loc":{"start":{"line":56,"column":8},"end":{"line":59,"column":21}},"type":"if","locations":[{"start":{"line":56,"column":8},"end":{"line":59,"column":21}},{"start":{"line":56,"column":8},"end":{"line":59,"column":21}}],"line":56},"1":{"loc":{"start":{"line":96,"column":8},"end":{"line":102,"column":9}},"type":"if","locations":[{"start":{"line":96,"column":8},"end":{"line":102,"column":9}},{"start":{"line":96,"column":8},"end":{"line":102,"column":9}}],"line":96}},"s":{"0":1,"1":6,"2":6,"3":6,"4":6,"5":6,"6":6,"7":6,"8":6,"9":6,"10":0,"11":6,"12":6,"13":1,"14":0,"15":0,"16":0,"17":6,"18":1,"19":1,"20":6,"21":6,"22":1,"23":6,"24":6,"25":6,"26":3,"27":3,"28":3,"29":3,"30":2,"31":2,"32":1,"33":1,"34":1,"35":1,"36":6,"37":0,"38":0,"39":3},"f":{"0":6,"1":6,"2":0,"3":6,"4":1,"5":0,"6":0,"7":1,"8":6,"9":1,"10":6,"11":1,"12":3,"13":0,"14":0,"15":3},"b":{"0":[0,0],"1":[1,1]},"_coverageSchema":"43e27e138ebf9cfc5966b082cf9a028302ed4184","hash":"893ee14ae6b161b9ebb78aecb48b8ab9fd39e300"}
,"C:\\Users\\Marcelo\\Desktop\\waller3.0\\waller\\src\\pages\\Auth\\SignUp\\index.tsx": {"path":"C:\\Users\\Marcelo\\Desktop\\waller3.0\\waller\\src\\pages\\Auth\\SignUp\\index.tsx","statementMap":{"0":{"start":{"line":33,"column":25},"end":{"line":144,"column":1}},"1":{"start":{"line":34,"column":18},"end":{"line":34,"column":43}},"2":{"start":{"line":35,"column":24},"end":{"line":35,"column":47}},"3":{"start":{"line":36,"column":27},"end":{"line":36,"column":50}},"4":{"start":{"line":37,"column":24},"end":{"line":37,"column":48}},"5":{"start":{"line":39,"column":31},"end":{"line":39,"column":46}},"6":{"start":{"line":41,"column":2},"end":{"line":41,"column":32}},"7":{"start":{"line":43,"column":2},"end":{"line":47,"column":9}},"8":{"start":{"line":44,"column":4},"end":{"line":46,"column":6}},"9":{"start":{"line":45,"column":6},"end":{"line":45,"column":60}},"10":{"start":{"line":49,"column":23},"end":{"line":84,"column":3}},"11":{"start":{"line":51,"column":6},"end":{"line":81,"column":7}},"12":{"start":{"line":52,"column":8},"end":{"line":52,"column":39}},"13":{"start":{"line":54,"column":23},"end":{"line":62,"column":10}},"14":{"start":{"line":64,"column":8},"end":{"line":64,"column":59}},"15":{"start":{"line":66,"column":8},"end":{"line":66,"column":38}},"16":{"start":{"line":68,"column":8},"end":{"line":68,"column":70}},"17":{"start":{"line":70,"column":8},"end":{"line":70,"column":27}},"18":{"start":{"line":72,"column":8},"end":{"line":78,"column":9}},"19":{"start":{"line":73,"column":25},"end":{"line":73,"column":49}},"20":{"start":{"line":75,"column":10},"end":{"line":75,"column":45}},"21":{"start":{"line":77,"column":10},"end":{"line":77,"column":17}},"22":{"start":{"line":80,"column":8},"end":{"line":80,"column":66}},"23":{"start":{"line":86,"column":2},"end":{"line":143,"column":4}},"24":{"start":{"line":90,"column":54},"end":{"line":90,"column":62}},"25":{"start":{"line":106,"column":37},"end":{"line":106,"column":67}},"26":{"start":{"line":117,"column":37},"end":{"line":117,"column":70}},"27":{"start":{"line":126,"column":37},"end":{"line":126,"column":66}},"28":{"start":{"line":134,"column":27},"end":{"line":134,"column":56}}},"fnMap":{"0":{"name":"(anonymous_0)","decl":{"start":{"line":33,"column":25},"end":{"line":33,"column":26}},"loc":{"start":{"line":33,"column":31},"end":{"line":144,"column":1}},"line":33},"1":{"name":"(anonymous_1)","decl":{"start":{"line":43,"column":12},"end":{"line":43,"column":13}},"loc":{"start":{"line":43,"column":18},"end":{"line":47,"column":3}},"line":43},"2":{"name":"(anonymous_2)","decl":{"start":{"line":44,"column":44},"end":{"line":44,"column":45}},"loc":{"start":{"line":45,"column":6},"end":{"line":45,"column":60}},"line":45},"3":{"name":"(anonymous_3)","decl":{"start":{"line":50,"column":4},"end":{"line":50,"column":5}},"loc":{"start":{"line":50,"column":36},"end":{"line":82,"column":5}},"line":50},"4":{"name":"(anonymous_4)","decl":{"start":{"line":90,"column":48},"end":{"line":90,"column":49}},"loc":{"start":{"line":90,"column":54},"end":{"line":90,"column":62}},"line":90},"5":{"name":"(anonymous_5)","decl":{"start":{"line":106,"column":31},"end":{"line":106,"column":32}},"loc":{"start":{"line":106,"column":37},"end":{"line":106,"column":67}},"line":106},"6":{"name":"(anonymous_6)","decl":{"start":{"line":117,"column":31},"end":{"line":117,"column":32}},"loc":{"start":{"line":117,"column":37},"end":{"line":117,"column":70}},"line":117},"7":{"name":"(anonymous_7)","decl":{"start":{"line":126,"column":31},"end":{"line":126,"column":32}},"loc":{"start":{"line":126,"column":37},"end":{"line":126,"column":66}},"line":126},"8":{"name":"(anonymous_8)","decl":{"start":{"line":134,"column":21},"end":{"line":134,"column":22}},"loc":{"start":{"line":134,"column":27},"end":{"line":134,"column":56}},"line":134}},"branchMap":{"0":{"loc":{"start":{"line":72,"column":8},"end":{"line":78,"column":9}},"type":"if","locations":[{"start":{"line":72,"column":8},"end":{"line":78,"column":9}},{"start":{"line":72,"column":8},"end":{"line":78,"column":9}}],"line":72}},"s":{"0":1,"1":5,"2":5,"3":5,"4":5,"5":5,"6":5,"7":5,"8":5,"9":0,"10":5,"11":3,"12":3,"13":3,"14":3,"15":2,"16":1,"17":1,"18":2,"19":1,"20":1,"21":1,"22":1,"23":5,"24":1,"25":0,"26":0,"27":0,"28":3},"f":{"0":5,"1":5,"2":0,"3":3,"4":1,"5":0,"6":0,"7":0,"8":3},"b":{"0":[1,1]},"_coverageSchema":"43e27e138ebf9cfc5966b082cf9a028302ed4184","hash":"b57b99346a50bd151e18da20636564f2be7fb921"}
,"C:\\Users\\Marcelo\\Desktop\\waller3.0\\waller\\src\\pages\\Config\\index.tsx": {"path":"C:\\Users\\Marcelo\\Desktop\\waller3.0\\waller\\src\\pages\\Config\\index.tsx","statementMap":{"0":{"start":{"line":22,"column":25},"end":{"line":112,"column":1}},"1":{"start":{"line":23,"column":22},"end":{"line":23,"column":31}},"2":{"start":{"line":24,"column":67},"end":{"line":24,"column":78}},"3":{"start":{"line":25,"column":21},"end":{"line":25,"column":36}},"4":{"start":{"line":27,"column":18},"end":{"line":27,"column":39}},"5":{"start":{"line":28,"column":23},"end":{"line":28,"column":61}},"6":{"start":{"line":30,"column":24},"end":{"line":49,"column":8}},"7":{"start":{"line":31,"column":4},"end":{"line":31,"column":24}},"8":{"start":{"line":32,"column":4},"end":{"line":32,"column":44}},"9":{"start":{"line":34,"column":4},"end":{"line":47,"column":15}},"10":{"start":{"line":51,"column":2},"end":{"line":51,"column":32}},"11":{"start":{"line":53,"column":2},"end":{"line":111,"column":4}}},"fnMap":{"0":{"name":"(anonymous_0)","decl":{"start":{"line":22,"column":25},"end":{"line":22,"column":26}},"loc":{"start":{"line":22,"column":31},"end":{"line":112,"column":1}},"line":22},"1":{"name":"(anonymous_1)","decl":{"start":{"line":30,"column":36},"end":{"line":30,"column":37}},"loc":{"start":{"line":30,"column":42},"end":{"line":49,"column":3}},"line":30}},"branchMap":{"0":{"loc":{"start":{"line":71,"column":13},"end":{"line":85,"column":13}},"type":"cond-expr","locations":[{"start":{"line":72,"column":14},"end":{"line":77,"column":16}},{"start":{"line":79,"column":14},"end":{"line":84,"column":16}}],"line":71},"1":{"loc":{"start":{"line":96,"column":21},"end":{"line":96,"column":71}},"type":"cond-expr","locations":[{"start":{"line":96,"column":35},"end":{"line":96,"column":47}},{"start":{"line":96,"column":50},"end":{"line":96,"column":71}}],"line":96}},"s":{"0":1,"1":2,"2":2,"3":2,"4":2,"5":2,"6":2,"7":1,"8":1,"9":1,"10":2,"11":2},"f":{"0":2,"1":1},"b":{"0":[1,1],"1":[1,1]},"_coverageSchema":"43e27e138ebf9cfc5966b082cf9a028302ed4184","hash":"fcdf97269c8cf3dcc0d898fe76c3d2d4c6962e81"}
,"C:\\Users\\Marcelo\\Desktop\\waller3.0\\waller\\src\\pages\\Config\\CheckBox\\index.tsx": {"path":"C:\\Users\\Marcelo\\Desktop\\waller3.0\\waller\\src\\pages\\Config\\CheckBox\\index.tsx","statementMap":{"0":{"start":{"line":15,"column":42},"end":{"line":58,"column":1}},"1":{"start":{"line":16,"column":44},"end":{"line":16,"column":62}},"2":{"start":{"line":18,"column":21},"end":{"line":18,"column":52}},"3":{"start":{"line":20,"column":18},"end":{"line":34,"column":31}},"4":{"start":{"line":21,"column":4},"end":{"line":33,"column":5}},"5":{"start":{"line":22,"column":6},"end":{"line":26,"column":17}},"6":{"start":{"line":28,"column":6},"end":{"line":32,"column":17}},"7":{"start":{"line":36,"column":2},"end":{"line":36,"column":40}},"8":{"start":{"line":36,"column":18},"end":{"line":36,"column":27}},"9":{"start":{"line":38,"column":18},"end":{"line":44,"column":40}},"10":{"start":{"line":39,"column":4},"end":{"line":39,"column":14}},"11":{"start":{"line":41,"column":4},"end":{"line":41,"column":29}},"12":{"start":{"line":43,"column":4},"end":{"line":43,"column":37}},"13":{"start":{"line":46,"column":2},"end":{"line":57,"column":4}}},"fnMap":{"0":{"name":"(anonymous_0)","decl":{"start":{"line":15,"column":42},"end":{"line":15,"column":43}},"loc":{"start":{"line":15,"column":79},"end":{"line":58,"column":1}},"line":15},"1":{"name":"(anonymous_1)","decl":{"start":{"line":20,"column":30},"end":{"line":20,"column":31}},"loc":{"start":{"line":20,"column":36},"end":{"line":34,"column":3}},"line":20},"2":{"name":"(anonymous_2)","decl":{"start":{"line":36,"column":12},"end":{"line":36,"column":13}},"loc":{"start":{"line":36,"column":18},"end":{"line":36,"column":27}},"line":36},"3":{"name":"(anonymous_3)","decl":{"start":{"line":38,"column":30},"end":{"line":38,"column":31}},"loc":{"start":{"line":38,"column":36},"end":{"line":44,"column":3}},"line":38}},"branchMap":{"0":{"loc":{"start":{"line":21,"column":4},"end":{"line":33,"column":5}},"type":"if","locations":[{"start":{"line":21,"column":4},"end":{"line":33,"column":5}},{"start":{"line":21,"column":4},"end":{"line":33,"column":5}}],"line":21}},"s":{"0":2,"1":8,"2":8,"3":8,"4":9,"5":5,"6":4,"7":8,"8":6,"9":8,"10":3,"11":3,"12":3,"13":8},"f":{"0":8,"1":9,"2":6,"3":3},"b":{"0":[5,4]},"_coverageSchema":"43e27e138ebf9cfc5966b082cf9a028302ed4184","hash":"898fad03aeaae2cf1987935724b7587df5952d44"}
,"C:\\Users\\Marcelo\\Desktop\\waller3.0\\waller\\src\\pages\\Dashboard\\index.tsx": {"path":"C:\\Users\\Marcelo\\Desktop\\waller3.0\\waller\\src\\pages\\Dashboard\\index.tsx","statementMap":{"0":{"start":{"line":21,"column":28},"end":{"line":139,"column":1}},"1":{"start":{"line":22,"column":19},"end":{"line":22,"column":28}},"2":{"start":{"line":24,"column":23},"end":{"line":24,"column":38}},"3":{"start":{"line":26,"column":2},"end":{"line":26,"column":32}},"4":{"start":{"line":28,"column":33},"end":{"line":28,"column":78}},"5":{"start":{"line":30,"column":28},"end":{"line":36,"column":3}},"6":{"start":{"line":31,"column":11},"end":{"line":34,"column":5}},"7":{"start":{"line":38,"column":19},"end":{"line":44,"column":8}},"8":{"start":{"line":39,"column":20},"end":{"line":39,"column":51}},"9":{"start":{"line":41,"column":4},"end":{"line":41,"column":57}},"10":{"start":{"line":41,"column":37},"end":{"line":41,"column":57}},"11":{"start":{"line":42,"column":4},"end":{"line":42,"column":46}},"12":{"start":{"line":42,"column":22},"end":{"line":42,"column":46}},"13":{"start":{"line":43,"column":4},"end":{"line":43,"column":26}},"14":{"start":{"line":46,"column":56},"end":{"line":54,"column":3}},"15":{"start":{"line":47,"column":11},"end":{"line":52,"column":5}},"16":{"start":{"line":56,"column":18},"end":{"line":68,"column":21}},"17":{"start":{"line":57,"column":4},"end":{"line":57,"column":37}},"18":{"start":{"line":57,"column":27},"end":{"line":57,"column":37}},"19":{"start":{"line":59,"column":4},"end":{"line":67,"column":10}},"20":{"start":{"line":60,"column":23},"end":{"line":60,"column":41}},"21":{"start":{"line":61,"column":29},"end":{"line":67,"column":7}},"22":{"start":{"line":70,"column":2},"end":{"line":138,"column":4}},"23":{"start":{"line":77,"column":57},"end":{"line":77,"column":75}},"24":{"start":{"line":125,"column":27},"end":{"line":125,"column":33}}},"fnMap":{"0":{"name":"(anonymous_0)","decl":{"start":{"line":21,"column":28},"end":{"line":21,"column":29}},"loc":{"start":{"line":21,"column":34},"end":{"line":139,"column":1}},"line":21},"1":{"name":"(anonymous_1)","decl":{"start":{"line":31,"column":4},"end":{"line":31,"column":5}},"loc":{"start":{"line":31,"column":11},"end":{"line":34,"column":5}},"line":31},"2":{"name":"(anonymous_2)","decl":{"start":{"line":38,"column":31},"end":{"line":38,"column":32}},"loc":{"start":{"line":38,"column":37},"end":{"line":44,"column":3}},"line":38},"3":{"name":"(anonymous_3)","decl":{"start":{"line":47,"column":4},"end":{"line":47,"column":5}},"loc":{"start":{"line":47,"column":11},"end":{"line":52,"column":5}},"line":47},"4":{"name":"(anonymous_4)","decl":{"start":{"line":56,"column":26},"end":{"line":56,"column":27}},"loc":{"start":{"line":56,"column":32},"end":{"line":68,"column":3}},"line":56},"5":{"name":"(anonymous_5)","decl":{"start":{"line":60,"column":14},"end":{"line":60,"column":15}},"loc":{"start":{"line":60,"column":23},"end":{"line":60,"column":41}},"line":60},"6":{"name":"(anonymous_6)","decl":{"start":{"line":61,"column":11},"end":{"line":61,"column":12}},"loc":{"start":{"line":61,"column":29},"end":{"line":67,"column":7}},"line":61},"7":{"name":"(anonymous_7)","decl":{"start":{"line":77,"column":51},"end":{"line":77,"column":52}},"loc":{"start":{"line":77,"column":57},"end":{"line":77,"column":75}},"line":77},"8":{"name":"(anonymous_8)","decl":{"start":{"line":125,"column":21},"end":{"line":125,"column":22}},"loc":{"start":{"line":125,"column":27},"end":{"line":125,"column":33}},"line":125}},"branchMap":{"0":{"loc":{"start":{"line":41,"column":4},"end":{"line":41,"column":57}},"type":"if","locations":[{"start":{"line":41,"column":4},"end":{"line":41,"column":57}},{"start":{"line":41,"column":4},"end":{"line":41,"column":57}}],"line":41},"1":{"loc":{"start":{"line":41,"column":8},"end":{"line":41,"column":35}},"type":"binary-expr","locations":[{"start":{"line":41,"column":8},"end":{"line":41,"column":20}},{"start":{"line":41,"column":24},"end":{"line":41,"column":35}}],"line":41},"2":{"loc":{"start":{"line":42,"column":4},"end":{"line":42,"column":46}},"type":"if","locations":[{"start":{"line":42,"column":4},"end":{"line":42,"column":46}},{"start":{"line":42,"column":4},"end":{"line":42,"column":46}}],"line":42},"3":{"loc":{"start":{"line":48,"column":18},"end":{"line":48,"column":62}},"type":"binary-expr","locations":[{"start":{"line":48,"column":18},"end":{"line":48,"column":49}},{"start":{"line":48,"column":53},"end":{"line":48,"column":62}}],"line":48},"4":{"loc":{"start":{"line":49,"column":20},"end":{"line":49,"column":66}},"type":"binary-expr","locations":[{"start":{"line":49,"column":20},"end":{"line":49,"column":53}},{"start":{"line":49,"column":57},"end":{"line":49,"column":66}}],"line":49},"5":{"loc":{"start":{"line":50,"column":14},"end":{"line":50,"column":54}},"type":"binary-expr","locations":[{"start":{"line":50,"column":14},"end":{"line":50,"column":41}},{"start":{"line":50,"column":45},"end":{"line":50,"column":54}}],"line":50},"6":{"loc":{"start":{"line":51,"column":15},"end":{"line":51,"column":49}},"type":"binary-expr","locations":[{"start":{"line":51,"column":15},"end":{"line":51,"column":39}},{"start":{"line":51,"column":43},"end":{"line":51,"column":49}}],"line":51},"7":{"loc":{"start":{"line":57,"column":4},"end":{"line":57,"column":37}},"type":"if","locations":[{"start":{"line":57,"column":4},"end":{"line":57,"column":37}},{"start":{"line":57,"column":4},"end":{"line":57,"column":37}}],"line":57},"8":{"loc":{"start":{"line":57,"column":8},"end":{"line":57,"column":25}},"type":"binary-expr","locations":[{"start":{"line":57,"column":8},"end":{"line":57,"column":14}},{"start":{"line":57,"column":18},"end":{"line":57,"column":25}}],"line":57},"9":{"loc":{"start":{"line":111,"column":9},"end":{"line":135,"column":9}},"type":"cond-expr","locations":[{"start":{"line":112,"column":10},"end":{"line":118,"column":13}},{"start":{"line":120,"column":10},"end":{"line":134,"column":12}}],"line":111},"10":{"loc":{"start":{"line":113,"column":13},"end":{"line":117,"column":13}},"type":"cond-expr","locations":[{"start":{"line":114,"column":14},"end":{"line":114,"column":36}},{"start":{"line":116,"column":14},"end":{"line":116,"column":49}}],"line":113}},"s":{"0":1,"1":12,"2":12,"3":12,"4":12,"5":12,"6":5,"7":12,"8":12,"9":12,"10":6,"11":6,"12":3,"13":3,"14":12,"15":5,"16":12,"17":5,"18":1,"19":4,"20":24,"21":24,"22":12,"23":1,"24":12},"f":{"0":12,"1":5,"2":12,"3":5,"4":5,"5":24,"6":24,"7":1,"8":12},"b":{"0":[6,6],"1":[12,6],"2":[3,3],"3":[5,1],"4":[5,1],"5":[5,5],"6":[5,1],"7":[1,4],"8":[5,4],"9":[0,12],"10":[0,0]},"_coverageSchema":"43e27e138ebf9cfc5966b082cf9a028302ed4184","hash":"d3c2ba7105400061ec41f122c24e956da609e5b7"}
,"C:\\Users\\Marcelo\\Desktop\\waller3.0\\waller\\src\\pages\\Dashboard\\Card\\index.tsx": {"path":"C:\\Users\\Marcelo\\Desktop\\waller3.0\\waller\\src\\pages\\Dashboard\\Card\\index.tsx","statementMap":{"0":{"start":{"line":16,"column":34},"end":{"line":37,"column":1}},"1":{"start":{"line":17,"column":2},"end":{"line":36,"column":4}}},"fnMap":{"0":{"name":"(anonymous_0)","decl":{"start":{"line":16,"column":34},"end":{"line":16,"column":35}},"loc":{"start":{"line":16,"column":74},"end":{"line":37,"column":1}},"line":16}},"branchMap":{"0":{"loc":{"start":{"line":21,"column":7},"end":{"line":34,"column":7}},"type":"cond-expr","locations":[{"start":{"line":22,"column":8},"end":{"line":22,"column":41}},{"start":{"line":24,"column":8},"end":{"line":33,"column":22}}],"line":21}},"s":{"0":1,"1":48},"f":{"0":48},"b":{"0":[16,32]},"_coverageSchema":"43e27e138ebf9cfc5966b082cf9a028302ed4184","hash":"fc1862962244b2b0c2ce6b9b5e97ec9ee91084de"}
,"C:\\Users\\Marcelo\\Desktop\\waller3.0\\waller\\src\\pages\\Dividends\\index.tsx": {"path":"C:\\Users\\Marcelo\\Desktop\\waller3.0\\waller\\src\\pages\\Dividends\\index.tsx","statementMap":{"0":{"start":{"line":32,"column":28},"end":{"line":217,"column":1}},"1":{"start":{"line":33,"column":28},"end":{"line":33,"column":40}},"2":{"start":{"line":34,"column":30},"end":{"line":34,"column":42}},"3":{"start":{"line":35,"column":40},"end":{"line":35,"column":62}},"4":{"start":{"line":36,"column":44},"end":{"line":36,"column":73}},"5":{"start":{"line":37,"column":27},"end":{"line":37,"column":61}},"6":{"start":{"line":39,"column":33},"end":{"line":41,"column":3}},"7":{"start":{"line":42,"column":63},"end":{"line":44,"column":24}},"8":{"start":{"line":46,"column":20},"end":{"line":70,"column":15}},"9":{"start":{"line":47,"column":29},"end":{"line":47,"column":31}},"10":{"start":{"line":48,"column":21},"end":{"line":48,"column":23}},"11":{"start":{"line":50,"column":29},"end":{"line":54,"column":5}},"12":{"start":{"line":52,"column":19},"end":{"line":52,"column":33}},"13":{"start":{"line":56,"column":4},"end":{"line":63,"column":9}},"14":{"start":{"line":57,"column":35},"end":{"line":57,"column":60}},"15":{"start":{"line":59,"column":8},"end":{"line":61,"column":10}},"16":{"start":{"line":62,"column":8},"end":{"line":62,"column":40}},"17":{"start":{"line":65,"column":4},"end":{"line":65,"column":27}},"18":{"start":{"line":67,"column":4},"end":{"line":67,"column":27}},"19":{"start":{"line":69,"column":4},"end":{"line":69,"column":32}},"20":{"start":{"line":72,"column":25},"end":{"line":98,"column":3}},"21":{"start":{"line":74,"column":24},"end":{"line":77,"column":7}},"22":{"start":{"line":76,"column":10},"end":{"line":76,"column":73}},"23":{"start":{"line":79,"column":6},"end":{"line":95,"column":7}},"24":{"start":{"line":81,"column":10},"end":{"line":82,"column":44}},"25":{"start":{"line":84,"column":8},"end":{"line":88,"column":10}},"26":{"start":{"line":90,"column":8},"end":{"line":94,"column":11}},"27":{"start":{"line":100,"column":2},"end":{"line":112,"column":40}},"28":{"start":{"line":101,"column":29},"end":{"line":103,"column":5}},"29":{"start":{"line":102,"column":11},"end":{"line":102,"column":72}},"30":{"start":{"line":105,"column":45},"end":{"line":105,"column":47}},"31":{"start":{"line":107,"column":4},"end":{"line":109,"column":7}},"32":{"start":{"line":108,"column":6},"end":{"line":108,"column":48}},"33":{"start":{"line":111,"column":4},"end":{"line":111,"column":38}},"34":{"start":{"line":114,"column":28},"end":{"line":124,"column":28}},"35":{"start":{"line":115,"column":45},"end":{"line":115,"column":47}},"36":{"start":{"line":117,"column":4},"end":{"line":119,"column":7}},"37":{"start":{"line":118,"column":6},"end":{"line":118,"column":48}},"38":{"start":{"line":121,"column":4},"end":{"line":121,"column":38}},"39":{"start":{"line":122,"column":4},"end":{"line":122,"column":37}},"40":{"start":{"line":123,"column":4},"end":{"line":123,"column":42}},"41":{"start":{"line":126,"column":26},"end":{"line":138,"column":31}},"42":{"start":{"line":127,"column":45},"end":{"line":127,"column":47}},"43":{"start":{"line":129,"column":4},"end":{"line":133,"column":7}},"44":{"start":{"line":130,"column":6},"end":{"line":132,"column":9}},"45":{"start":{"line":131,"column":8},"end":{"line":131,"column":50}},"46":{"start":{"line":135,"column":4},"end":{"line":135,"column":38}},"47":{"start":{"line":136,"column":4},"end":{"line":136,"column":35}},"48":{"start":{"line":137,"column":4},"end":{"line":137,"column":42}},"49":{"start":{"line":140,"column":28},"end":{"line":147,"column":3}},"50":{"start":{"line":142,"column":6},"end":{"line":142,"column":36}},"51":{"start":{"line":143,"column":6},"end":{"line":143,"column":50}},"52":{"start":{"line":144,"column":6},"end":{"line":144,"column":44}},"53":{"start":{"line":149,"column":2},"end":{"line":149,"column":32}},"54":{"start":{"line":151,"column":2},"end":{"line":155,"column":26}},"55":{"start":{"line":152,"column":4},"end":{"line":154,"column":5}},"56":{"start":{"line":153,"column":6},"end":{"line":153,"column":50}},"57":{"start":{"line":153,"column":23},"end":{"line":153,"column":43}},"58":{"start":{"line":157,"column":2},"end":{"line":216,"column":4}},"59":{"start":{"line":203,"column":27},"end":{"line":203,"column":41}}},"fnMap":{"0":{"name":"(anonymous_0)","decl":{"start":{"line":32,"column":28},"end":{"line":32,"column":29}},"loc":{"start":{"line":32,"column":34},"end":{"line":217,"column":1}},"line":32},"1":{"name":"(anonymous_1)","decl":{"start":{"line":46,"column":28},"end":{"line":46,"column":29}},"loc":{"start":{"line":46,"column":34},"end":{"line":70,"column":3}},"line":46},"2":{"name":"(anonymous_2)","decl":{"start":{"line":52,"column":13},"end":{"line":52,"column":14}},"loc":{"start":{"line":52,"column":19},"end":{"line":52,"column":33}},"line":52},"3":{"name":"(anonymous_3)","decl":{"start":{"line":57,"column":14},"end":{"line":57,"column":15}},"loc":{"start":{"line":57,"column":35},"end":{"line":57,"column":60}},"line":57},"4":{"name":"(anonymous_4)","decl":{"start":{"line":58,"column":15},"end":{"line":58,"column":16}},"loc":{"start":{"line":58,"column":25},"end":{"line":63,"column":7}},"line":58},"5":{"name":"(anonymous_5)","decl":{"start":{"line":73,"column":4},"end":{"line":73,"column":5}},"loc":{"start":{"line":73,"column":63},"end":{"line":96,"column":5}},"line":73},"6":{"name":"(anonymous_6)","decl":{"start":{"line":75,"column":8},"end":{"line":75,"column":9}},"loc":{"start":{"line":76,"column":10},"end":{"line":76,"column":73}},"line":76},"7":{"name":"(anonymous_7)","decl":{"start":{"line":100,"column":12},"end":{"line":100,"column":13}},"loc":{"start":{"line":100,"column":18},"end":{"line":112,"column":3}},"line":100},"8":{"name":"(anonymous_8)","decl":{"start":{"line":102,"column":6},"end":{"line":102,"column":7}},"loc":{"start":{"line":102,"column":11},"end":{"line":102,"column":72}},"line":102},"9":{"name":"(anonymous_9)","decl":{"start":{"line":107,"column":40},"end":{"line":107,"column":41}},"loc":{"start":{"line":107,"column":52},"end":{"line":109,"column":5}},"line":107},"10":{"name":"(anonymous_10)","decl":{"start":{"line":114,"column":40},"end":{"line":114,"column":41}},"loc":{"start":{"line":114,"column":46},"end":{"line":124,"column":3}},"line":114},"11":{"name":"(anonymous_11)","decl":{"start":{"line":117,"column":28},"end":{"line":117,"column":29}},"loc":{"start":{"line":117,"column":40},"end":{"line":119,"column":5}},"line":117},"12":{"name":"(anonymous_12)","decl":{"start":{"line":126,"column":38},"end":{"line":126,"column":39}},"loc":{"start":{"line":126,"column":44},"end":{"line":138,"column":3}},"line":126},"13":{"name":"(anonymous_13)","decl":{"start":{"line":129,"column":31},"end":{"line":129,"column":32}},"loc":{"start":{"line":129,"column":41},"end":{"line":133,"column":5}},"line":129},"14":{"name":"(anonymous_14)","decl":{"start":{"line":130,"column":31},"end":{"line":130,"column":32}},"loc":{"start":{"line":130,"column":43},"end":{"line":132,"column":7}},"line":130},"15":{"name":"(anonymous_15)","decl":{"start":{"line":141,"column":4},"end":{"line":141,"column":5}},"loc":{"start":{"line":141,"column":19},"end":{"line":145,"column":5}},"line":141},"16":{"name":"(anonymous_16)","decl":{"start":{"line":151,"column":12},"end":{"line":151,"column":13}},"loc":{"start":{"line":151,"column":18},"end":{"line":155,"column":3}},"line":151},"17":{"name":"(anonymous_17)","decl":{"start":{"line":153,"column":17},"end":{"line":153,"column":18}},"loc":{"start":{"line":153,"column":23},"end":{"line":153,"column":43}},"line":153},"18":{"name":"(anonymous_18)","decl":{"start":{"line":203,"column":21},"end":{"line":203,"column":22}},"loc":{"start":{"line":203,"column":27},"end":{"line":203,"column":41}},"line":203}},"branchMap":{"0":{"loc":{"start":{"line":76,"column":10},"end":{"line":76,"column":73}},"type":"binary-expr","locations":[{"start":{"line":76,"column":10},"end":{"line":76,"column":39}},{"start":{"line":76,"column":43},"end":{"line":76,"column":73}}],"line":76},"1":{"loc":{"start":{"line":79,"column":6},"end":{"line":95,"column":7}},"type":"if","locations":[{"start":{"line":79,"column":6},"end":{"line":95,"column":7}},{"start":{"line":79,"column":6},"end":{"line":95,"column":7}}],"line":79},"2":{"loc":{"start":{"line":152,"column":4},"end":{"line":154,"column":5}},"type":"if","locations":[{"start":{"line":152,"column":4},"end":{"line":154,"column":5}},{"start":{"line":152,"column":4},"end":{"line":154,"column":5}}],"line":152},"3":{"loc":{"start":{"line":183,"column":9},"end":{"line":213,"column":9}},"type":"cond-expr","locations":[{"start":{"line":184,"column":10},"end":{"line":184,"column":47}},{"start":{"line":186,"column":10},"end":{"line":212,"column":12}}],"line":183}},"s":{"0":1,"1":21,"2":21,"3":21,"4":21,"5":21,"6":21,"7":21,"8":21,"9":3,"10":3,"11":3,"12":14,"13":3,"14":1,"15":1,"16":1,"17":3,"18":3,"19":3,"20":21,"21":4,"22":2,"23":4,"24":2,"25":2,"26":2,"27":21,"28":5,"29":2,"30":5,"31":5,"32":0,"33":5,"34":21,"35":2,"36":2,"37":2,"38":2,"39":2,"40":2,"41":21,"42":1,"43":1,"44":1,"45":2,"46":1,"47":1,"48":1,"49":21,"50":3,"51":3,"52":3,"53":21,"54":21,"55":3,"56":3,"57":3,"58":21,"59":49},"f":{"0":21,"1":3,"2":14,"3":1,"4":1,"5":4,"6":2,"7":5,"8":2,"9":0,"10":2,"11":2,"12":1,"13":1,"14":2,"15":3,"16":3,"17":3,"18":49},"b":{"0":[2,2],"1":[2,2],"2":[3,0],"3":[12,9]},"_coverageSchema":"43e27e138ebf9cfc5966b082cf9a028302ed4184","hash":"5e23dc8f0a264b257c3ca7ef8ddbfd0915790409"}
,"C:\\Users\\Marcelo\\Desktop\\waller3.0\\waller\\src\\pages\\Dividends\\Card\\index.tsx": {"path":"C:\\Users\\Marcelo\\Desktop\\waller3.0\\waller\\src\\pages\\Dividends\\Card\\index.tsx","statementMap":{"0":{"start":{"line":18,"column":34},"end":{"line":36,"column":1}},"1":{"start":{"line":19,"column":23},"end":{"line":19,"column":65}},"2":{"start":{"line":19,"column":37},"end":{"line":19,"column":55}},"3":{"start":{"line":21,"column":2},"end":{"line":21,"column":32}},"4":{"start":{"line":23,"column":2},"end":{"line":35,"column":4}}},"fnMap":{"0":{"name":"(anonymous_0)","decl":{"start":{"line":18,"column":34},"end":{"line":18,"column":35}},"loc":{"start":{"line":18,"column":74},"end":{"line":36,"column":1}},"line":18},"1":{"name":"(anonymous_1)","decl":{"start":{"line":19,"column":31},"end":{"line":19,"column":32}},"loc":{"start":{"line":19,"column":37},"end":{"line":19,"column":55}},"line":19}},"branchMap":{"0":{"loc":{"start":{"line":28,"column":9},"end":{"line":32,"column":9}},"type":"cond-expr","locations":[{"start":{"line":29,"column":10},"end":{"line":29,"column":31}},{"start":{"line":31,"column":10},"end":{"line":31,"column":60}}],"line":28},"1":{"loc":{"start":{"line":31,"column":22},"end":{"line":31,"column":47}},"type":"binary-expr","locations":[{"start":{"line":31,"column":22},"end":{"line":31,"column":34}},{"start":{"line":31,"column":38},"end":{"line":31,"column":47}}],"line":31}},"s":{"0":1,"1":34,"2":6,"3":34,"4":34},"f":{"0":34,"1":6},"b":{"0":[6,28],"1":[28,13]},"_coverageSchema":"43e27e138ebf9cfc5966b082cf9a028302ed4184","hash":"48afcda1837cda797996d773e09ea87f0e3d66d9"}
,"C:\\Users\\Marcelo\\Desktop\\waller3.0\\waller\\src\\pages\\Dividends\\ListDividends\\index.tsx": {"path":"C:\\Users\\Marcelo\\Desktop\\waller3.0\\waller\\src\\pages\\Dividends\\ListDividends\\index.tsx","statementMap":{"0":{"start":{"line":49,"column":16},"end":{"line":54,"column":1}},"1":{"start":{"line":59,"column":4},"end":{"line":141,"column":1}},"2":{"start":{"line":60,"column":32},"end":{"line":60,"column":47}},"3":{"start":{"line":61,"column":32},"end":{"line":61,"column":48}},"4":{"start":{"line":62,"column":28},"end":{"line":62,"column":59}},"5":{"start":{"line":64,"column":18},"end":{"line":64,"column":57}},"6":{"start":{"line":66,"column":16},"end":{"line":73,"column":17}},"7":{"start":{"line":67,"column":27},"end":{"line":70,"column":5}},"8":{"start":{"line":68,"column":37},"end":{"line":68,"column":77}},"9":{"start":{"line":72,"column":4},"end":{"line":72,"column":39}},"10":{"start":{"line":75,"column":27},"end":{"line":94,"column":33}},"11":{"start":{"line":76,"column":30},"end":{"line":83,"column":7}},"12":{"start":{"line":76,"column":58},"end":{"line":83,"column":5}},"13":{"start":{"line":85,"column":27},"end":{"line":88,"column":5}},"14":{"start":{"line":90,"column":4},"end":{"line":93,"column":8}},"15":{"start":{"line":90,"column":43},"end":{"line":93,"column":5}},"16":{"start":{"line":96,"column":20},"end":{"line":96,"column":59}},"17":{"start":{"line":96,"column":38},"end":{"line":96,"column":54}},"18":{"start":{"line":98,"column":21},"end":{"line":98,"column":61}},"19":{"start":{"line":98,"column":39},"end":{"line":98,"column":56}},"20":{"start":{"line":100,"column":2},"end":{"line":100,"column":50}},"21":{"start":{"line":100,"column":34},"end":{"line":100,"column":47}},"22":{"start":{"line":102,"column":2},"end":{"line":140,"column":4}},"23":{"start":{"line":120,"column":34},"end":{"line":120,"column":41}},"24":{"start":{"line":122,"column":14},"end":{"line":129,"column":25}}},"fnMap":{"0":{"name":"(anonymous_0)","decl":{"start":{"line":59,"column":4},"end":{"line":59,"column":5}},"loc":{"start":{"line":59,"column":49},"end":{"line":141,"column":1}},"line":59},"1":{"name":"(anonymous_1)","decl":{"start":{"line":66,"column":24},"end":{"line":66,"column":25}},"loc":{"start":{"line":66,"column":30},"end":{"line":73,"column":3}},"line":66},"2":{"name":"(anonymous_2)","decl":{"start":{"line":68,"column":6},"end":{"line":68,"column":7}},"loc":{"start":{"line":68,"column":37},"end":{"line":68,"column":77}},"line":68},"3":{"name":"(anonymous_3)","decl":{"start":{"line":75,"column":35},"end":{"line":75,"column":36}},"loc":{"start":{"line":75,"column":41},"end":{"line":94,"column":3}},"line":75},"4":{"name":"(anonymous_4)","decl":{"start":{"line":76,"column":45},"end":{"line":76,"column":46}},"loc":{"start":{"line":76,"column":58},"end":{"line":83,"column":5}},"line":76},"5":{"name":"(anonymous_5)","decl":{"start":{"line":90,"column":30},"end":{"line":90,"column":31}},"loc":{"start":{"line":90,"column":43},"end":{"line":93,"column":5}},"line":90},"6":{"name":"(anonymous_6)","decl":{"start":{"line":96,"column":32},"end":{"line":96,"column":33}},"loc":{"start":{"line":96,"column":38},"end":{"line":96,"column":54}},"line":96},"7":{"name":"(anonymous_7)","decl":{"start":{"line":98,"column":33},"end":{"line":98,"column":34}},"loc":{"start":{"line":98,"column":39},"end":{"line":98,"column":56}},"line":98},"8":{"name":"(anonymous_8)","decl":{"start":{"line":100,"column":27},"end":{"line":100,"column":28}},"loc":{"start":{"line":100,"column":34},"end":{"line":100,"column":47}},"line":100},"9":{"name":"(anonymous_9)","decl":{"start":{"line":120,"column":26},"end":{"line":120,"column":27}},"loc":{"start":{"line":120,"column":34},"end":{"line":120,"column":41}},"line":120},"10":{"name":"(anonymous_10)","decl":{"start":{"line":121,"column":24},"end":{"line":121,"column":25}},"loc":{"start":{"line":122,"column":14},"end":{"line":129,"column":25}},"line":122}},"branchMap":{"0":{"loc":{"start":{"line":59,"column":7},"end":{"line":59,"column":26}},"type":"default-arg","locations":[{"start":{"line":59,"column":15},"end":{"line":59,"column":26}}],"line":59}},"s":{"0":1,"1":1,"2":20,"3":20,"4":20,"5":20,"6":20,"7":10,"8":2,"9":10,"10":20,"11":10,"12":2,"13":10,"14":10,"15":2,"16":20,"17":6,"18":20,"19":1,"20":20,"21":20,"22":20,"23":4,"24":4},"f":{"0":20,"1":10,"2":2,"3":10,"4":2,"5":2,"6":6,"7":1,"8":20,"9":4,"10":4},"b":{"0":[0]},"_coverageSchema":"43e27e138ebf9cfc5966b082cf9a028302ed4184","hash":"4e7cb7614131d085a2f81caa89e6741274fd234d"}
,"C:\\Users\\Marcelo\\Desktop\\waller3.0\\waller\\src\\pages\\ListActives\\index.tsx": {"path":"C:\\Users\\Marcelo\\Desktop\\waller3.0\\waller\\src\\pages\\ListActives\\index.tsx","statementMap":{"0":{"start":{"line":33,"column":30},"end":{"line":115,"column":1}},"1":{"start":{"line":34,"column":32},"end":{"line":34,"column":47}},"2":{"start":{"line":35,"column":44},"end":{"line":35,"column":59}},"3":{"start":{"line":36,"column":32},"end":{"line":36,"column":60}},"4":{"start":{"line":38,"column":25},"end":{"line":51,"column":3}},"5":{"start":{"line":40,"column":6},"end":{"line":49,"column":9}},"6":{"start":{"line":40,"column":37},"end":{"line":49,"column":7}},"7":{"start":{"line":53,"column":2},"end":{"line":60,"column":23}},"8":{"start":{"line":54,"column":4},"end":{"line":54,"column":21}},"9":{"start":{"line":56,"column":4},"end":{"line":59,"column":40}},"10":{"start":{"line":58,"column":24},"end":{"line":58,"column":73}},"11":{"start":{"line":59,"column":21},"end":{"line":59,"column":38}},"12":{"start":{"line":62,"column":29},"end":{"line":72,"column":22}},"13":{"start":{"line":63,"column":4},"end":{"line":63,"column":27}},"14":{"start":{"line":65,"column":4},"end":{"line":69,"column":14}},"15":{"start":{"line":66,"column":23},"end":{"line":66,"column":73}},"16":{"start":{"line":67,"column":28},"end":{"line":67,"column":65}},"17":{"start":{"line":68,"column":6},"end":{"line":68,"column":32}},"18":{"start":{"line":71,"column":4},"end":{"line":71,"column":28}},"19":{"start":{"line":74,"column":2},"end":{"line":114,"column":4}},"20":{"start":{"line":89,"column":32},"end":{"line":89,"column":39}},"21":{"start":{"line":94,"column":12},"end":{"line":109,"column":19}}},"fnMap":{"0":{"name":"(anonymous_0)","decl":{"start":{"line":33,"column":30},"end":{"line":33,"column":31}},"loc":{"start":{"line":33,"column":36},"end":{"line":115,"column":1}},"line":33},"1":{"name":"(anonymous_1)","decl":{"start":{"line":39,"column":4},"end":{"line":39,"column":5}},"loc":{"start":{"line":40,"column":6},"end":{"line":49,"column":9}},"line":40},"2":{"name":"(anonymous_2)","decl":{"start":{"line":40,"column":22},"end":{"line":40,"column":23}},"loc":{"start":{"line":40,"column":37},"end":{"line":49,"column":7}},"line":40},"3":{"name":"(anonymous_3)","decl":{"start":{"line":53,"column":12},"end":{"line":53,"column":13}},"loc":{"start":{"line":53,"column":18},"end":{"line":60,"column":3}},"line":53},"4":{"name":"(anonymous_4)","decl":{"start":{"line":58,"column":12},"end":{"line":58,"column":13}},"loc":{"start":{"line":58,"column":24},"end":{"line":58,"column":73}},"line":58},"5":{"name":"(anonymous_5)","decl":{"start":{"line":59,"column":15},"end":{"line":59,"column":16}},"loc":{"start":{"line":59,"column":21},"end":{"line":59,"column":38}},"line":59},"6":{"name":"(anonymous_6)","decl":{"start":{"line":62,"column":41},"end":{"line":62,"column":42}},"loc":{"start":{"line":62,"column":53},"end":{"line":72,"column":3}},"line":62},"7":{"name":"(anonymous_7)","decl":{"start":{"line":89,"column":24},"end":{"line":89,"column":25}},"loc":{"start":{"line":89,"column":32},"end":{"line":89,"column":39}},"line":89},"8":{"name":"(anonymous_8)","decl":{"start":{"line":93,"column":22},"end":{"line":93,"column":23}},"loc":{"start":{"line":94,"column":12},"end":{"line":109,"column":19}},"line":94}},"branchMap":{"0":{"loc":{"start":{"line":80,"column":7},"end":{"line":112,"column":7}},"type":"cond-expr","locations":[{"start":{"line":81,"column":8},"end":{"line":81,"column":30}},{"start":{"line":82,"column":10},"end":{"line":112,"column":7}}],"line":80},"1":{"loc":{"start":{"line":82,"column":10},"end":{"line":112,"column":7}},"type":"cond-expr","locations":[{"start":{"line":83,"column":8},"end":{"line":83,"column":43}},{"start":{"line":85,"column":8},"end":{"line":111,"column":10}}],"line":82}},"s":{"0":1,"1":7,"2":7,"3":7,"4":7,"5":2,"6":4,"7":7,"8":1,"9":1,"10":1,"11":1,"12":7,"13":1,"14":1,"15":1,"16":1,"17":1,"18":1,"19":7,"20":8,"21":8},"f":{"0":7,"1":2,"2":4,"3":1,"4":1,"5":1,"6":1,"7":8,"8":8},"b":{"0":[2,5],"1":[1,4]},"_coverageSchema":"43e27e138ebf9cfc5966b082cf9a028302ed4184","hash":"7dee8a73032184082cef9b5eeed293bee69a215b"}
,"C:\\Users\\Marcelo\\Desktop\\waller3.0\\waller\\src\\pages\\Performance\\Actives\\index.tsx": {"path":"C:\\Users\\Marcelo\\Desktop\\waller3.0\\waller\\src\\pages\\Performance\\Actives\\index.tsx","statementMap":{"0":{"start":{"line":33,"column":26},"end":{"line":120,"column":1}},"1":{"start":{"line":34,"column":32},"end":{"line":34,"column":48}},"2":{"start":{"line":35,"column":28},"end":{"line":35,"column":59}},"3":{"start":{"line":37,"column":19},"end":{"line":37,"column":64}},"4":{"start":{"line":39,"column":19},"end":{"line":39,"column":29}},"5":{"start":{"line":40,"column":24},"end":{"line":40,"column":35}},"6":{"start":{"line":42,"column":18},"end":{"line":42,"column":57}},"7":{"start":{"line":44,"column":19},"end":{"line":47,"column":12}},"8":{"start":{"line":45,"column":4},"end":{"line":45,"column":59}},"9":{"start":{"line":45,"column":45},"end":{"line":45,"column":59}},"10":{"start":{"line":46,"column":4},"end":{"line":46,"column":18}},"11":{"start":{"line":49,"column":24},"end":{"line":58,"column":3}},"12":{"start":{"line":50,"column":10},"end":{"line":56,"column":5}},"13":{"start":{"line":60,"column":22},"end":{"line":85,"column":34}},"14":{"start":{"line":61,"column":4},"end":{"line":61,"column":25}},"15":{"start":{"line":61,"column":15},"end":{"line":61,"column":25}},"16":{"start":{"line":63,"column":47},"end":{"line":72,"column":9}},"17":{"start":{"line":64,"column":28},"end":{"line":64,"column":59}},"18":{"start":{"line":65,"column":26},"end":{"line":72,"column":7}},"19":{"start":{"line":74,"column":4},"end":{"line":77,"column":6}},"20":{"start":{"line":79,"column":4},"end":{"line":84,"column":8}},"21":{"start":{"line":79,"column":48},"end":{"line":84,"column":5}},"22":{"start":{"line":87,"column":2},"end":{"line":119,"column":4}},"23":{"start":{"line":99,"column":36},"end":{"line":99,"column":45}},"24":{"start":{"line":101,"column":14},"end":{"line":113,"column":21}}},"fnMap":{"0":{"name":"(anonymous_0)","decl":{"start":{"line":33,"column":26},"end":{"line":33,"column":27}},"loc":{"start":{"line":33,"column":32},"end":{"line":120,"column":1}},"line":33},"1":{"name":"(anonymous_1)","decl":{"start":{"line":44,"column":27},"end":{"line":44,"column":28}},"loc":{"start":{"line":44,"column":33},"end":{"line":47,"column":3}},"line":44},"2":{"name":"(anonymous_2)","decl":{"start":{"line":50,"column":4},"end":{"line":50,"column":5}},"loc":{"start":{"line":50,"column":10},"end":{"line":56,"column":5}},"line":50},"3":{"name":"(anonymous_3)","decl":{"start":{"line":60,"column":30},"end":{"line":60,"column":31}},"loc":{"start":{"line":60,"column":36},"end":{"line":85,"column":3}},"line":60},"4":{"name":"(anonymous_4)","decl":{"start":{"line":64,"column":14},"end":{"line":64,"column":15}},"loc":{"start":{"line":64,"column":28},"end":{"line":64,"column":59}},"line":64},"5":{"name":"(anonymous_5)","decl":{"start":{"line":65,"column":11},"end":{"line":65,"column":12}},"loc":{"start":{"line":65,"column":26},"end":{"line":72,"column":7}},"line":65},"6":{"name":"(anonymous_6)","decl":{"start":{"line":79,"column":33},"end":{"line":79,"column":34}},"loc":{"start":{"line":79,"column":48},"end":{"line":84,"column":5}},"line":79},"7":{"name":"(anonymous_7)","decl":{"start":{"line":99,"column":26},"end":{"line":99,"column":27}},"loc":{"start":{"line":99,"column":36},"end":{"line":99,"column":45}},"line":99},"8":{"name":"(anonymous_8)","decl":{"start":{"line":100,"column":24},"end":{"line":100,"column":25}},"loc":{"start":{"line":101,"column":14},"end":{"line":113,"column":21}},"line":101}},"branchMap":{"0":{"loc":{"start":{"line":45,"column":4},"end":{"line":45,"column":59}},"type":"if","locations":[{"start":{"line":45,"column":4},"end":{"line":45,"column":59}},{"start":{"line":45,"column":4},"end":{"line":45,"column":59}}],"line":45},"1":{"loc":{"start":{"line":45,"column":8},"end":{"line":45,"column":43}},"type":"binary-expr","locations":[{"start":{"line":45,"column":8},"end":{"line":45,"column":24}},{"start":{"line":45,"column":28},"end":{"line":45,"column":43}}],"line":45},"2":{"loc":{"start":{"line":61,"column":4},"end":{"line":61,"column":25}},"type":"if","locations":[{"start":{"line":61,"column":4},"end":{"line":61,"column":25}},{"start":{"line":61,"column":4},"end":{"line":61,"column":25}}],"line":61},"3":{"loc":{"start":{"line":89,"column":7},"end":{"line":117,"column":7}},"type":"cond-expr","locations":[{"start":{"line":90,"column":8},"end":{"line":90,"column":53}},{"start":{"line":92,"column":8},"end":{"line":116,"column":11}}],"line":89}},"s":{"0":2,"1":6,"2":6,"3":6,"4":6,"5":6,"6":6,"7":6,"8":2,"9":1,"10":1,"11":6,"12":2,"13":6,"14":4,"15":2,"16":2,"17":2,"18":2,"19":2,"20":2,"21":2,"22":6,"23":2,"24":2},"f":{"0":6,"1":2,"2":2,"3":4,"4":2,"5":2,"6":2,"7":2,"8":2},"b":{"0":[1,1],"1":[2,1],"2":[2,2],"3":[4,2]},"_coverageSchema":"43e27e138ebf9cfc5966b082cf9a028302ed4184","hash":"9b8439967c0e109c2b8df42f0d18332f38abd7da"}
,"C:\\Users\\Marcelo\\Desktop\\waller3.0\\waller\\src\\pages\\Performance\\Bonds\\index.tsx": {"path":"C:\\Users\\Marcelo\\Desktop\\waller3.0\\waller\\src\\pages\\Performance\\Bonds\\index.tsx","statementMap":{"0":{"start":{"line":22,"column":20},"end":{"line":27,"column":1}},"1":{"start":{"line":29,"column":24},"end":{"line":86,"column":1}},"2":{"start":{"line":30,"column":32},"end":{"line":30,"column":48}},"3":{"start":{"line":31,"column":28},"end":{"line":31,"column":59}},"4":{"start":{"line":33,"column":19},"end":{"line":33,"column":52}},"5":{"start":{"line":34,"column":24},"end":{"line":34,"column":35}},"6":{"start":{"line":36,"column":18},"end":{"line":36,"column":57}},"7":{"start":{"line":38,"column":20},"end":{"line":52,"column":28}},"8":{"start":{"line":39,"column":4},"end":{"line":39,"column":25}},"9":{"start":{"line":39,"column":15},"end":{"line":39,"column":25}},"10":{"start":{"line":41,"column":30},"end":{"line":46,"column":7}},"11":{"start":{"line":41,"column":52},"end":{"line":46,"column":5}},"12":{"start":{"line":48,"column":4},"end":{"line":51,"column":6}},"13":{"start":{"line":54,"column":2},"end":{"line":85,"column":4}},"14":{"start":{"line":66,"column":34},"end":{"line":66,"column":43}},"15":{"start":{"line":68,"column":14},"end":{"line":79,"column":21}}},"fnMap":{"0":{"name":"(anonymous_0)","decl":{"start":{"line":29,"column":24},"end":{"line":29,"column":25}},"loc":{"start":{"line":29,"column":30},"end":{"line":86,"column":1}},"line":29},"1":{"name":"(anonymous_1)","decl":{"start":{"line":38,"column":28},"end":{"line":38,"column":29}},"loc":{"start":{"line":38,"column":34},"end":{"line":52,"column":3}},"line":38},"2":{"name":"(anonymous_2)","decl":{"start":{"line":41,"column":39},"end":{"line":41,"column":40}},"loc":{"start":{"line":41,"column":52},"end":{"line":46,"column":5}},"line":41},"3":{"name":"(anonymous_3)","decl":{"start":{"line":66,"column":26},"end":{"line":66,"column":27}},"loc":{"start":{"line":66,"column":34},"end":{"line":66,"column":43}},"line":66},"4":{"name":"(anonymous_4)","decl":{"start":{"line":67,"column":24},"end":{"line":67,"column":25}},"loc":{"start":{"line":68,"column":14},"end":{"line":79,"column":21}},"line":68}},"branchMap":{"0":{"loc":{"start":{"line":39,"column":4},"end":{"line":39,"column":25}},"type":"if","locations":[{"start":{"line":39,"column":4},"end":{"line":39,"column":25}},{"start":{"line":39,"column":4},"end":{"line":39,"column":25}}],"line":39},"1":{"loc":{"start":{"line":56,"column":7},"end":{"line":83,"column":7}},"type":"cond-expr","locations":[{"start":{"line":57,"column":8},"end":{"line":57,"column":53}},{"start":{"line":59,"column":8},"end":{"line":82,"column":11}}],"line":56}},"s":{"0":1,"1":1,"2":3,"3":3,"4":3,"5":3,"6":3,"7":3,"8":2,"9":1,"10":1,"11":1,"12":1,"13":3,"14":1,"15":1},"f":{"0":3,"1":2,"2":1,"3":1,"4":1},"b":{"0":[1,1],"1":[2,1]},"_coverageSchema":"43e27e138ebf9cfc5966b082cf9a028302ed4184","hash":"c2cdb900249a10a4ef4e404369df0dfa6fdac89c"}
,"C:\\Users\\Marcelo\\Desktop\\waller3.0\\waller\\src\\pages\\Rentability\\index.tsx": {"path":"C:\\Users\\Marcelo\\Desktop\\waller3.0\\waller\\src\\pages\\Rentability\\index.tsx","statementMap":{"0":{"start":{"line":7,"column":30},"end":{"line":15,"column":1}},"1":{"start":{"line":8,"column":2},"end":{"line":14,"column":4}}},"fnMap":{"0":{"name":"(anonymous_0)","decl":{"start":{"line":7,"column":30},"end":{"line":7,"column":31}},"loc":{"start":{"line":7,"column":36},"end":{"line":15,"column":1}},"line":7}},"branchMap":{},"s":{"0":1,"1":1},"f":{"0":1},"b":{},"_coverageSchema":"43e27e138ebf9cfc5966b082cf9a028302ed4184","hash":"28c762dfe8f8f5478c4bcb27e96ce0372a665626"}
}
