{"C:\\Users\\Marcelo\\Desktop\\waller3.0\\waller\\src\\components\\Header\\index.tsx": {"path":"C:\\Users\\Marcelo\\Desktop\\waller3.0\\waller\\src\\components\\Header\\index.tsx","statementMap":{"0":{"start":{"line":10,"column":25},"end":{"line":18,"column":1}},"1":{"start":{"line":11,"column":2},"end":{"line":17,"column":4}}},"fnMap":{"0":{"name":"(anonymous_0)","decl":{"start":{"line":10,"column":25},"end":{"line":10,"column":26}},"loc":{"start":{"line":10,"column":43},"end":{"line":18,"column":1}},"line":10}},"branchMap":{},"s":{"0":5,"1":23},"f":{"0":23},"b":{},"_coverageSchema":"43e27e138ebf9cfc5966b082cf9a028302ed4184","hash":"00356509f4baae2f393e944af20f89fe47ca8259"}
,"C:\\Users\\Marcelo\\Desktop\\waller3.0\\waller\\src\\components\\Input\\index.tsx": {"path":"C:\\Users\\Marcelo\\Desktop\\waller3.0\\waller\\src\\components\\Input\\index.tsx","statementMap":{"0":{"start":{"line":30,"column":66},"end":{"line":98,"column":1}},"1":{"start":{"line":34,"column":26},"end":{"line":34,"column":43}},"2":{"start":{"line":36,"column":60},"end":{"line":36,"column":74}},"3":{"start":{"line":37,"column":24},"end":{"line":37,"column":74}},"4":{"start":{"line":39,"column":36},"end":{"line":39,"column":51}},"5":{"start":{"line":40,"column":34},"end":{"line":40,"column":49}},"6":{"start":{"line":42,"column":27},"end":{"line":44,"column":8}},"7":{"start":{"line":43,"column":4},"end":{"line":43,"column":23}},"8":{"start":{"line":46,"column":26},"end":{"line":50,"column":8}},"9":{"start":{"line":47,"column":4},"end":{"line":47,"column":24}},"10":{"start":{"line":49,"column":4},"end":{"line":49,"column":48}},"11":{"start":{"line":52,"column":2},"end":{"line":56,"column":6}},"12":{"start":{"line":52,"column":34},"end":{"line":56,"column":3}},"13":{"start":{"line":54,"column":6},"end":{"line":54,"column":38}},"14":{"start":{"line":58,"column":2},"end":{"line":72,"column":33}},"15":{"start":{"line":59,"column":4},"end":{"line":71,"column":7}},"16":{"start":{"line":64,"column":8},"end":{"line":64,"column":44}},"17":{"start":{"line":65,"column":8},"end":{"line":65,"column":64}},"18":{"start":{"line":68,"column":8},"end":{"line":68,"column":41}},"19":{"start":{"line":69,"column":8},"end":{"line":69,"column":40}},"20":{"start":{"line":74,"column":2},"end":{"line":97,"column":4}},"21":{"start":{"line":92,"column":10},"end":{"line":92,"column":46}}},"fnMap":{"0":{"name":"(anonymous_0)","decl":{"start":{"line":30,"column":66},"end":{"line":30,"column":67}},"loc":{"start":{"line":33,"column":5},"end":{"line":98,"column":1}},"line":33},"1":{"name":"(anonymous_1)","decl":{"start":{"line":42,"column":39},"end":{"line":42,"column":40}},"loc":{"start":{"line":42,"column":45},"end":{"line":44,"column":3}},"line":42},"2":{"name":"(anonymous_2)","decl":{"start":{"line":46,"column":38},"end":{"line":46,"column":39}},"loc":{"start":{"line":46,"column":44},"end":{"line":50,"column":3}},"line":46},"3":{"name":"(anonymous_3)","decl":{"start":{"line":52,"column":27},"end":{"line":52,"column":28}},"loc":{"start":{"line":52,"column":34},"end":{"line":56,"column":3}},"line":52},"4":{"name":"(anonymous_4)","decl":{"start":{"line":53,"column":4},"end":{"line":53,"column":5}},"loc":{"start":{"line":53,"column":12},"end":{"line":55,"column":5}},"line":53},"5":{"name":"(anonymous_5)","decl":{"start":{"line":58,"column":12},"end":{"line":58,"column":13}},"loc":{"start":{"line":58,"column":18},"end":{"line":72,"column":3}},"line":58},"6":{"name":"(anonymous_6)","decl":{"start":{"line":63,"column":6},"end":{"line":63,"column":7}},"loc":{"start":{"line":63,"column":25},"end":{"line":66,"column":7}},"line":63},"7":{"name":"(anonymous_7)","decl":{"start":{"line":67,"column":6},"end":{"line":67,"column":7}},"loc":{"start":{"line":67,"column":19},"end":{"line":70,"column":7}},"line":67},"8":{"name":"(anonymous_8)","decl":{"start":{"line":91,"column":22},"end":{"line":91,"column":23}},"loc":{"start":{"line":91,"column":31},"end":{"line":93,"column":9}},"line":91}},"branchMap":{"0":{"loc":{"start":{"line":76,"column":7},"end":{"line":82,"column":7}},"type":"binary-expr","locations":[{"start":{"line":76,"column":7},"end":{"line":76,"column":11}},{"start":{"line":77,"column":8},"end":{"line":81,"column":10}}],"line":76},"1":{"loc":{"start":{"line":80,"column":17},"end":{"line":80,"column":74}},"type":"cond-expr","locations":[{"start":{"line":80,"column":41},"end":{"line":80,"column":55}},{"start":{"line":80,"column":58},"end":{"line":80,"column":74}}],"line":80},"2":{"loc":{"start":{"line":80,"column":17},"end":{"line":80,"column":38}},"type":"binary-expr","locations":[{"start":{"line":80,"column":17},"end":{"line":80,"column":26}},{"start":{"line":80,"column":30},"end":{"line":80,"column":38}}],"line":80}},"s":{"0":3,"1":48,"2":48,"3":48,"4":48,"5":48,"6":48,"7":0,"8":48,"9":0,"10":0,"11":48,"12":28,"13":0,"14":48,"15":28,"16":0,"17":0,"18":0,"19":0,"20":48,"21":15},"f":{"0":48,"1":0,"2":0,"3":28,"4":0,"5":28,"6":0,"7":0,"8":15},"b":{"0":[48,47],"1":[0,47],"2":[47,47]},"_coverageSchema":"43e27e138ebf9cfc5966b082cf9a028302ed4184","hash":"b5b936a8fbd65c07d35bbde48587be000515eca6"}
,"C:\\Users\\Marcelo\\Desktop\\waller3.0\\waller\\src\\components\\Loading\\index.tsx": {"path":"C:\\Users\\Marcelo\\Desktop\\waller3.0\\waller\\src\\components\\Loading\\index.tsx","statementMap":{"0":{"start":{"line":14,"column":40},"end":{"line":54,"column":1}},"1":{"start":{"line":15,"column":18},"end":{"line":15,"column":39}},"2":{"start":{"line":16,"column":17},"end":{"line":16,"column":38}},"3":{"start":{"line":18,"column":2},"end":{"line":32,"column":24}},"4":{"start":{"line":19,"column":4},"end":{"line":23,"column":15}},"5":{"start":{"line":25,"column":4},"end":{"line":31,"column":14}},"6":{"start":{"line":34,"column":2},"end":{"line":53,"column":4}}},"fnMap":{"0":{"name":"(anonymous_0)","decl":{"start":{"line":14,"column":40},"end":{"line":14,"column":41}},"loc":{"start":{"line":14,"column":70},"end":{"line":54,"column":1}},"line":14},"1":{"name":"(anonymous_1)","decl":{"start":{"line":18,"column":12},"end":{"line":18,"column":13}},"loc":{"start":{"line":18,"column":18},"end":{"line":32,"column":3}},"line":18}},"branchMap":{"0":{"loc":{"start":{"line":14,"column":43},"end":{"line":14,"column":57}},"type":"default-arg","locations":[{"start":{"line":14,"column":50},"end":{"line":14,"column":57}}],"line":14},"1":{"loc":{"start":{"line":37,"column":16},"end":{"line":37,"column":50}},"type":"cond-expr","locations":[{"start":{"line":37,"column":35},"end":{"line":37,"column":39}},{"start":{"line":37,"column":42},"end":{"line":37,"column":50}}],"line":37}},"s":{"0":3,"1":19,"2":19,"3":19,"4":19,"5":19,"6":19},"f":{"0":19,"1":19},"b":{"0":[3],"1":[3,16]},"_coverageSchema":"43e27e138ebf9cfc5966b082cf9a028302ed4184","hash":"d705e844b290d3cb6011f90c42add639efe44a8f"}
,"C:\\Users\\Marcelo\\Desktop\\waller3.0\\waller\\src\\components\\Nothing\\index.tsx": {"path":"C:\\Users\\Marcelo\\Desktop\\waller3.0\\waller\\src\\components\\Nothing\\index.tsx","statementMap":{"0":{"start":{"line":12,"column":40},"end":{"line":20,"column":1}},"1":{"start":{"line":13,"column":2},"end":{"line":19,"column":4}}},"fnMap":{"0":{"name":"(anonymous_0)","decl":{"start":{"line":12,"column":40},"end":{"line":12,"column":41}},"loc":{"start":{"line":12,"column":54},"end":{"line":20,"column":1}},"line":12}},"branchMap":{},"s":{"0":6,"1":8},"f":{"0":8},"b":{},"_coverageSchema":"43e27e138ebf9cfc5966b082cf9a028302ed4184","hash":"bfc14c363603b8d872480ccf0ce4cdafe71307e8"}
,"C:\\Users\\Marcelo\\Desktop\\waller3.0\\waller\\src\\components\\OrderTableHeader\\index.tsx": {"path":"C:\\Users\\Marcelo\\Desktop\\waller3.0\\waller\\src\\components\\OrderTableHeader\\index.tsx","statementMap":{"0":{"start":{"line":32,"column":59},"end":{"line":77,"column":1}},"1":{"start":{"line":36,"column":51},"end":{"line":36,"column":70}},"2":{"start":{"line":39,"column":19},"end":{"line":39,"column":54}},"3":{"start":{"line":41,"column":4},"end":{"line":41,"column":38}},"4":{"start":{"line":42,"column":4},"end":{"line":42,"column":21}},"5":{"start":{"line":45,"column":2},"end":{"line":76,"column":4}},"6":{"start":{"line":48,"column":8},"end":{"line":73,"column":20}},"7":{"start":{"line":52,"column":27},"end":{"line":52,"column":49}}},"fnMap":{"0":{"name":"(anonymous_0)","decl":{"start":{"line":32,"column":59},"end":{"line":32,"column":60}},"loc":{"start":{"line":35,"column":6},"end":{"line":77,"column":1}},"line":35},"1":{"name":"handleClick","decl":{"start":{"line":38,"column":11},"end":{"line":38,"column":22}},"loc":{"start":{"line":38,"column":37},"end":{"line":43,"column":3}},"line":38},"2":{"name":"(anonymous_2)","decl":{"start":{"line":47,"column":19},"end":{"line":47,"column":20}},"loc":{"start":{"line":48,"column":8},"end":{"line":73,"column":20}},"line":48},"3":{"name":"(anonymous_3)","decl":{"start":{"line":52,"column":21},"end":{"line":52,"column":22}},"loc":{"start":{"line":52,"column":27},"end":{"line":52,"column":49}},"line":52}},"branchMap":{"0":{"loc":{"start":{"line":39,"column":19},"end":{"line":39,"column":54}},"type":"binary-expr","locations":[{"start":{"line":39,"column":19},"end":{"line":39,"column":35}},{"start":{"line":39,"column":39},"end":{"line":39,"column":54}}],"line":39},"1":{"loc":{"start":{"line":41,"column":13},"end":{"line":41,"column":36}},"type":"cond-expr","locations":[{"start":{"line":41,"column":22},"end":{"line":41,"column":28}},{"start":{"line":41,"column":31},"end":{"line":41,"column":36}}],"line":41},"2":{"loc":{"start":{"line":56,"column":13},"end":{"line":71,"column":16}},"type":"binary-expr","locations":[{"start":{"line":56,"column":13},"end":{"line":56,"column":34}},{"start":{"line":57,"column":15},"end":{"line":71,"column":15}}],"line":56},"3":{"loc":{"start":{"line":57,"column":15},"end":{"line":71,"column":15}},"type":"cond-expr","locations":[{"start":{"line":58,"column":16},"end":{"line":63,"column":18}},{"start":{"line":65,"column":16},"end":{"line":70,"column":18}}],"line":57}},"s":{"0":4,"1":5,"2":2,"3":2,"4":2,"5":5,"6":16,"7":2},"f":{"0":5,"1":2,"2":16,"3":2},"b":{"0":[2,2],"1":[1,1],"2":[16,5],"3":[1,4]},"_coverageSchema":"43e27e138ebf9cfc5966b082cf9a028302ed4184","hash":"f4df68c25b27e9dfd66dd04ef4eb267978af3e09"}
,"C:\\Users\\Marcelo\\Desktop\\waller3.0\\waller\\src\\components\\ValueField\\index.tsx": {"path":"C:\\Users\\Marcelo\\Desktop\\waller3.0\\waller\\src\\components\\ValueField\\index.tsx","statementMap":{"0":{"start":{"line":14,"column":47},"end":{"line":36,"column":1}},"1":{"start":{"line":21,"column":24},"end":{"line":21,"column":35}},"2":{"start":{"line":23,"column":2},"end":{"line":35,"column":4}}},"fnMap":{"0":{"name":"(anonymous_0)","decl":{"start":{"line":14,"column":47},"end":{"line":14,"column":48}},"loc":{"start":{"line":20,"column":6},"end":{"line":36,"column":1}},"line":20}},"branchMap":{"0":{"loc":{"start":{"line":16,"column":2},"end":{"line":16,"column":20}},"type":"default-arg","locations":[{"start":{"line":16,"column":14},"end":{"line":16,"column":20}}],"line":16},"1":{"loc":{"start":{"line":17,"column":2},"end":{"line":17,"column":19}},"type":"default-arg","locations":[{"start":{"line":17,"column":17},"end":{"line":17,"column":19}}],"line":17},"2":{"loc":{"start":{"line":18,"column":2},"end":{"line":18,"column":18}},"type":"default-arg","locations":[{"start":{"line":18,"column":10},"end":{"line":18,"column":18}}],"line":18},"3":{"loc":{"start":{"line":19,"column":2},"end":{"line":19,"column":11}},"type":"default-arg","locations":[{"start":{"line":19,"column":9},"end":{"line":19,"column":11}}],"line":19},"4":{"loc":{"start":{"line":27,"column":22},"end":{"line":27,"column":47}},"type":"binary-expr","locations":[{"start":{"line":27,"column":22},"end":{"line":27,"column":34}},{"start":{"line":27,"column":38},"end":{"line":27,"column":47}}],"line":27}},"s":{"0":3,"1":41,"2":41},"f":{"0":41},"b":{"0":[1],"1":[1],"2":[1],"3":[33],"4":[41,1]},"_coverageSchema":"43e27e138ebf9cfc5966b082cf9a028302ed4184","hash":"0fd7409e02daaaad5bdbe277e2f0e24d6c892252"}
,"C:\\Users\\Marcelo\\Desktop\\waller3.0\\waller\\src\\hooks\\auth.tsx": {"path":"C:\\Users\\Marcelo\\Desktop\\waller3.0\\waller\\src\\hooks\\auth.tsx","statementMap":{"0":{"start":{"line":38,"column":20},"end":{"line":38,"column":73}},"1":{"start":{"line":40,"column":31},"end":{"line":116,"column":1}},"2":{"start":{"line":41,"column":26},"end":{"line":41,"column":62}},"3":{"start":{"line":42,"column":32},"end":{"line":42,"column":46}},"4":{"start":{"line":43,"column":30},"end":{"line":43,"column":45}},"5":{"start":{"line":45,"column":2},"end":{"line":66,"column":9}},"6":{"start":{"line":47,"column":36},"end":{"line":50,"column":8}},"7":{"start":{"line":52,"column":6},"end":{"line":56,"column":9}},"8":{"start":{"line":53,"column":8},"end":{"line":55,"column":9}},"9":{"start":{"line":54,"column":10},"end":{"line":54,"column":39}},"10":{"start":{"line":58,"column":6},"end":{"line":58,"column":61}},"11":{"start":{"line":60,"column":6},"end":{"line":60,"column":68}},"12":{"start":{"line":60,"column":25},"end":{"line":60,"column":68}},"13":{"start":{"line":62,"column":6},"end":{"line":62,"column":24}},"14":{"start":{"line":65,"column":4},"end":{"line":65,"column":22}},"15":{"start":{"line":68,"column":17},"end":{"line":87,"column":8}},"16":{"start":{"line":69,"column":21},"end":{"line":72,"column":6}},"17":{"start":{"line":74,"column":28},"end":{"line":74,"column":41}},"18":{"start":{"line":76,"column":4},"end":{"line":80,"column":7}},"19":{"start":{"line":82,"column":4},"end":{"line":82,"column":59}},"20":{"start":{"line":84,"column":4},"end":{"line":84,"column":29}},"21":{"start":{"line":86,"column":4},"end":{"line":86,"column":20}},"22":{"start":{"line":89,"column":26},"end":{"line":94,"column":8}},"23":{"start":{"line":90,"column":4},"end":{"line":91,"column":73}},"24":{"start":{"line":91,"column":6},"end":{"line":91,"column":73}},"25":{"start":{"line":93,"column":4},"end":{"line":93,"column":20}},"26":{"start":{"line":96,"column":18},"end":{"line":100,"column":8}},"27":{"start":{"line":97,"column":4},"end":{"line":97,"column":72}},"28":{"start":{"line":99,"column":4},"end":{"line":99,"column":21}},"29":{"start":{"line":102,"column":2},"end":{"line":115,"column":4}},"30":{"start":{"line":119,"column":2},"end":{"line":119,"column":33}}},"fnMap":{"0":{"name":"(anonymous_0)","decl":{"start":{"line":40,"column":31},"end":{"line":40,"column":32}},"loc":{"start":{"line":40,"column":49},"end":{"line":116,"column":1}},"line":40},"1":{"name":"(anonymous_1)","decl":{"start":{"line":45,"column":12},"end":{"line":45,"column":13}},"loc":{"start":{"line":45,"column":18},"end":{"line":66,"column":3}},"line":45},"2":{"name":"loadStorageData","decl":{"start":{"line":46,"column":19},"end":{"line":46,"column":34}},"loc":{"start":{"line":46,"column":52},"end":{"line":63,"column":5}},"line":46},"3":{"name":"(anonymous_3)","decl":{"start":{"line":52,"column":51},"end":{"line":52,"column":52}},"loc":{"start":{"line":52,"column":65},"end":{"line":56,"column":7}},"line":52},"4":{"name":"(anonymous_4)","decl":{"start":{"line":68,"column":29},"end":{"line":68,"column":30}},"loc":{"start":{"line":68,"column":79},"end":{"line":87,"column":3}},"line":68},"5":{"name":"(anonymous_5)","decl":{"start":{"line":89,"column":38},"end":{"line":89,"column":39}},"loc":{"start":{"line":89,"column":50},"end":{"line":94,"column":3}},"line":89},"6":{"name":"(anonymous_6)","decl":{"start":{"line":96,"column":30},"end":{"line":96,"column":31}},"loc":{"start":{"line":96,"column":42},"end":{"line":100,"column":3}},"line":96},"7":{"name":"useAuth","decl":{"start":{"line":118,"column":9},"end":{"line":118,"column":16}},"loc":{"start":{"line":118,"column":36},"end":{"line":120,"column":1}},"line":118}},"branchMap":{"0":{"loc":{"start":{"line":53,"column":8},"end":{"line":55,"column":9}},"type":"if","locations":[{"start":{"line":53,"column":8},"end":{"line":55,"column":9}},{"start":{"line":53,"column":8},"end":{"line":55,"column":9}}],"line":53},"1":{"loc":{"start":{"line":60,"column":6},"end":{"line":60,"column":68}},"type":"if","locations":[{"start":{"line":60,"column":6},"end":{"line":60,"column":68}},{"start":{"line":60,"column":6},"end":{"line":60,"column":68}}],"line":60},"2":{"loc":{"start":{"line":60,"column":10},"end":{"line":60,"column":23}},"type":"binary-expr","locations":[{"start":{"line":60,"column":10},"end":{"line":60,"column":15}},{"start":{"line":60,"column":19},"end":{"line":60,"column":23}}],"line":60},"3":{"loc":{"start":{"line":90,"column":4},"end":{"line":91,"column":73}},"type":"if","locations":[{"start":{"line":90,"column":4},"end":{"line":91,"column":73}},{"start":{"line":90,"column":4},"end":{"line":91,"column":73}}],"line":90}},"s":{"0":2,"1":2,"2":16,"3":16,"4":16,"5":16,"6":3,"7":3,"8":3,"9":2,"10":3,"11":3,"12":2,"13":3,"14":3,"15":16,"16":2,"17":2,"18":2,"19":2,"20":2,"21":2,"22":16,"23":1,"24":1,"25":1,"26":16,"27":1,"28":1,"29":16,"30":16},"f":{"0":16,"1":3,"2":3,"3":3,"4":2,"5":1,"6":1,"7":16},"b":{"0":[2,1],"1":[2,1],"2":[3,2],"3":[1,0]},"_coverageSchema":"43e27e138ebf9cfc5966b082cf9a028302ed4184","hash":"4f8b300a694a3ed713e3740d7a955b1aa01e7a88"}
,"C:\\Users\\Marcelo\\Desktop\\waller3.0\\waller\\src\\hooks\\config.tsx": {"path":"C:\\Users\\Marcelo\\Desktop\\waller3.0\\waller\\src\\hooks\\config.tsx","statementMap":{"0":{"start":{"line":18,"column":22},"end":{"line":18,"column":79}},"1":{"start":{"line":20,"column":33},"end":{"line":61,"column":1}},"2":{"start":{"line":21,"column":41},"end":{"line":21,"column":55}},"3":{"start":{"line":22,"column":45},"end":{"line":22,"column":60}},"4":{"start":{"line":24,"column":2},"end":{"line":40,"column":9}},"5":{"start":{"line":26,"column":6},"end":{"line":30,"column":9}},"6":{"start":{"line":27,"column":8},"end":{"line":29,"column":9}},"7":{"start":{"line":28,"column":10},"end":{"line":28,"column":47}},"8":{"start":{"line":32,"column":6},"end":{"line":36,"column":9}},"9":{"start":{"line":33,"column":8},"end":{"line":35,"column":9}},"10":{"start":{"line":34,"column":10},"end":{"line":34,"column":49}},"11":{"start":{"line":39,"column":4},"end":{"line":39,"column":22}},"12":{"start":{"line":42,"column":23},"end":{"line":46,"column":8}},"13":{"start":{"line":43,"column":4},"end":{"line":43,"column":28}},"14":{"start":{"line":45,"column":4},"end":{"line":45,"column":71}},"15":{"start":{"line":48,"column":25},"end":{"line":52,"column":8}},"16":{"start":{"line":49,"column":4},"end":{"line":49,"column":30}},"17":{"start":{"line":51,"column":4},"end":{"line":51,"column":71}},"18":{"start":{"line":54,"column":2},"end":{"line":60,"column":4}},"19":{"start":{"line":64,"column":2},"end":{"line":64,"column":35}}},"fnMap":{"0":{"name":"(anonymous_0)","decl":{"start":{"line":20,"column":33},"end":{"line":20,"column":34}},"loc":{"start":{"line":20,"column":51},"end":{"line":61,"column":1}},"line":20},"1":{"name":"(anonymous_1)","decl":{"start":{"line":24,"column":12},"end":{"line":24,"column":13}},"loc":{"start":{"line":24,"column":18},"end":{"line":40,"column":3}},"line":24},"2":{"name":"loadStorageData","decl":{"start":{"line":25,"column":19},"end":{"line":25,"column":34}},"loc":{"start":{"line":25,"column":52},"end":{"line":37,"column":5}},"line":25},"3":{"name":"(anonymous_3)","decl":{"start":{"line":26,"column":51},"end":{"line":26,"column":52}},"loc":{"start":{"line":26,"column":65},"end":{"line":30,"column":7}},"line":26},"4":{"name":"(anonymous_4)","decl":{"start":{"line":32,"column":51},"end":{"line":32,"column":52}},"loc":{"start":{"line":32,"column":65},"end":{"line":36,"column":7}},"line":32},"5":{"name":"(anonymous_5)","decl":{"start":{"line":42,"column":35},"end":{"line":42,"column":36}},"loc":{"start":{"line":42,"column":49},"end":{"line":46,"column":3}},"line":42},"6":{"name":"(anonymous_6)","decl":{"start":{"line":48,"column":37},"end":{"line":48,"column":38}},"loc":{"start":{"line":48,"column":51},"end":{"line":52,"column":3}},"line":48},"7":{"name":"useConfig","decl":{"start":{"line":63,"column":9},"end":{"line":63,"column":18}},"loc":{"start":{"line":63,"column":40},"end":{"line":65,"column":1}},"line":63}},"branchMap":{"0":{"loc":{"start":{"line":27,"column":8},"end":{"line":29,"column":9}},"type":"if","locations":[{"start":{"line":27,"column":8},"end":{"line":29,"column":9}},{"start":{"line":27,"column":8},"end":{"line":29,"column":9}}],"line":27},"1":{"loc":{"start":{"line":33,"column":8},"end":{"line":35,"column":9}},"type":"if","locations":[{"start":{"line":33,"column":8},"end":{"line":35,"column":9}},{"start":{"line":33,"column":8},"end":{"line":35,"column":9}}],"line":33}},"s":{"0":8,"1":8,"2":4,"3":4,"4":4,"5":1,"6":1,"7":1,"8":1,"9":1,"10":1,"11":1,"12":4,"13":1,"14":1,"15":4,"16":1,"17":1,"18":4,"19":60},"f":{"0":4,"1":1,"2":1,"3":1,"4":1,"5":1,"6":1,"7":60},"b":{"0":[1,0],"1":[1,0]},"_coverageSchema":"43e27e138ebf9cfc5966b082cf9a028302ed4184","hash":"ae2936f50cfeefb799725865581971192ace3957"}
,"C:\\Users\\Marcelo\\Desktop\\waller3.0\\waller\\src\\hooks\\swr.tsx": {"path":"C:\\Users\\Marcelo\\Desktop\\waller3.0\\waller\\src\\hooks\\swr.tsx","statementMap":{"0":{"start":{"line":13,"column":48},"end":{"line":20,"column":3}},"1":{"start":{"line":16,"column":23},"end":{"line":16,"column":46}},"2":{"start":{"line":18,"column":6},"end":{"line":18,"column":27}},"3":{"start":{"line":22,"column":2},"end":{"line":22,"column":47}}},"fnMap":{"0":{"name":"useFetch","decl":{"start":{"line":5,"column":16},"end":{"line":5,"column":24}},"loc":{"start":{"line":12,"column":2},"end":{"line":23,"column":1}},"line":12},"1":{"name":"(anonymous_1)","decl":{"start":{"line":15,"column":4},"end":{"line":15,"column":5}},"loc":{"start":{"line":15,"column":22},"end":{"line":19,"column":5}},"line":15}},"branchMap":{},"s":{"0":24,"1":5,"2":5,"3":24},"f":{"0":24,"1":5},"b":{},"_coverageSchema":"43e27e138ebf9cfc5966b082cf9a028302ed4184","hash":"180b1d92a487c87b545bf259b59584cf3f3110a5"}
,"C:\\Users\\Marcelo\\Desktop\\waller3.0\\waller\\src\\pages\\Auth\\Home\\index.tsx": {"path":"C:\\Users\\Marcelo\\Desktop\\waller3.0\\waller\\src\\pages\\Auth\\Home\\index.tsx","statementMap":{"0":{"start":{"line":20,"column":23},"end":{"line":68,"column":1}},"1":{"start":{"line":21,"column":23},"end":{"line":21,"column":38}},"2":{"start":{"line":23,"column":2},"end":{"line":23,"column":32}},"3":{"start":{"line":25,"column":31},"end":{"line":27,"column":4}},"4":{"start":{"line":25,"column":49},"end":{"line":25,"column":67}},"5":{"start":{"line":29,"column":31},"end":{"line":31,"column":4}},"6":{"start":{"line":29,"column":49},"end":{"line":29,"column":67}},"7":{"start":{"line":33,"column":2},"end":{"line":67,"column":4}}},"fnMap":{"0":{"name":"(anonymous_0)","decl":{"start":{"line":20,"column":23},"end":{"line":20,"column":24}},"loc":{"start":{"line":20,"column":29},"end":{"line":68,"column":1}},"line":20},"1":{"name":"(anonymous_1)","decl":{"start":{"line":25,"column":43},"end":{"line":25,"column":44}},"loc":{"start":{"line":25,"column":49},"end":{"line":25,"column":67}},"line":25},"2":{"name":"(anonymous_2)","decl":{"start":{"line":29,"column":43},"end":{"line":29,"column":44}},"loc":{"start":{"line":29,"column":49},"end":{"line":29,"column":67}},"line":29}},"branchMap":{},"s":{"0":1,"1":2,"2":2,"3":2,"4":1,"5":2,"6":1,"7":2},"f":{"0":2,"1":1,"2":1},"b":{},"_coverageSchema":"43e27e138ebf9cfc5966b082cf9a028302ed4184","hash":"fca0517c4dc06afb07628dbcbdbd47e93c3bc99b"}
,"C:\\Users\\Marcelo\\Desktop\\waller3.0\\waller\\src\\pages\\Auth\\SignIn\\index.tsx": {"path":"C:\\Users\\Marcelo\\Desktop\\waller3.0\\waller\\src\\pages\\Auth\\SignIn\\index.tsx","statementMap":{"0":{"start":{"line":36,"column":25},"end":{"line":158,"column":1}},"1":{"start":{"line":37,"column":18},"end":{"line":37,"column":43}},"2":{"start":{"line":38,"column":27},"end":{"line":38,"column":50}},"3":{"start":{"line":39,"column":24},"end":{"line":39,"column":48}},"4":{"start":{"line":41,"column":50},"end":{"line":41,"column":65}},"5":{"start":{"line":42,"column":38},"end":{"line":42,"column":47}},"6":{"start":{"line":43,"column":26},"end":{"line":43,"column":37}},"7":{"start":{"line":45,"column":2},"end":{"line":45,"column":32}},"8":{"start":{"line":47,"column":2},"end":{"line":51,"column":9}},"9":{"start":{"line":48,"column":4},"end":{"line":50,"column":6}},"10":{"start":{"line":49,"column":6},"end":{"line":49,"column":60}},"11":{"start":{"line":53,"column":2},"end":{"line":62,"column":37}},"12":{"start":{"line":54,"column":4},"end":{"line":61,"column":13}},"13":{"start":{"line":55,"column":6},"end":{"line":60,"column":9}},"14":{"start":{"line":56,"column":8},"end":{"line":59,"column":21}},"15":{"start":{"line":57,"column":10},"end":{"line":59,"column":21}},"16":{"start":{"line":58,"column":24},"end":{"line":58,"column":41}},"17":{"start":{"line":64,"column":23},"end":{"line":68,"column":14}},"18":{"start":{"line":65,"column":4},"end":{"line":65,"column":26}},"19":{"start":{"line":67,"column":4},"end":{"line":67,"column":13}},"20":{"start":{"line":70,"column":2},"end":{"line":78,"column":36}},"21":{"start":{"line":71,"column":4},"end":{"line":73,"column":7}},"22":{"start":{"line":72,"column":6},"end":{"line":72,"column":28}},"23":{"start":{"line":75,"column":4},"end":{"line":77,"column":6}},"24":{"start":{"line":76,"column":6},"end":{"line":76,"column":39}},"25":{"start":{"line":80,"column":23},"end":{"line":108,"column":3}},"26":{"start":{"line":82,"column":6},"end":{"line":105,"column":7}},"27":{"start":{"line":83,"column":8},"end":{"line":83,"column":39}},"28":{"start":{"line":85,"column":23},"end":{"line":90,"column":10}},"29":{"start":{"line":92,"column":8},"end":{"line":92,"column":59}},"30":{"start":{"line":94,"column":8},"end":{"line":94,"column":63}},"31":{"start":{"line":96,"column":8},"end":{"line":102,"column":9}},"32":{"start":{"line":97,"column":25},"end":{"line":97,"column":49}},"33":{"start":{"line":99,"column":10},"end":{"line":99,"column":45}},"34":{"start":{"line":101,"column":10},"end":{"line":101,"column":17}},"35":{"start":{"line":104,"column":8},"end":{"line":104,"column":72}},"36":{"start":{"line":110,"column":2},"end":{"line":157,"column":4}},"37":{"start":{"line":131,"column":37},"end":{"line":131,"column":70}},"38":{"start":{"line":140,"column":37},"end":{"line":140,"column":66}},"39":{"start":{"line":148,"column":27},"end":{"line":148,"column":56}}},"fnMap":{"0":{"name":"(anonymous_0)","decl":{"start":{"line":36,"column":25},"end":{"line":36,"column":26}},"loc":{"start":{"line":36,"column":31},"end":{"line":158,"column":1}},"line":36},"1":{"name":"(anonymous_1)","decl":{"start":{"line":47,"column":12},"end":{"line":47,"column":13}},"loc":{"start":{"line":47,"column":18},"end":{"line":51,"column":3}},"line":47},"2":{"name":"(anonymous_2)","decl":{"start":{"line":48,"column":44},"end":{"line":48,"column":45}},"loc":{"start":{"line":49,"column":6},"end":{"line":49,"column":60}},"line":49},"3":{"name":"(anonymous_3)","decl":{"start":{"line":53,"column":12},"end":{"line":53,"column":13}},"loc":{"start":{"line":53,"column":18},"end":{"line":62,"column":3}},"line":53},"4":{"name":"(anonymous_4)","decl":{"start":{"line":54,"column":25},"end":{"line":54,"column":26}},"loc":{"start":{"line":54,"column":31},"end":{"line":61,"column":5}},"line":54},"5":{"name":"(anonymous_5)","decl":{"start":{"line":55,"column":33},"end":{"line":55,"column":34}},"loc":{"start":{"line":55,"column":39},"end":{"line":60,"column":7}},"line":55},"6":{"name":"(anonymous_6)","decl":{"start":{"line":58,"column":18},"end":{"line":58,"column":19}},"loc":{"start":{"line":58,"column":24},"end":{"line":58,"column":41}},"line":58},"7":{"name":"(anonymous_7)","decl":{"start":{"line":64,"column":35},"end":{"line":64,"column":36}},"loc":{"start":{"line":64,"column":41},"end":{"line":68,"column":3}},"line":64},"8":{"name":"(anonymous_8)","decl":{"start":{"line":70,"column":12},"end":{"line":70,"column":13}},"loc":{"start":{"line":70,"column":18},"end":{"line":78,"column":3}},"line":70},"9":{"name":"(anonymous_9)","decl":{"start":{"line":71,"column":24},"end":{"line":71,"column":25}},"loc":{"start":{"line":71,"column":30},"end":{"line":73,"column":5}},"line":71},"10":{"name":"(anonymous_10)","decl":{"start":{"line":75,"column":11},"end":{"line":75,"column":12}},"loc":{"start":{"line":75,"column":17},"end":{"line":77,"column":5}},"line":75},"11":{"name":"(anonymous_11)","decl":{"start":{"line":76,"column":29},"end":{"line":76,"column":30}},"loc":{"start":{"line":76,"column":35},"end":{"line":76,"column":37}},"line":76},"12":{"name":"(anonymous_12)","decl":{"start":{"line":81,"column":4},"end":{"line":81,"column":5}},"loc":{"start":{"line":81,"column":36},"end":{"line":106,"column":5}},"line":81},"13":{"name":"(anonymous_13)","decl":{"start":{"line":131,"column":31},"end":{"line":131,"column":32}},"loc":{"start":{"line":131,"column":37},"end":{"line":131,"column":70}},"line":131},"14":{"name":"(anonymous_14)","decl":{"start":{"line":140,"column":31},"end":{"line":140,"column":32}},"loc":{"start":{"line":140,"column":37},"end":{"line":140,"column":66}},"line":140},"15":{"name":"(anonymous_15)","decl":{"start":{"line":148,"column":21},"end":{"line":148,"column":22}},"loc":{"start":{"line":148,"column":27},"end":{"line":148,"column":56}},"line":148}},"branchMap":{"0":{"loc":{"start":{"line":56,"column":8},"end":{"line":59,"column":21}},"type":"if","locations":[{"start":{"line":56,"column":8},"end":{"line":59,"column":21}},{"start":{"line":56,"column":8},"end":{"line":59,"column":21}}],"line":56},"1":{"loc":{"start":{"line":96,"column":8},"end":{"line":102,"column":9}},"type":"if","locations":[{"start":{"line":96,"column":8},"end":{"line":102,"column":9}},{"start":{"line":96,"column":8},"end":{"line":102,"column":9}}],"line":96}},"s":{"0":1,"1":6,"2":6,"3":6,"4":6,"5":6,"6":6,"7":6,"8":6,"9":6,"10":0,"11":6,"12":6,"13":1,"14":0,"15":0,"16":0,"17":6,"18":1,"19":1,"20":6,"21":6,"22":1,"23":6,"24":6,"25":6,"26":3,"27":3,"28":3,"29":3,"30":2,"31":2,"32":1,"33":1,"34":1,"35":1,"36":6,"37":0,"38":0,"39":3},"f":{"0":6,"1":6,"2":0,"3":6,"4":1,"5":0,"6":0,"7":1,"8":6,"9":1,"10":6,"11":1,"12":3,"13":0,"14":0,"15":3},"b":{"0":[0,0],"1":[1,1]},"_coverageSchema":"43e27e138ebf9cfc5966b082cf9a028302ed4184","hash":"893ee14ae6b161b9ebb78aecb48b8ab9fd39e300"}
,"C:\\Users\\Marcelo\\Desktop\\waller3.0\\waller\\src\\pages\\Auth\\SignUp\\index.tsx": {"path":"C:\\Users\\Marcelo\\Desktop\\waller3.0\\waller\\src\\pages\\Auth\\SignUp\\index.tsx","statementMap":{"0":{"start":{"line":33,"column":25},"end":{"line":144,"column":1}},"1":{"start":{"line":34,"column":18},"end":{"line":34,"column":43}},"2":{"start":{"line":35,"column":24},"end":{"line":35,"column":47}},"3":{"start":{"line":36,"column":27},"end":{"line":36,"column":50}},"4":{"start":{"line":37,"column":24},"end":{"line":37,"column":48}},"5":{"start":{"line":39,"column":31},"end":{"line":39,"column":46}},"6":{"start":{"line":41,"column":2},"end":{"line":41,"column":32}},"7":{"start":{"line":43,"column":2},"end":{"line":47,"column":9}},"8":{"start":{"line":44,"column":4},"end":{"line":46,"column":6}},"9":{"start":{"line":45,"column":6},"end":{"line":45,"column":60}},"10":{"start":{"line":49,"column":23},"end":{"line":84,"column":3}},"11":{"start":{"line":51,"column":6},"end":{"line":81,"column":7}},"12":{"start":{"line":52,"column":8},"end":{"line":52,"column":39}},"13":{"start":{"line":54,"column":23},"end":{"line":62,"column":10}},"14":{"start":{"line":64,"column":8},"end":{"line":64,"column":59}},"15":{"start":{"line":66,"column":8},"end":{"line":66,"column":38}},"16":{"start":{"line":68,"column":8},"end":{"line":68,"column":70}},"17":{"start":{"line":70,"column":8},"end":{"line":70,"column":27}},"18":{"start":{"line":72,"column":8},"end":{"line":78,"column":9}},"19":{"start":{"line":73,"column":25},"end":{"line":73,"column":49}},"20":{"start":{"line":75,"column":10},"end":{"line":75,"column":45}},"21":{"start":{"line":77,"column":10},"end":{"line":77,"column":17}},"22":{"start":{"line":80,"column":8},"end":{"line":80,"column":66}},"23":{"start":{"line":86,"column":2},"end":{"line":143,"column":4}},"24":{"start":{"line":90,"column":54},"end":{"line":90,"column":62}},"25":{"start":{"line":106,"column":37},"end":{"line":106,"column":67}},"26":{"start":{"line":117,"column":37},"end":{"line":117,"column":70}},"27":{"start":{"line":126,"column":37},"end":{"line":126,"column":66}},"28":{"start":{"line":134,"column":27},"end":{"line":134,"column":56}}},"fnMap":{"0":{"name":"(anonymous_0)","decl":{"start":{"line":33,"column":25},"end":{"line":33,"column":26}},"loc":{"start":{"line":33,"column":31},"end":{"line":144,"column":1}},"line":33},"1":{"name":"(anonymous_1)","decl":{"start":{"line":43,"column":12},"end":{"line":43,"column":13}},"loc":{"start":{"line":43,"column":18},"end":{"line":47,"column":3}},"line":43},"2":{"name":"(anonymous_2)","decl":{"start":{"line":44,"column":44},"end":{"line":44,"column":45}},"loc":{"start":{"line":45,"column":6},"end":{"line":45,"column":60}},"line":45},"3":{"name":"(anonymous_3)","decl":{"start":{"line":50,"column":4},"end":{"line":50,"column":5}},"loc":{"start":{"line":50,"column":36},"end":{"line":82,"column":5}},"line":50},"4":{"name":"(anonymous_4)","decl":{"start":{"line":90,"column":48},"end":{"line":90,"column":49}},"loc":{"start":{"line":90,"column":54},"end":{"line":90,"column":62}},"line":90},"5":{"name":"(anonymous_5)","decl":{"start":{"line":106,"column":31},"end":{"line":106,"column":32}},"loc":{"start":{"line":106,"column":37},"end":{"line":106,"column":67}},"line":106},"6":{"name":"(anonymous_6)","decl":{"start":{"line":117,"column":31},"end":{"line":117,"column":32}},"loc":{"start":{"line":117,"column":37},"end":{"line":117,"column":70}},"line":117},"7":{"name":"(anonymous_7)","decl":{"start":{"line":126,"column":31},"end":{"line":126,"column":32}},"loc":{"start":{"line":126,"column":37},"end":{"line":126,"column":66}},"line":126},"8":{"name":"(anonymous_8)","decl":{"start":{"line":134,"column":21},"end":{"line":134,"column":22}},"loc":{"start":{"line":134,"column":27},"end":{"line":134,"column":56}},"line":134}},"branchMap":{"0":{"loc":{"start":{"line":72,"column":8},"end":{"line":78,"column":9}},"type":"if","locations":[{"start":{"line":72,"column":8},"end":{"line":78,"column":9}},{"start":{"line":72,"column":8},"end":{"line":78,"column":9}}],"line":72}},"s":{"0":1,"1":5,"2":5,"3":5,"4":5,"5":5,"6":5,"7":5,"8":5,"9":0,"10":5,"11":3,"12":3,"13":3,"14":3,"15":2,"16":1,"17":1,"18":2,"19":1,"20":1,"21":1,"22":1,"23":5,"24":1,"25":0,"26":0,"27":0,"28":3},"f":{"0":5,"1":5,"2":0,"3":3,"4":1,"5":0,"6":0,"7":0,"8":3},"b":{"0":[1,1]},"_coverageSchema":"43e27e138ebf9cfc5966b082cf9a028302ed4184","hash":"b57b99346a50bd151e18da20636564f2be7fb921"}
,"C:\\Users\\Marcelo\\Desktop\\waller3.0\\waller\\src\\pages\\Config\\index.tsx": {"path":"C:\\Users\\Marcelo\\Desktop\\waller3.0\\waller\\src\\pages\\Config\\index.tsx","statementMap":{"0":{"start":{"line":22,"column":25},"end":{"line":112,"column":1}},"1":{"start":{"line":23,"column":22},"end":{"line":23,"column":31}},"2":{"start":{"line":24,"column":67},"end":{"line":24,"column":78}},"3":{"start":{"line":25,"column":21},"end":{"line":25,"column":36}},"4":{"start":{"line":27,"column":18},"end":{"line":27,"column":39}},"5":{"start":{"line":28,"column":23},"end":{"line":28,"column":61}},"6":{"start":{"line":30,"column":24},"end":{"line":49,"column":8}},"7":{"start":{"line":31,"column":4},"end":{"line":31,"column":24}},"8":{"start":{"line":32,"column":4},"end":{"line":32,"column":44}},"9":{"start":{"line":34,"column":4},"end":{"line":47,"column":15}},"10":{"start":{"line":51,"column":2},"end":{"line":51,"column":32}},"11":{"start":{"line":53,"column":2},"end":{"line":111,"column":4}}},"fnMap":{"0":{"name":"(anonymous_0)","decl":{"start":{"line":22,"column":25},"end":{"line":22,"column":26}},"loc":{"start":{"line":22,"column":31},"end":{"line":112,"column":1}},"line":22},"1":{"name":"(anonymous_1)","decl":{"start":{"line":30,"column":36},"end":{"line":30,"column":37}},"loc":{"start":{"line":30,"column":42},"end":{"line":49,"column":3}},"line":30}},"branchMap":{"0":{"loc":{"start":{"line":71,"column":13},"end":{"line":85,"column":13}},"type":"cond-expr","locations":[{"start":{"line":72,"column":14},"end":{"line":77,"column":16}},{"start":{"line":79,"column":14},"end":{"line":84,"column":16}}],"line":71},"1":{"loc":{"start":{"line":96,"column":21},"end":{"line":96,"column":71}},"type":"cond-expr","locations":[{"start":{"line":96,"column":35},"end":{"line":96,"column":47}},{"start":{"line":96,"column":50},"end":{"line":96,"column":71}}],"line":96}},"s":{"0":1,"1":2,"2":2,"3":2,"4":2,"5":2,"6":2,"7":1,"8":1,"9":1,"10":2,"11":2},"f":{"0":2,"1":1},"b":{"0":[1,1],"1":[1,1]},"_coverageSchema":"43e27e138ebf9cfc5966b082cf9a028302ed4184","hash":"fcdf97269c8cf3dcc0d898fe76c3d2d4c6962e81"}
,"C:\\Users\\Marcelo\\Desktop\\waller3.0\\waller\\src\\pages\\Config\\CheckBox\\index.tsx": {"path":"C:\\Users\\Marcelo\\Desktop\\waller3.0\\waller\\src\\pages\\Config\\CheckBox\\index.tsx","statementMap":{"0":{"start":{"line":15,"column":42},"end":{"line":58,"column":1}},"1":{"start":{"line":16,"column":44},"end":{"line":16,"column":62}},"2":{"start":{"line":18,"column":21},"end":{"line":18,"column":52}},"3":{"start":{"line":20,"column":18},"end":{"line":34,"column":31}},"4":{"start":{"line":21,"column":4},"end":{"line":33,"column":5}},"5":{"start":{"line":22,"column":6},"end":{"line":26,"column":17}},"6":{"start":{"line":28,"column":6},"end":{"line":32,"column":17}},"7":{"start":{"line":36,"column":2},"end":{"line":36,"column":40}},"8":{"start":{"line":36,"column":18},"end":{"line":36,"column":27}},"9":{"start":{"line":38,"column":18},"end":{"line":44,"column":40}},"10":{"start":{"line":39,"column":4},"end":{"line":39,"column":14}},"11":{"start":{"line":41,"column":4},"end":{"line":41,"column":29}},"12":{"start":{"line":43,"column":4},"end":{"line":43,"column":37}},"13":{"start":{"line":46,"column":2},"end":{"line":57,"column":4}}},"fnMap":{"0":{"name":"(anonymous_0)","decl":{"start":{"line":15,"column":42},"end":{"line":15,"column":43}},"loc":{"start":{"line":15,"column":79},"end":{"line":58,"column":1}},"line":15},"1":{"name":"(anonymous_1)","decl":{"start":{"line":20,"column":30},"end":{"line":20,"column":31}},"loc":{"start":{"line":20,"column":36},"end":{"line":34,"column":3}},"line":20},"2":{"name":"(anonymous_2)","decl":{"start":{"line":36,"column":12},"end":{"line":36,"column":13}},"loc":{"start":{"line":36,"column":18},"end":{"line":36,"column":27}},"line":36},"3":{"name":"(anonymous_3)","decl":{"start":{"line":38,"column":30},"end":{"line":38,"column":31}},"loc":{"start":{"line":38,"column":36},"end":{"line":44,"column":3}},"line":38}},"branchMap":{"0":{"loc":{"start":{"line":21,"column":4},"end":{"line":33,"column":5}},"type":"if","locations":[{"start":{"line":21,"column":4},"end":{"line":33,"column":5}},{"start":{"line":21,"column":4},"end":{"line":33,"column":5}}],"line":21}},"s":{"0":2,"1":8,"2":8,"3":8,"4":9,"5":5,"6":4,"7":8,"8":6,"9":8,"10":3,"11":3,"12":3,"13":8},"f":{"0":8,"1":9,"2":6,"3":3},"b":{"0":[5,4]},"_coverageSchema":"43e27e138ebf9cfc5966b082cf9a028302ed4184","hash":"898fad03aeaae2cf1987935724b7587df5952d44"}
,"C:\\Users\\Marcelo\\Desktop\\waller3.0\\waller\\src\\pages\\Dashboard\\index.tsx": {"path":"C:\\Users\\Marcelo\\Desktop\\waller3.0\\waller\\src\\pages\\Dashboard\\index.tsx","statementMap":{"0":{"start":{"line":20,"column":28},"end":{"line":129,"column":1}},"1":{"start":{"line":21,"column":19},"end":{"line":21,"column":28}},"2":{"start":{"line":23,"column":23},"end":{"line":23,"column":38}},"3":{"start":{"line":25,"column":33},"end":{"line":25,"column":78}},"4":{"start":{"line":27,"column":28},"end":{"line":33,"column":3}},"5":{"start":{"line":28,"column":11},"end":{"line":31,"column":5}},"6":{"start":{"line":35,"column":19},"end":{"line":41,"column":8}},"7":{"start":{"line":36,"column":20},"end":{"line":36,"column":51}},"8":{"start":{"line":38,"column":4},"end":{"line":38,"column":57}},"9":{"start":{"line":38,"column":37},"end":{"line":38,"column":57}},"10":{"start":{"line":39,"column":4},"end":{"line":39,"column":46}},"11":{"start":{"line":39,"column":22},"end":{"line":39,"column":46}},"12":{"start":{"line":40,"column":4},"end":{"line":40,"column":26}},"13":{"start":{"line":43,"column":56},"end":{"line":51,"column":3}},"14":{"start":{"line":44,"column":11},"end":{"line":49,"column":5}},"15":{"start":{"line":53,"column":18},"end":{"line":65,"column":21}},"16":{"start":{"line":54,"column":4},"end":{"line":54,"column":37}},"17":{"start":{"line":54,"column":27},"end":{"line":54,"column":37}},"18":{"start":{"line":56,"column":4},"end":{"line":64,"column":10}},"19":{"start":{"line":57,"column":23},"end":{"line":57,"column":41}},"20":{"start":{"line":58,"column":29},"end":{"line":64,"column":7}},"21":{"start":{"line":67,"column":2},"end":{"line":128,"column":4}},"22":{"start":{"line":74,"column":57},"end":{"line":74,"column":75}},"23":{"start":{"line":116,"column":25},"end":{"line":116,"column":31}}},"fnMap":{"0":{"name":"(anonymous_0)","decl":{"start":{"line":20,"column":28},"end":{"line":20,"column":29}},"loc":{"start":{"line":20,"column":34},"end":{"line":129,"column":1}},"line":20},"1":{"name":"(anonymous_1)","decl":{"start":{"line":28,"column":4},"end":{"line":28,"column":5}},"loc":{"start":{"line":28,"column":11},"end":{"line":31,"column":5}},"line":28},"2":{"name":"(anonymous_2)","decl":{"start":{"line":35,"column":31},"end":{"line":35,"column":32}},"loc":{"start":{"line":35,"column":37},"end":{"line":41,"column":3}},"line":35},"3":{"name":"(anonymous_3)","decl":{"start":{"line":44,"column":4},"end":{"line":44,"column":5}},"loc":{"start":{"line":44,"column":11},"end":{"line":49,"column":5}},"line":44},"4":{"name":"(anonymous_4)","decl":{"start":{"line":53,"column":26},"end":{"line":53,"column":27}},"loc":{"start":{"line":53,"column":32},"end":{"line":65,"column":3}},"line":53},"5":{"name":"(anonymous_5)","decl":{"start":{"line":57,"column":14},"end":{"line":57,"column":15}},"loc":{"start":{"line":57,"column":23},"end":{"line":57,"column":41}},"line":57},"6":{"name":"(anonymous_6)","decl":{"start":{"line":58,"column":11},"end":{"line":58,"column":12}},"loc":{"start":{"line":58,"column":29},"end":{"line":64,"column":7}},"line":58},"7":{"name":"(anonymous_7)","decl":{"start":{"line":74,"column":51},"end":{"line":74,"column":52}},"loc":{"start":{"line":74,"column":57},"end":{"line":74,"column":75}},"line":74},"8":{"name":"(anonymous_8)","decl":{"start":{"line":116,"column":19},"end":{"line":116,"column":20}},"loc":{"start":{"line":116,"column":25},"end":{"line":116,"column":31}},"line":116}},"branchMap":{"0":{"loc":{"start":{"line":38,"column":4},"end":{"line":38,"column":57}},"type":"if","locations":[{"start":{"line":38,"column":4},"end":{"line":38,"column":57}},{"start":{"line":38,"column":4},"end":{"line":38,"column":57}}],"line":38},"1":{"loc":{"start":{"line":38,"column":8},"end":{"line":38,"column":35}},"type":"binary-expr","locations":[{"start":{"line":38,"column":8},"end":{"line":38,"column":20}},{"start":{"line":38,"column":24},"end":{"line":38,"column":35}}],"line":38},"2":{"loc":{"start":{"line":39,"column":4},"end":{"line":39,"column":46}},"type":"if","locations":[{"start":{"line":39,"column":4},"end":{"line":39,"column":46}},{"start":{"line":39,"column":4},"end":{"line":39,"column":46}}],"line":39},"3":{"loc":{"start":{"line":45,"column":18},"end":{"line":45,"column":62}},"type":"binary-expr","locations":[{"start":{"line":45,"column":18},"end":{"line":45,"column":49}},{"start":{"line":45,"column":53},"end":{"line":45,"column":62}}],"line":45},"4":{"loc":{"start":{"line":46,"column":20},"end":{"line":46,"column":71}},"type":"binary-expr","locations":[{"start":{"line":46,"column":20},"end":{"line":46,"column":58}},{"start":{"line":46,"column":62},"end":{"line":46,"column":71}}],"line":46},"5":{"loc":{"start":{"line":46,"column":32},"end":{"line":46,"column":57}},"type":"binary-expr","locations":[{"start":{"line":46,"column":32},"end":{"line":46,"column":52}},{"start":{"line":46,"column":56},"end":{"line":46,"column":57}}],"line":46},"6":{"loc":{"start":{"line":47,"column":14},"end":{"line":47,"column":59}},"type":"binary-expr","locations":[{"start":{"line":47,"column":14},"end":{"line":47,"column":46}},{"start":{"line":47,"column":50},"end":{"line":47,"column":59}}],"line":47},"7":{"loc":{"start":{"line":47,"column":26},"end":{"line":47,"column":45}},"type":"binary-expr","locations":[{"start":{"line":47,"column":26},"end":{"line":47,"column":40}},{"start":{"line":47,"column":44},"end":{"line":47,"column":45}}],"line":47},"8":{"loc":{"start":{"line":48,"column":15},"end":{"line":48,"column":54}},"type":"binary-expr","locations":[{"start":{"line":48,"column":15},"end":{"line":48,"column":44}},{"start":{"line":48,"column":48},"end":{"line":48,"column":54}}],"line":48},"9":{"loc":{"start":{"line":48,"column":23},"end":{"line":48,"column":43}},"type":"binary-expr","locations":[{"start":{"line":48,"column":23},"end":{"line":48,"column":38}},{"start":{"line":48,"column":42},"end":{"line":48,"column":43}}],"line":48},"10":{"loc":{"start":{"line":54,"column":4},"end":{"line":54,"column":37}},"type":"if","locations":[{"start":{"line":54,"column":4},"end":{"line":54,"column":37}},{"start":{"line":54,"column":4},"end":{"line":54,"column":37}}],"line":54},"11":{"loc":{"start":{"line":54,"column":8},"end":{"line":54,"column":25}},"type":"binary-expr","locations":[{"start":{"line":54,"column":8},"end":{"line":54,"column":14}},{"start":{"line":54,"column":18},"end":{"line":54,"column":25}}],"line":54},"12":{"loc":{"start":{"line":102,"column":7},"end":{"line":126,"column":7}},"type":"cond-expr","locations":[{"start":{"line":103,"column":8},"end":{"line":109,"column":11}},{"start":{"line":111,"column":8},"end":{"line":125,"column":10}}],"line":102},"13":{"loc":{"start":{"line":104,"column":11},"end":{"line":108,"column":11}},"type":"cond-expr","locations":[{"start":{"line":105,"column":12},"end":{"line":105,"column":34}},{"start":{"line":107,"column":12},"end":{"line":107,"column":47}}],"line":104}},"s":{"0":1,"1":12,"2":12,"3":12,"4":12,"5":5,"6":12,"7":12,"8":12,"9":6,"10":6,"11":3,"12":3,"13":12,"14":5,"15":12,"16":5,"17":1,"18":4,"19":24,"20":24,"21":12,"22":1,"23":12},"f":{"0":12,"1":5,"2":12,"3":5,"4":5,"5":24,"6":24,"7":1,"8":12},"b":{"0":[6,6],"1":[12,6],"2":[3,3],"3":[5,1],"4":[5,1],"5":[5,1],"6":[5,5],"7":[5,5],"8":[5,1],"9":[5,1],"10":[1,4],"11":[5,4],"12":[0,12],"13":[0,0]},"_coverageSchema":"43e27e138ebf9cfc5966b082cf9a028302ed4184","hash":"7004ba5ba10b748bcc5ec24a2f3488b1bb941582"}
,"C:\\Users\\Marcelo\\Desktop\\waller3.0\\waller\\src\\pages\\Dashboard\\Card\\index.tsx": {"path":"C:\\Users\\Marcelo\\Desktop\\waller3.0\\waller\\src\\pages\\Dashboard\\Card\\index.tsx","statementMap":{"0":{"start":{"line":16,"column":34},"end":{"line":37,"column":1}},"1":{"start":{"line":17,"column":2},"end":{"line":36,"column":4}}},"fnMap":{"0":{"name":"(anonymous_0)","decl":{"start":{"line":16,"column":34},"end":{"line":16,"column":35}},"loc":{"start":{"line":16,"column":74},"end":{"line":37,"column":1}},"line":16}},"branchMap":{"0":{"loc":{"start":{"line":21,"column":7},"end":{"line":34,"column":7}},"type":"cond-expr","locations":[{"start":{"line":22,"column":8},"end":{"line":22,"column":41}},{"start":{"line":24,"column":8},"end":{"line":33,"column":22}}],"line":21}},"s":{"0":1,"1":48},"f":{"0":48},"b":{"0":[16,32]},"_coverageSchema":"43e27e138ebf9cfc5966b082cf9a028302ed4184","hash":"fc1862962244b2b0c2ce6b9b5e97ec9ee91084de"}
,"C:\\Users\\Marcelo\\Desktop\\waller3.0\\waller\\src\\pages\\Dividends\\index.tsx": {"path":"C:\\Users\\Marcelo\\Desktop\\waller3.0\\waller\\src\\pages\\Dividends\\index.tsx","statementMap":{"0":{"start":{"line":31,"column":28},"end":{"line":203,"column":1}},"1":{"start":{"line":32,"column":28},"end":{"line":32,"column":40}},"2":{"start":{"line":33,"column":30},"end":{"line":33,"column":42}},"3":{"start":{"line":34,"column":40},"end":{"line":34,"column":62}},"4":{"start":{"line":35,"column":44},"end":{"line":35,"column":73}},"5":{"start":{"line":36,"column":27},"end":{"line":36,"column":61}},"6":{"start":{"line":38,"column":33},"end":{"line":40,"column":3}},"7":{"start":{"line":41,"column":63},"end":{"line":43,"column":24}},"8":{"start":{"line":45,"column":20},"end":{"line":69,"column":15}},"9":{"start":{"line":46,"column":29},"end":{"line":46,"column":31}},"10":{"start":{"line":47,"column":21},"end":{"line":47,"column":23}},"11":{"start":{"line":49,"column":29},"end":{"line":53,"column":5}},"12":{"start":{"line":51,"column":19},"end":{"line":51,"column":33}},"13":{"start":{"line":55,"column":4},"end":{"line":62,"column":9}},"14":{"start":{"line":56,"column":35},"end":{"line":56,"column":60}},"15":{"start":{"line":58,"column":8},"end":{"line":60,"column":10}},"16":{"start":{"line":61,"column":8},"end":{"line":61,"column":40}},"17":{"start":{"line":64,"column":4},"end":{"line":64,"column":27}},"18":{"start":{"line":66,"column":4},"end":{"line":66,"column":27}},"19":{"start":{"line":68,"column":4},"end":{"line":68,"column":32}},"20":{"start":{"line":71,"column":25},"end":{"line":97,"column":3}},"21":{"start":{"line":73,"column":24},"end":{"line":76,"column":7}},"22":{"start":{"line":75,"column":10},"end":{"line":75,"column":73}},"23":{"start":{"line":78,"column":6},"end":{"line":94,"column":7}},"24":{"start":{"line":80,"column":10},"end":{"line":81,"column":44}},"25":{"start":{"line":83,"column":8},"end":{"line":87,"column":10}},"26":{"start":{"line":89,"column":8},"end":{"line":93,"column":11}},"27":{"start":{"line":99,"column":2},"end":{"line":111,"column":40}},"28":{"start":{"line":100,"column":29},"end":{"line":102,"column":5}},"29":{"start":{"line":101,"column":11},"end":{"line":101,"column":72}},"30":{"start":{"line":104,"column":45},"end":{"line":104,"column":47}},"31":{"start":{"line":106,"column":4},"end":{"line":108,"column":7}},"32":{"start":{"line":107,"column":6},"end":{"line":107,"column":48}},"33":{"start":{"line":110,"column":4},"end":{"line":110,"column":38}},"34":{"start":{"line":113,"column":28},"end":{"line":123,"column":28}},"35":{"start":{"line":114,"column":45},"end":{"line":114,"column":47}},"36":{"start":{"line":116,"column":4},"end":{"line":118,"column":7}},"37":{"start":{"line":117,"column":6},"end":{"line":117,"column":48}},"38":{"start":{"line":120,"column":4},"end":{"line":120,"column":38}},"39":{"start":{"line":121,"column":4},"end":{"line":121,"column":37}},"40":{"start":{"line":122,"column":4},"end":{"line":122,"column":42}},"41":{"start":{"line":125,"column":26},"end":{"line":137,"column":31}},"42":{"start":{"line":126,"column":45},"end":{"line":126,"column":47}},"43":{"start":{"line":128,"column":4},"end":{"line":132,"column":7}},"44":{"start":{"line":129,"column":6},"end":{"line":131,"column":9}},"45":{"start":{"line":130,"column":8},"end":{"line":130,"column":50}},"46":{"start":{"line":134,"column":4},"end":{"line":134,"column":38}},"47":{"start":{"line":135,"column":4},"end":{"line":135,"column":35}},"48":{"start":{"line":136,"column":4},"end":{"line":136,"column":42}},"49":{"start":{"line":139,"column":2},"end":{"line":139,"column":32}},"50":{"start":{"line":141,"column":2},"end":{"line":202,"column":4}},"51":{"start":{"line":182,"column":14},"end":{"line":182,"column":44}},"52":{"start":{"line":183,"column":14},"end":{"line":183,"column":58}},"53":{"start":{"line":184,"column":14},"end":{"line":184,"column":52}},"54":{"start":{"line":189,"column":27},"end":{"line":189,"column":41}}},"fnMap":{"0":{"name":"(anonymous_0)","decl":{"start":{"line":31,"column":28},"end":{"line":31,"column":29}},"loc":{"start":{"line":31,"column":34},"end":{"line":203,"column":1}},"line":31},"1":{"name":"(anonymous_1)","decl":{"start":{"line":45,"column":28},"end":{"line":45,"column":29}},"loc":{"start":{"line":45,"column":34},"end":{"line":69,"column":3}},"line":45},"2":{"name":"(anonymous_2)","decl":{"start":{"line":51,"column":13},"end":{"line":51,"column":14}},"loc":{"start":{"line":51,"column":19},"end":{"line":51,"column":33}},"line":51},"3":{"name":"(anonymous_3)","decl":{"start":{"line":56,"column":14},"end":{"line":56,"column":15}},"loc":{"start":{"line":56,"column":35},"end":{"line":56,"column":60}},"line":56},"4":{"name":"(anonymous_4)","decl":{"start":{"line":57,"column":15},"end":{"line":57,"column":16}},"loc":{"start":{"line":57,"column":25},"end":{"line":62,"column":7}},"line":57},"5":{"name":"(anonymous_5)","decl":{"start":{"line":72,"column":4},"end":{"line":72,"column":5}},"loc":{"start":{"line":72,"column":63},"end":{"line":95,"column":5}},"line":72},"6":{"name":"(anonymous_6)","decl":{"start":{"line":74,"column":8},"end":{"line":74,"column":9}},"loc":{"start":{"line":75,"column":10},"end":{"line":75,"column":73}},"line":75},"7":{"name":"(anonymous_7)","decl":{"start":{"line":99,"column":12},"end":{"line":99,"column":13}},"loc":{"start":{"line":99,"column":18},"end":{"line":111,"column":3}},"line":99},"8":{"name":"(anonymous_8)","decl":{"start":{"line":101,"column":6},"end":{"line":101,"column":7}},"loc":{"start":{"line":101,"column":11},"end":{"line":101,"column":72}},"line":101},"9":{"name":"(anonymous_9)","decl":{"start":{"line":106,"column":40},"end":{"line":106,"column":41}},"loc":{"start":{"line":106,"column":52},"end":{"line":108,"column":5}},"line":106},"10":{"name":"(anonymous_10)","decl":{"start":{"line":113,"column":40},"end":{"line":113,"column":41}},"loc":{"start":{"line":113,"column":46},"end":{"line":123,"column":3}},"line":113},"11":{"name":"(anonymous_11)","decl":{"start":{"line":116,"column":28},"end":{"line":116,"column":29}},"loc":{"start":{"line":116,"column":40},"end":{"line":118,"column":5}},"line":116},"12":{"name":"(anonymous_12)","decl":{"start":{"line":125,"column":38},"end":{"line":125,"column":39}},"loc":{"start":{"line":125,"column":44},"end":{"line":137,"column":3}},"line":125},"13":{"name":"(anonymous_13)","decl":{"start":{"line":128,"column":31},"end":{"line":128,"column":32}},"loc":{"start":{"line":128,"column":41},"end":{"line":132,"column":5}},"line":128},"14":{"name":"(anonymous_14)","decl":{"start":{"line":129,"column":31},"end":{"line":129,"column":32}},"loc":{"start":{"line":129,"column":43},"end":{"line":131,"column":7}},"line":129},"15":{"name":"(anonymous_15)","decl":{"start":{"line":181,"column":30},"end":{"line":181,"column":31}},"loc":{"start":{"line":181,"column":45},"end":{"line":185,"column":13}},"line":181},"16":{"name":"(anonymous_16)","decl":{"start":{"line":189,"column":21},"end":{"line":189,"column":22}},"loc":{"start":{"line":189,"column":27},"end":{"line":189,"column":41}},"line":189}},"branchMap":{"0":{"loc":{"start":{"line":75,"column":10},"end":{"line":75,"column":73}},"type":"binary-expr","locations":[{"start":{"line":75,"column":10},"end":{"line":75,"column":39}},{"start":{"line":75,"column":43},"end":{"line":75,"column":73}}],"line":75},"1":{"loc":{"start":{"line":78,"column":6},"end":{"line":94,"column":7}},"type":"if","locations":[{"start":{"line":78,"column":6},"end":{"line":94,"column":7}},{"start":{"line":78,"column":6},"end":{"line":94,"column":7}}],"line":78},"2":{"loc":{"start":{"line":167,"column":9},"end":{"line":199,"column":9}},"type":"binary-expr","locations":[{"start":{"line":167,"column":9},"end":{"line":167,"column":48}},{"start":{"line":168,"column":10},"end":{"line":198,"column":12}}],"line":167}},"s":{"0":0,"1":0,"2":0,"3":0,"4":0,"5":0,"6":0,"7":0,"8":0,"9":0,"10":0,"11":0,"12":0,"13":0,"14":0,"15":0,"16":0,"17":0,"18":0,"19":0,"20":0,"21":0,"22":0,"23":0,"24":0,"25":0,"26":0,"27":0,"28":0,"29":0,"30":0,"31":0,"32":0,"33":0,"34":0,"35":0,"36":0,"37":0,"38":0,"39":0,"40":0,"41":0,"42":0,"43":0,"44":0,"45":0,"46":0,"47":0,"48":0,"49":0,"50":0,"51":0,"52":0,"53":0,"54":0},"f":{"0":0,"1":0,"2":0,"3":0,"4":0,"5":0,"6":0,"7":0,"8":0,"9":0,"10":0,"11":0,"12":0,"13":0,"14":0,"15":0,"16":0},"b":{"0":[0,0],"1":[0,0],"2":[0,0]},"hash":"0375d0e9236369da95f4517b3a59b747dca9ff9f"}
,"C:\\Users\\Marcelo\\Desktop\\waller3.0\\waller\\src\\pages\\Dividends\\Card\\index.tsx": {"path":"C:\\Users\\Marcelo\\Desktop\\waller3.0\\waller\\src\\pages\\Dividends\\Card\\index.tsx","statementMap":{"0":{"start":{"line":18,"column":34},"end":{"line":37,"column":1}},"1":{"start":{"line":19,"column":23},"end":{"line":19,"column":65}},"2":{"start":{"line":19,"column":37},"end":{"line":19,"column":55}},"3":{"start":{"line":21,"column":2},"end":{"line":21,"column":32}},"4":{"start":{"line":23,"column":2},"end":{"line":36,"column":4}}},"fnMap":{"0":{"name":"(anonymous_0)","decl":{"start":{"line":18,"column":34},"end":{"line":18,"column":35}},"loc":{"start":{"line":18,"column":74},"end":{"line":37,"column":1}},"line":18},"1":{"name":"(anonymous_1)","decl":{"start":{"line":19,"column":31},"end":{"line":19,"column":32}},"loc":{"start":{"line":19,"column":37},"end":{"line":19,"column":55}},"line":19}},"branchMap":{"0":{"loc":{"start":{"line":29,"column":9},"end":{"line":33,"column":9}},"type":"cond-expr","locations":[{"start":{"line":30,"column":10},"end":{"line":30,"column":31}},{"start":{"line":32,"column":10},"end":{"line":32,"column":47}}],"line":29}},"s":{"0":0,"1":0,"2":0,"3":0,"4":0},"f":{"0":0,"1":0},"b":{"0":[0,0]},"hash":"c2ead7f64ff81b540755d040115716800666239d"}
,"C:\\Users\\Marcelo\\Desktop\\waller3.0\\waller\\src\\pages\\Dividends\\ListDividends\\index.tsx": {"path":"C:\\Users\\Marcelo\\Desktop\\waller3.0\\waller\\src\\pages\\Dividends\\ListDividends\\index.tsx","statementMap":{"0":{"start":{"line":49,"column":16},"end":{"line":54,"column":1}},"1":{"start":{"line":59,"column":4},"end":{"line":143,"column":1}},"2":{"start":{"line":60,"column":32},"end":{"line":60,"column":47}},"3":{"start":{"line":61,"column":32},"end":{"line":61,"column":48}},"4":{"start":{"line":62,"column":28},"end":{"line":62,"column":59}},"5":{"start":{"line":64,"column":18},"end":{"line":64,"column":57}},"6":{"start":{"line":66,"column":16},"end":{"line":73,"column":17}},"7":{"start":{"line":67,"column":27},"end":{"line":70,"column":5}},"8":{"start":{"line":68,"column":37},"end":{"line":68,"column":77}},"9":{"start":{"line":72,"column":4},"end":{"line":72,"column":39}},"10":{"start":{"line":75,"column":27},"end":{"line":96,"column":33}},"11":{"start":{"line":76,"column":4},"end":{"line":76,"column":30}},"12":{"start":{"line":76,"column":20},"end":{"line":76,"column":30}},"13":{"start":{"line":78,"column":30},"end":{"line":85,"column":7}},"14":{"start":{"line":78,"column":58},"end":{"line":85,"column":5}},"15":{"start":{"line":87,"column":27},"end":{"line":90,"column":5}},"16":{"start":{"line":92,"column":4},"end":{"line":95,"column":8}},"17":{"start":{"line":92,"column":43},"end":{"line":95,"column":5}},"18":{"start":{"line":98,"column":20},"end":{"line":98,"column":59}},"19":{"start":{"line":98,"column":38},"end":{"line":98,"column":54}},"20":{"start":{"line":100,"column":21},"end":{"line":100,"column":61}},"21":{"start":{"line":100,"column":39},"end":{"line":100,"column":56}},"22":{"start":{"line":102,"column":2},"end":{"line":102,"column":50}},"23":{"start":{"line":102,"column":34},"end":{"line":102,"column":47}},"24":{"start":{"line":104,"column":2},"end":{"line":142,"column":4}},"25":{"start":{"line":122,"column":34},"end":{"line":122,"column":41}},"26":{"start":{"line":124,"column":14},"end":{"line":131,"column":25}}},"fnMap":{"0":{"name":"(anonymous_0)","decl":{"start":{"line":59,"column":4},"end":{"line":59,"column":5}},"loc":{"start":{"line":59,"column":49},"end":{"line":143,"column":1}},"line":59},"1":{"name":"(anonymous_1)","decl":{"start":{"line":66,"column":24},"end":{"line":66,"column":25}},"loc":{"start":{"line":66,"column":30},"end":{"line":73,"column":3}},"line":66},"2":{"name":"(anonymous_2)","decl":{"start":{"line":68,"column":6},"end":{"line":68,"column":7}},"loc":{"start":{"line":68,"column":37},"end":{"line":68,"column":77}},"line":68},"3":{"name":"(anonymous_3)","decl":{"start":{"line":75,"column":35},"end":{"line":75,"column":36}},"loc":{"start":{"line":75,"column":41},"end":{"line":96,"column":3}},"line":75},"4":{"name":"(anonymous_4)","decl":{"start":{"line":78,"column":45},"end":{"line":78,"column":46}},"loc":{"start":{"line":78,"column":58},"end":{"line":85,"column":5}},"line":78},"5":{"name":"(anonymous_5)","decl":{"start":{"line":92,"column":30},"end":{"line":92,"column":31}},"loc":{"start":{"line":92,"column":43},"end":{"line":95,"column":5}},"line":92},"6":{"name":"(anonymous_6)","decl":{"start":{"line":98,"column":32},"end":{"line":98,"column":33}},"loc":{"start":{"line":98,"column":38},"end":{"line":98,"column":54}},"line":98},"7":{"name":"(anonymous_7)","decl":{"start":{"line":100,"column":33},"end":{"line":100,"column":34}},"loc":{"start":{"line":100,"column":39},"end":{"line":100,"column":56}},"line":100},"8":{"name":"(anonymous_8)","decl":{"start":{"line":102,"column":27},"end":{"line":102,"column":28}},"loc":{"start":{"line":102,"column":34},"end":{"line":102,"column":47}},"line":102},"9":{"name":"(anonymous_9)","decl":{"start":{"line":122,"column":26},"end":{"line":122,"column":27}},"loc":{"start":{"line":122,"column":34},"end":{"line":122,"column":41}},"line":122},"10":{"name":"(anonymous_10)","decl":{"start":{"line":123,"column":24},"end":{"line":123,"column":25}},"loc":{"start":{"line":124,"column":14},"end":{"line":131,"column":25}},"line":124}},"branchMap":{"0":{"loc":{"start":{"line":59,"column":7},"end":{"line":59,"column":26}},"type":"default-arg","locations":[{"start":{"line":59,"column":15},"end":{"line":59,"column":26}}],"line":59},"1":{"loc":{"start":{"line":76,"column":4},"end":{"line":76,"column":30}},"type":"if","locations":[{"start":{"line":76,"column":4},"end":{"line":76,"column":30}},{"start":{"line":76,"column":4},"end":{"line":76,"column":30}}],"line":76}},"s":{"0":0,"1":0,"2":0,"3":0,"4":0,"5":0,"6":0,"7":0,"8":0,"9":0,"10":0,"11":0,"12":0,"13":0,"14":0,"15":0,"16":0,"17":0,"18":0,"19":0,"20":0,"21":0,"22":0,"23":0,"24":0,"25":0,"26":0},"f":{"0":0,"1":0,"2":0,"3":0,"4":0,"5":0,"6":0,"7":0,"8":0,"9":0,"10":0},"b":{"0":[0],"1":[0,0]},"hash":"80134b403e135a32c45885c975ec72f316a488b8"}
,"C:\\Users\\Marcelo\\Desktop\\waller3.0\\waller\\src\\pages\\ListActives\\index.tsx": {"path":"C:\\Users\\Marcelo\\Desktop\\waller3.0\\waller\\src\\pages\\ListActives\\index.tsx","statementMap":{"0":{"start":{"line":36,"column":30},"end":{"line":156,"column":1}},"1":{"start":{"line":37,"column":15},"end":{"line":37,"column":68}},"2":{"start":{"line":38,"column":16},"end":{"line":38,"column":64}},"3":{"start":{"line":40,"column":32},"end":{"line":40,"column":47}},"4":{"start":{"line":41,"column":44},"end":{"line":41,"column":59}},"5":{"start":{"line":42,"column":32},"end":{"line":42,"column":60}},"6":{"start":{"line":44,"column":25},"end":{"line":57,"column":3}},"7":{"start":{"line":46,"column":6},"end":{"line":55,"column":9}},"8":{"start":{"line":46,"column":37},"end":{"line":55,"column":7}},"9":{"start":{"line":59,"column":2},"end":{"line":66,"column":23}},"10":{"start":{"line":60,"column":4},"end":{"line":60,"column":21}},"11":{"start":{"line":62,"column":4},"end":{"line":65,"column":40}},"12":{"start":{"line":64,"column":24},"end":{"line":64,"column":73}},"13":{"start":{"line":65,"column":21},"end":{"line":65,"column":38}},"14":{"start":{"line":68,"column":29},"end":{"line":81,"column":35}},"15":{"start":{"line":69,"column":4},"end":{"line":69,"column":27}},"16":{"start":{"line":71,"column":4},"end":{"line":71,"column":34}},"17":{"start":{"line":72,"column":4},"end":{"line":72,"column":35}},"18":{"start":{"line":74,"column":4},"end":{"line":78,"column":14}},"19":{"start":{"line":75,"column":23},"end":{"line":75,"column":73}},"20":{"start":{"line":76,"column":28},"end":{"line":76,"column":65}},"21":{"start":{"line":77,"column":6},"end":{"line":77,"column":32}},"22":{"start":{"line":80,"column":4},"end":{"line":80,"column":28}},"23":{"start":{"line":83,"column":24},"end":{"line":101,"column":19}},"24":{"start":{"line":84,"column":4},"end":{"line":84,"column":51}},"25":{"start":{"line":85,"column":4},"end":{"line":85,"column":47}},"26":{"start":{"line":87,"column":4},"end":{"line":100,"column":15}},"27":{"start":{"line":103,"column":42},"end":{"line":103,"column":57}},"28":{"start":{"line":105,"column":2},"end":{"line":109,"column":51}},"29":{"start":{"line":106,"column":4},"end":{"line":106,"column":48}},"30":{"start":{"line":106,"column":31},"end":{"line":106,"column":46}},"31":{"start":{"line":108,"column":4},"end":{"line":108,"column":51}},"32":{"start":{"line":108,"column":17},"end":{"line":108,"column":50}},"33":{"start":{"line":111,"column":2},"end":{"line":155,"column":4}},"34":{"start":{"line":126,"column":32},"end":{"line":126,"column":39}},"35":{"start":{"line":131,"column":12},"end":{"line":150,"column":19}}},"fnMap":{"0":{"name":"(anonymous_0)","decl":{"start":{"line":36,"column":30},"end":{"line":36,"column":31}},"loc":{"start":{"line":36,"column":36},"end":{"line":156,"column":1}},"line":36},"1":{"name":"(anonymous_1)","decl":{"start":{"line":45,"column":4},"end":{"line":45,"column":5}},"loc":{"start":{"line":46,"column":6},"end":{"line":55,"column":9}},"line":46},"2":{"name":"(anonymous_2)","decl":{"start":{"line":46,"column":22},"end":{"line":46,"column":23}},"loc":{"start":{"line":46,"column":37},"end":{"line":55,"column":7}},"line":46},"3":{"name":"(anonymous_3)","decl":{"start":{"line":59,"column":12},"end":{"line":59,"column":13}},"loc":{"start":{"line":59,"column":18},"end":{"line":66,"column":3}},"line":59},"4":{"name":"(anonymous_4)","decl":{"start":{"line":64,"column":12},"end":{"line":64,"column":13}},"loc":{"start":{"line":64,"column":24},"end":{"line":64,"column":73}},"line":64},"5":{"name":"(anonymous_5)","decl":{"start":{"line":65,"column":15},"end":{"line":65,"column":16}},"loc":{"start":{"line":65,"column":21},"end":{"line":65,"column":38}},"line":65},"6":{"name":"(anonymous_6)","decl":{"start":{"line":68,"column":41},"end":{"line":68,"column":42}},"loc":{"start":{"line":68,"column":53},"end":{"line":81,"column":3}},"line":68},"7":{"name":"(anonymous_7)","decl":{"start":{"line":83,"column":36},"end":{"line":83,"column":37}},"loc":{"start":{"line":83,"column":42},"end":{"line":101,"column":3}},"line":83},"8":{"name":"(anonymous_8)","decl":{"start":{"line":105,"column":12},"end":{"line":105,"column":13}},"loc":{"start":{"line":105,"column":18},"end":{"line":109,"column":3}},"line":105},"9":{"name":"(anonymous_9)","decl":{"start":{"line":106,"column":25},"end":{"line":106,"column":26}},"loc":{"start":{"line":106,"column":31},"end":{"line":106,"column":46}},"line":106},"10":{"name":"(anonymous_10)","decl":{"start":{"line":108,"column":11},"end":{"line":108,"column":12}},"loc":{"start":{"line":108,"column":17},"end":{"line":108,"column":50}},"line":108},"11":{"name":"(anonymous_11)","decl":{"start":{"line":108,"column":41},"end":{"line":108,"column":42}},"loc":{"start":{"line":108,"column":47},"end":{"line":108,"column":49}},"line":108},"12":{"name":"(anonymous_12)","decl":{"start":{"line":126,"column":24},"end":{"line":126,"column":25}},"loc":{"start":{"line":126,"column":32},"end":{"line":126,"column":39}},"line":126},"13":{"name":"(anonymous_13)","decl":{"start":{"line":130,"column":22},"end":{"line":130,"column":23}},"loc":{"start":{"line":131,"column":12},"end":{"line":150,"column":19}},"line":131}},"branchMap":{"0":{"loc":{"start":{"line":117,"column":7},"end":{"line":153,"column":7}},"type":"cond-expr","locations":[{"start":{"line":118,"column":8},"end":{"line":118,"column":30}},{"start":{"line":119,"column":10},"end":{"line":153,"column":7}}],"line":117},"1":{"loc":{"start":{"line":119,"column":10},"end":{"line":153,"column":7}},"type":"cond-expr","locations":[{"start":{"line":120,"column":8},"end":{"line":120,"column":43}},{"start":{"line":122,"column":8},"end":{"line":152,"column":10}}],"line":119},"2":{"loc":{"start":{"line":133,"column":42},"end":{"line":133,"column":70}},"type":"cond-expr","locations":[{"start":{"line":133,"column":54},"end":{"line":133,"column":61}},{"start":{"line":133,"column":64},"end":{"line":133,"column":70}}],"line":133}},"s":{"0":1,"1":7,"2":7,"3":7,"4":7,"5":7,"6":7,"7":2,"8":4,"9":7,"10":1,"11":1,"12":1,"13":1,"14":7,"15":1,"16":1,"17":1,"18":1,"19":1,"20":1,"21":1,"22":1,"23":7,"24":0,"25":0,"26":0,"27":7,"28":7,"29":7,"30":0,"31":7,"32":7,"33":7,"34":8,"35":8},"f":{"0":7,"1":2,"2":4,"3":1,"4":1,"5":1,"6":1,"7":0,"8":7,"9":0,"10":7,"11":0,"12":8,"13":8},"b":{"0":[2,5],"1":[1,4],"2":[4,4]},"_coverageSchema":"43e27e138ebf9cfc5966b082cf9a028302ed4184","hash":"bbbdb578d15e89aabc486dabfdc84e48ccd81b98"}
,"C:\\Users\\Marcelo\\Desktop\\waller3.0\\waller\\src\\pages\\Performance\\index.tsx": {"path":"C:\\Users\\Marcelo\\Desktop\\waller3.0\\waller\\src\\pages\\Performance\\index.tsx","statementMap":{"0":{"start":{"line":15,"column":12},"end":{"line":15,"column":43}},"1":{"start":{"line":17,"column":30},"end":{"line":50,"column":1}},"2":{"start":{"line":18,"column":2},"end":{"line":18,"column":32}},"3":{"start":{"line":20,"column":2},"end":{"line":49,"column":4}}},"fnMap":{"0":{"name":"(anonymous_0)","decl":{"start":{"line":17,"column":30},"end":{"line":17,"column":31}},"loc":{"start":{"line":17,"column":36},"end":{"line":50,"column":1}},"line":17}},"branchMap":{},"s":{"0":0,"1":0,"2":0,"3":0},"f":{"0":0},"b":{},"hash":"f3d2340be2eab34f5b9d9c5ce77073c1282b62b5"}
,"C:\\Users\\Marcelo\\Desktop\\waller3.0\\waller\\src\\pages\\Performance\\Actives\\index.tsx": {"path":"C:\\Users\\Marcelo\\Desktop\\waller3.0\\waller\\src\\pages\\Performance\\Actives\\index.tsx","statementMap":{"0":{"start":{"line":33,"column":26},"end":{"line":120,"column":1}},"1":{"start":{"line":34,"column":32},"end":{"line":34,"column":48}},"2":{"start":{"line":35,"column":28},"end":{"line":35,"column":59}},"3":{"start":{"line":37,"column":19},"end":{"line":37,"column":64}},"4":{"start":{"line":39,"column":19},"end":{"line":39,"column":29}},"5":{"start":{"line":40,"column":24},"end":{"line":40,"column":35}},"6":{"start":{"line":42,"column":18},"end":{"line":42,"column":57}},"7":{"start":{"line":44,"column":19},"end":{"line":47,"column":12}},"8":{"start":{"line":45,"column":4},"end":{"line":45,"column":59}},"9":{"start":{"line":45,"column":45},"end":{"line":45,"column":59}},"10":{"start":{"line":46,"column":4},"end":{"line":46,"column":18}},"11":{"start":{"line":49,"column":24},"end":{"line":58,"column":3}},"12":{"start":{"line":50,"column":10},"end":{"line":56,"column":5}},"13":{"start":{"line":60,"column":22},"end":{"line":85,"column":34}},"14":{"start":{"line":61,"column":4},"end":{"line":61,"column":25}},"15":{"start":{"line":61,"column":15},"end":{"line":61,"column":25}},"16":{"start":{"line":63,"column":47},"end":{"line":72,"column":9}},"17":{"start":{"line":64,"column":28},"end":{"line":64,"column":59}},"18":{"start":{"line":65,"column":26},"end":{"line":72,"column":7}},"19":{"start":{"line":74,"column":4},"end":{"line":77,"column":6}},"20":{"start":{"line":79,"column":4},"end":{"line":84,"column":8}},"21":{"start":{"line":79,"column":48},"end":{"line":84,"column":5}},"22":{"start":{"line":87,"column":2},"end":{"line":119,"column":4}},"23":{"start":{"line":99,"column":36},"end":{"line":99,"column":45}},"24":{"start":{"line":101,"column":14},"end":{"line":113,"column":21}}},"fnMap":{"0":{"name":"(anonymous_0)","decl":{"start":{"line":33,"column":26},"end":{"line":33,"column":27}},"loc":{"start":{"line":33,"column":32},"end":{"line":120,"column":1}},"line":33},"1":{"name":"(anonymous_1)","decl":{"start":{"line":44,"column":27},"end":{"line":44,"column":28}},"loc":{"start":{"line":44,"column":33},"end":{"line":47,"column":3}},"line":44},"2":{"name":"(anonymous_2)","decl":{"start":{"line":50,"column":4},"end":{"line":50,"column":5}},"loc":{"start":{"line":50,"column":10},"end":{"line":56,"column":5}},"line":50},"3":{"name":"(anonymous_3)","decl":{"start":{"line":60,"column":30},"end":{"line":60,"column":31}},"loc":{"start":{"line":60,"column":36},"end":{"line":85,"column":3}},"line":60},"4":{"name":"(anonymous_4)","decl":{"start":{"line":64,"column":14},"end":{"line":64,"column":15}},"loc":{"start":{"line":64,"column":28},"end":{"line":64,"column":59}},"line":64},"5":{"name":"(anonymous_5)","decl":{"start":{"line":65,"column":11},"end":{"line":65,"column":12}},"loc":{"start":{"line":65,"column":26},"end":{"line":72,"column":7}},"line":65},"6":{"name":"(anonymous_6)","decl":{"start":{"line":79,"column":33},"end":{"line":79,"column":34}},"loc":{"start":{"line":79,"column":48},"end":{"line":84,"column":5}},"line":79},"7":{"name":"(anonymous_7)","decl":{"start":{"line":99,"column":26},"end":{"line":99,"column":27}},"loc":{"start":{"line":99,"column":36},"end":{"line":99,"column":45}},"line":99},"8":{"name":"(anonymous_8)","decl":{"start":{"line":100,"column":24},"end":{"line":100,"column":25}},"loc":{"start":{"line":101,"column":14},"end":{"line":113,"column":21}},"line":101}},"branchMap":{"0":{"loc":{"start":{"line":45,"column":4},"end":{"line":45,"column":59}},"type":"if","locations":[{"start":{"line":45,"column":4},"end":{"line":45,"column":59}},{"start":{"line":45,"column":4},"end":{"line":45,"column":59}}],"line":45},"1":{"loc":{"start":{"line":45,"column":8},"end":{"line":45,"column":43}},"type":"binary-expr","locations":[{"start":{"line":45,"column":8},"end":{"line":45,"column":24}},{"start":{"line":45,"column":28},"end":{"line":45,"column":43}}],"line":45},"2":{"loc":{"start":{"line":61,"column":4},"end":{"line":61,"column":25}},"type":"if","locations":[{"start":{"line":61,"column":4},"end":{"line":61,"column":25}},{"start":{"line":61,"column":4},"end":{"line":61,"column":25}}],"line":61},"3":{"loc":{"start":{"line":89,"column":7},"end":{"line":117,"column":7}},"type":"cond-expr","locations":[{"start":{"line":90,"column":8},"end":{"line":90,"column":53}},{"start":{"line":92,"column":8},"end":{"line":116,"column":11}}],"line":89}},"s":{"0":2,"1":6,"2":6,"3":6,"4":6,"5":6,"6":6,"7":6,"8":2,"9":1,"10":1,"11":6,"12":2,"13":6,"14":4,"15":2,"16":2,"17":2,"18":2,"19":2,"20":2,"21":2,"22":6,"23":2,"24":2},"f":{"0":6,"1":2,"2":2,"3":4,"4":2,"5":2,"6":2,"7":2,"8":2},"b":{"0":[1,1],"1":[2,1],"2":[2,2],"3":[4,2]},"_coverageSchema":"43e27e138ebf9cfc5966b082cf9a028302ed4184","hash":"9b8439967c0e109c2b8df42f0d18332f38abd7da"}
,"C:\\Users\\Marcelo\\Desktop\\waller3.0\\waller\\src\\pages\\Performance\\Bonds\\index.tsx": {"path":"C:\\Users\\Marcelo\\Desktop\\waller3.0\\waller\\src\\pages\\Performance\\Bonds\\index.tsx","statementMap":{"0":{"start":{"line":22,"column":20},"end":{"line":27,"column":1}},"1":{"start":{"line":29,"column":24},"end":{"line":86,"column":1}},"2":{"start":{"line":30,"column":32},"end":{"line":30,"column":48}},"3":{"start":{"line":31,"column":28},"end":{"line":31,"column":59}},"4":{"start":{"line":33,"column":19},"end":{"line":33,"column":52}},"5":{"start":{"line":34,"column":24},"end":{"line":34,"column":35}},"6":{"start":{"line":36,"column":18},"end":{"line":36,"column":57}},"7":{"start":{"line":38,"column":20},"end":{"line":52,"column":28}},"8":{"start":{"line":39,"column":4},"end":{"line":39,"column":25}},"9":{"start":{"line":39,"column":15},"end":{"line":39,"column":25}},"10":{"start":{"line":41,"column":30},"end":{"line":46,"column":7}},"11":{"start":{"line":41,"column":52},"end":{"line":46,"column":5}},"12":{"start":{"line":48,"column":4},"end":{"line":51,"column":6}},"13":{"start":{"line":54,"column":2},"end":{"line":85,"column":4}},"14":{"start":{"line":66,"column":34},"end":{"line":66,"column":43}},"15":{"start":{"line":68,"column":14},"end":{"line":79,"column":21}}},"fnMap":{"0":{"name":"(anonymous_0)","decl":{"start":{"line":29,"column":24},"end":{"line":29,"column":25}},"loc":{"start":{"line":29,"column":30},"end":{"line":86,"column":1}},"line":29},"1":{"name":"(anonymous_1)","decl":{"start":{"line":38,"column":28},"end":{"line":38,"column":29}},"loc":{"start":{"line":38,"column":34},"end":{"line":52,"column":3}},"line":38},"2":{"name":"(anonymous_2)","decl":{"start":{"line":41,"column":39},"end":{"line":41,"column":40}},"loc":{"start":{"line":41,"column":52},"end":{"line":46,"column":5}},"line":41},"3":{"name":"(anonymous_3)","decl":{"start":{"line":66,"column":26},"end":{"line":66,"column":27}},"loc":{"start":{"line":66,"column":34},"end":{"line":66,"column":43}},"line":66},"4":{"name":"(anonymous_4)","decl":{"start":{"line":67,"column":24},"end":{"line":67,"column":25}},"loc":{"start":{"line":68,"column":14},"end":{"line":79,"column":21}},"line":68}},"branchMap":{"0":{"loc":{"start":{"line":39,"column":4},"end":{"line":39,"column":25}},"type":"if","locations":[{"start":{"line":39,"column":4},"end":{"line":39,"column":25}},{"start":{"line":39,"column":4},"end":{"line":39,"column":25}}],"line":39},"1":{"loc":{"start":{"line":56,"column":7},"end":{"line":83,"column":7}},"type":"cond-expr","locations":[{"start":{"line":57,"column":8},"end":{"line":57,"column":53}},{"start":{"line":59,"column":8},"end":{"line":82,"column":11}}],"line":56}},"s":{"0":1,"1":1,"2":3,"3":3,"4":3,"5":3,"6":3,"7":3,"8":2,"9":1,"10":1,"11":1,"12":1,"13":3,"14":1,"15":1},"f":{"0":3,"1":2,"2":1,"3":1,"4":1},"b":{"0":[1,1],"1":[2,1]},"_coverageSchema":"43e27e138ebf9cfc5966b082cf9a028302ed4184","hash":"c2cdb900249a10a4ef4e404369df0dfa6fdac89c"}
,"C:\\Users\\Marcelo\\Desktop\\waller3.0\\waller\\src\\pages\\Rentability\\index.tsx": {"path":"C:\\Users\\Marcelo\\Desktop\\waller3.0\\waller\\src\\pages\\Rentability\\index.tsx","statementMap":{"0":{"start":{"line":7,"column":30},"end":{"line":15,"column":1}},"1":{"start":{"line":8,"column":2},"end":{"line":14,"column":4}}},"fnMap":{"0":{"name":"(anonymous_0)","decl":{"start":{"line":7,"column":30},"end":{"line":7,"column":31}},"loc":{"start":{"line":7,"column":36},"end":{"line":15,"column":1}},"line":7}},"branchMap":{},"s":{"0":1,"1":1},"f":{"0":1},"b":{},"_coverageSchema":"43e27e138ebf9cfc5966b082cf9a028302ed4184","hash":"28c762dfe8f8f5478c4bcb27e96ce0372a665626"}
}
