TN:
SF:C:\Users\Marcelo\Desktop\waller3.0\waller\src\components\Header\index.tsx
FN:10,(anonymous_0)
FNF:1
FNH:1
FNDA:23,(anonymous_0)
DA:10,5
DA:11,23
LF:2
LH:2
BRF:0
BRH:0
end_of_record
TN:
SF:C:\Users\Marcelo\Desktop\waller3.0\waller\src\components\Input\index.tsx
FN:30,(anonymous_0)
FN:42,(anonymous_1)
FN:46,(anonymous_2)
FN:52,(anonymous_3)
FN:53,(anonymous_4)
FN:58,(anonymous_5)
FN:63,(anonymous_6)
FN:67,(anonymous_7)
FN:91,(anonymous_8)
FNF:9
FNH:4
FNDA:48,(anonymous_0)
FNDA:0,(anonymous_1)
FNDA:0,(anonymous_2)
FNDA:28,(anonymous_3)
FNDA:0,(anonymous_4)
FNDA:28,(anonymous_5)
FNDA:0,(anonymous_6)
FNDA:0,(anonymous_7)
FNDA:15,(anonymous_8)
DA:30,3
DA:34,48
DA:36,48
DA:37,48
DA:39,48
DA:40,48
DA:42,48
DA:43,0
DA:46,48
DA:47,0
DA:49,0
DA:52,48
DA:54,0
DA:58,48
DA:59,28
DA:64,0
DA:65,0
DA:68,0
DA:69,0
DA:74,48
DA:92,15
LF:21
LH:13
BRDA:76,0,0,48
BRDA:76,0,1,47
BRDA:80,1,0,0
BRDA:80,1,1,47
BRDA:80,2,0,47
BRDA:80,2,1,47
BRF:6
BRH:5
end_of_record
TN:
SF:C:\Users\Marcelo\Desktop\waller3.0\waller\src\components\Loading\index.tsx
FN:14,(anonymous_0)
FN:18,(anonymous_1)
FNF:2
FNH:2
FNDA:19,(anonymous_0)
FNDA:19,(anonymous_1)
DA:14,3
DA:15,19
DA:16,19
DA:18,19
DA:19,19
DA:25,19
DA:34,19
LF:7
LH:7
BRDA:14,0,0,3
BRDA:37,1,0,3
BRDA:37,1,1,16
BRF:3
BRH:3
end_of_record
TN:
SF:C:\Users\Marcelo\Desktop\waller3.0\waller\src\components\Nothing\index.tsx
FN:12,(anonymous_0)
FNF:1
FNH:1
FNDA:8,(anonymous_0)
DA:12,6
DA:13,8
LF:2
LH:2
BRF:0
BRH:0
end_of_record
TN:
SF:C:\Users\Marcelo\Desktop\waller3.0\waller\src\components\OrderTableHeader\index.tsx
FN:32,(anonymous_0)
FN:38,handleClick
FN:47,(anonymous_2)
FN:52,(anonymous_3)
FNF:4
FNH:4
FNDA:5,(anonymous_0)
FNDA:2,handleClick
FNDA:16,(anonymous_2)
FNDA:2,(anonymous_3)
DA:32,4
DA:36,5
DA:39,2
DA:41,2
DA:42,2
DA:45,5
DA:48,16
DA:52,2
LF:8
LH:8
BRDA:39,0,0,2
BRDA:39,0,1,2
BRDA:41,1,0,1
BRDA:41,1,1,1
BRDA:56,2,0,16
BRDA:56,2,1,5
BRDA:57,3,0,1
BRDA:57,3,1,4
BRF:8
BRH:8
end_of_record
TN:
SF:C:\Users\Marcelo\Desktop\waller3.0\waller\src\components\ValueField\index.tsx
FN:14,(anonymous_0)
FNF:1
FNH:1
FNDA:41,(anonymous_0)
DA:14,3
DA:21,41
DA:23,41
LF:3
LH:3
BRDA:16,0,0,1
BRDA:17,1,0,1
BRDA:18,2,0,1
BRDA:19,3,0,33
BRDA:27,4,0,41
BRDA:27,4,1,1
BRF:6
BRH:6
end_of_record
TN:
SF:C:\Users\Marcelo\Desktop\waller3.0\waller\src\hooks\auth.tsx
FN:40,(anonymous_0)
FN:45,(anonymous_1)
FN:46,loadStorageData
FN:52,(anonymous_3)
FN:68,(anonymous_4)
FN:89,(anonymous_5)
FN:96,(anonymous_6)
FN:118,useAuth
FNF:8
FNH:8
FNDA:16,(anonymous_0)
FNDA:3,(anonymous_1)
FNDA:3,loadStorageData
FNDA:3,(anonymous_3)
FNDA:2,(anonymous_4)
FNDA:1,(anonymous_5)
FNDA:1,(anonymous_6)
FNDA:16,useAuth
DA:38,2
DA:40,2
DA:41,16
DA:42,16
DA:43,16
DA:45,16
DA:47,3
DA:52,3
DA:53,3
DA:54,2
DA:58,3
DA:60,3
DA:62,3
DA:65,3
DA:68,16
DA:69,2
DA:74,2
DA:76,2
DA:82,2
DA:84,2
DA:86,2
DA:89,16
DA:90,1
DA:91,1
DA:93,1
DA:96,16
DA:97,1
DA:99,1
DA:102,16
DA:119,16
LF:30
LH:30
BRDA:53,0,0,2
BRDA:53,0,1,1
BRDA:60,1,0,2
BRDA:60,1,1,1
BRDA:60,2,0,3
BRDA:60,2,1,2
BRDA:90,3,0,1
BRDA:90,3,1,0
BRF:8
BRH:7
end_of_record
TN:
SF:C:\Users\Marcelo\Desktop\waller3.0\waller\src\hooks\config.tsx
FN:20,(anonymous_0)
FN:24,(anonymous_1)
FN:25,loadStorageData
FN:26,(anonymous_3)
FN:32,(anonymous_4)
FN:42,(anonymous_5)
FN:48,(anonymous_6)
FN:63,useConfig
FNF:8
FNH:8
FNDA:4,(anonymous_0)
FNDA:1,(anonymous_1)
FNDA:1,loadStorageData
FNDA:1,(anonymous_3)
FNDA:1,(anonymous_4)
FNDA:1,(anonymous_5)
FNDA:1,(anonymous_6)
FNDA:60,useConfig
DA:18,8
DA:20,8
DA:21,4
DA:22,4
DA:24,4
DA:26,1
DA:27,1
DA:28,1
DA:32,1
DA:33,1
DA:34,1
DA:39,1
DA:42,4
DA:43,1
DA:45,1
DA:48,4
DA:49,1
DA:51,1
DA:54,4
DA:64,60
LF:20
LH:20
BRDA:27,0,0,1
BRDA:27,0,1,0
BRDA:33,1,0,1
BRDA:33,1,1,0
BRF:4
BRH:2
end_of_record
TN:
SF:C:\Users\Marcelo\Desktop\waller3.0\waller\src\hooks\swr.tsx
FN:5,useFetch
FN:15,(anonymous_1)
FNF:2
FNH:2
FNDA:24,useFetch
FNDA:5,(anonymous_1)
DA:13,24
DA:16,5
DA:18,5
DA:22,24
LF:4
LH:4
BRF:0
BRH:0
end_of_record
TN:
SF:C:\Users\Marcelo\Desktop\waller3.0\waller\src\pages\Auth\Home\index.tsx
FN:20,(anonymous_0)
FN:25,(anonymous_1)
FN:29,(anonymous_2)
FNF:3
FNH:3
FNDA:2,(anonymous_0)
FNDA:1,(anonymous_1)
FNDA:1,(anonymous_2)
DA:20,1
DA:21,2
DA:23,2
DA:25,2
DA:29,2
DA:33,2
LF:6
LH:6
BRF:0
BRH:0
end_of_record
TN:
SF:C:\Users\Marcelo\Desktop\waller3.0\waller\src\pages\Auth\SignIn\index.tsx
FN:36,(anonymous_0)
FN:47,(anonymous_1)
FN:48,(anonymous_2)
FN:53,(anonymous_3)
FN:54,(anonymous_4)
FN:55,(anonymous_5)
FN:58,(anonymous_6)
FN:64,(anonymous_7)
FN:70,(anonymous_8)
FN:71,(anonymous_9)
FN:75,(anonymous_10)
FN:76,(anonymous_11)
FN:81,(anonymous_12)
FN:131,(anonymous_13)
FN:140,(anonymous_14)
FN:148,(anonymous_15)
FNF:16
FNH:11
FNDA:6,(anonymous_0)
FNDA:6,(anonymous_1)
FNDA:0,(anonymous_2)
FNDA:6,(anonymous_3)
FNDA:1,(anonymous_4)
FNDA:0,(anonymous_5)
FNDA:0,(anonymous_6)
FNDA:1,(anonymous_7)
FNDA:6,(anonymous_8)
FNDA:1,(anonymous_9)
FNDA:6,(anonymous_10)
FNDA:1,(anonymous_11)
FNDA:3,(anonymous_12)
FNDA:0,(anonymous_13)
FNDA:0,(anonymous_14)
FNDA:3,(anonymous_15)
DA:36,1
DA:37,6
DA:38,6
DA:39,6
DA:41,6
DA:42,6
DA:43,6
DA:45,6
DA:47,6
DA:48,6
DA:49,0
DA:53,6
DA:54,6
DA:55,1
DA:56,0
DA:57,0
DA:58,0
DA:64,6
DA:65,1
DA:67,1
DA:70,6
DA:71,6
DA:72,1
DA:75,6
DA:76,6
DA:80,6
DA:82,3
DA:83,3
DA:85,3
DA:92,3
DA:94,2
DA:96,2
DA:97,1
DA:99,1
DA:101,1
DA:104,1
DA:110,6
DA:131,0
DA:140,0
DA:148,3
LF:40
LH:34
BRDA:56,0,0,0
BRDA:56,0,1,0
BRDA:96,1,0,1
BRDA:96,1,1,1
BRF:4
BRH:2
end_of_record
TN:
SF:C:\Users\Marcelo\Desktop\waller3.0\waller\src\pages\Auth\SignUp\index.tsx
FN:33,(anonymous_0)
FN:43,(anonymous_1)
FN:44,(anonymous_2)
FN:50,(anonymous_3)
FN:90,(anonymous_4)
FN:106,(anonymous_5)
FN:117,(anonymous_6)
FN:126,(anonymous_7)
FN:134,(anonymous_8)
FNF:9
FNH:5
FNDA:5,(anonymous_0)
FNDA:5,(anonymous_1)
FNDA:0,(anonymous_2)
FNDA:3,(anonymous_3)
FNDA:1,(anonymous_4)
FNDA:0,(anonymous_5)
FNDA:0,(anonymous_6)
FNDA:0,(anonymous_7)
FNDA:3,(anonymous_8)
DA:33,1
DA:34,5
DA:35,5
DA:36,5
DA:37,5
DA:39,5
DA:41,5
DA:43,5
DA:44,5
DA:45,0
DA:49,5
DA:51,3
DA:52,3
DA:54,3
DA:64,3
DA:66,2
DA:68,1
DA:70,1
DA:72,2
DA:73,1
DA:75,1
DA:77,1
DA:80,1
DA:86,5
DA:90,1
DA:106,0
DA:117,0
DA:126,0
DA:134,3
LF:29
LH:25
BRDA:72,0,0,1
BRDA:72,0,1,1
BRF:2
BRH:2
end_of_record
TN:
SF:C:\Users\Marcelo\Desktop\waller3.0\waller\src\pages\Config\index.tsx
FN:22,(anonymous_0)
FN:30,(anonymous_1)
FNF:2
FNH:2
FNDA:2,(anonymous_0)
FNDA:1,(anonymous_1)
DA:22,1
DA:23,2
DA:24,2
DA:25,2
DA:27,2
DA:28,2
DA:30,2
DA:31,1
DA:32,1
DA:34,1
DA:51,2
DA:53,2
LF:12
LH:12
BRDA:71,0,0,1
BRDA:71,0,1,1
BRDA:96,1,0,1
BRDA:96,1,1,1
BRF:4
BRH:4
end_of_record
TN:
SF:C:\Users\Marcelo\Desktop\waller3.0\waller\src\pages\Config\CheckBox\index.tsx
FN:15,(anonymous_0)
FN:20,(anonymous_1)
FN:36,(anonymous_2)
FN:38,(anonymous_3)
FNF:4
FNH:4
FNDA:8,(anonymous_0)
FNDA:9,(anonymous_1)
FNDA:6,(anonymous_2)
FNDA:3,(anonymous_3)
DA:15,2
DA:16,8
DA:18,8
DA:20,8
DA:21,9
DA:22,5
DA:28,4
DA:36,8
DA:38,8
DA:39,3
DA:41,3
DA:43,3
DA:46,8
LF:13
LH:13
BRDA:21,0,0,5
BRDA:21,0,1,4
BRF:2
BRH:2
end_of_record
TN:
SF:C:\Users\Marcelo\Desktop\waller3.0\waller\src\pages\Dashboard\index.tsx
FN:20,(anonymous_0)
FN:28,(anonymous_1)
FN:35,(anonymous_2)
FN:44,(anonymous_3)
FN:53,(anonymous_4)
FN:57,(anonymous_5)
FN:58,(anonymous_6)
FN:74,(anonymous_7)
FN:116,(anonymous_8)
FNF:9
FNH:9
FNDA:12,(anonymous_0)
FNDA:5,(anonymous_1)
FNDA:12,(anonymous_2)
FNDA:5,(anonymous_3)
FNDA:5,(anonymous_4)
FNDA:24,(anonymous_5)
FNDA:24,(anonymous_6)
FNDA:1,(anonymous_7)
FNDA:12,(anonymous_8)
DA:20,1
DA:21,12
DA:23,12
DA:25,12
DA:27,12
DA:28,5
DA:35,12
DA:36,12
DA:38,12
DA:39,6
DA:40,3
DA:43,12
DA:44,5
DA:53,12
DA:54,5
DA:56,4
DA:57,24
DA:58,24
DA:67,12
DA:74,1
DA:116,12
LF:21
LH:21
BRDA:38,0,0,6
BRDA:38,0,1,6
BRDA:38,1,0,12
BRDA:38,1,1,6
BRDA:39,2,0,3
BRDA:39,2,1,3
BRDA:45,3,0,5
BRDA:45,3,1,1
BRDA:46,4,0,5
BRDA:46,4,1,1
BRDA:46,5,0,5
BRDA:46,5,1,1
BRDA:47,6,0,5
BRDA:47,6,1,5
BRDA:47,7,0,5
BRDA:47,7,1,5
BRDA:48,8,0,5
BRDA:48,8,1,1
BRDA:48,9,0,5
BRDA:48,9,1,1
BRDA:54,10,0,1
BRDA:54,10,1,4
BRDA:54,11,0,5
BRDA:54,11,1,4
BRDA:102,12,0,0
BRDA:102,12,1,12
BRDA:104,13,0,0
BRDA:104,13,1,0
BRF:28
BRH:25
end_of_record
TN:
SF:C:\Users\Marcelo\Desktop\waller3.0\waller\src\pages\Dashboard\Card\index.tsx
FN:16,(anonymous_0)
FNF:1
FNH:1
FNDA:48,(anonymous_0)
DA:16,1
DA:17,48
LF:2
LH:2
BRDA:21,0,0,16
BRDA:21,0,1,32
BRF:2
BRH:2
end_of_record
TN:
SF:C:\Users\Marcelo\Desktop\waller3.0\waller\src\pages\Dividends\index.tsx
FN:31,(anonymous_0)
FN:45,(anonymous_1)
FN:51,(anonymous_2)
FN:56,(anonymous_3)
FN:57,(anonymous_4)
FN:72,(anonymous_5)
FN:74,(anonymous_6)
FN:99,(anonymous_7)
FN:101,(anonymous_8)
FN:106,(anonymous_9)
FN:113,(anonymous_10)
FN:116,(anonymous_11)
FN:125,(anonymous_12)
FN:128,(anonymous_13)
FN:129,(anonymous_14)
FN:181,(anonymous_15)
FN:189,(anonymous_16)
FNF:17
FNH:0
FNDA:0,(anonymous_0)
FNDA:0,(anonymous_1)
FNDA:0,(anonymous_2)
FNDA:0,(anonymous_3)
FNDA:0,(anonymous_4)
FNDA:0,(anonymous_5)
FNDA:0,(anonymous_6)
FNDA:0,(anonymous_7)
FNDA:0,(anonymous_8)
FNDA:0,(anonymous_9)
FNDA:0,(anonymous_10)
FNDA:0,(anonymous_11)
FNDA:0,(anonymous_12)
FNDA:0,(anonymous_13)
FNDA:0,(anonymous_14)
FNDA:0,(anonymous_15)
FNDA:0,(anonymous_16)
DA:31,0
DA:32,0
DA:33,0
DA:34,0
DA:35,0
DA:36,0
DA:38,0
DA:41,0
DA:45,0
DA:46,0
DA:47,0
DA:49,0
DA:51,0
DA:55,0
DA:56,0
DA:58,0
DA:61,0
DA:64,0
DA:66,0
DA:68,0
DA:71,0
DA:73,0
DA:75,0
DA:78,0
DA:80,0
DA:83,0
DA:89,0
DA:99,0
DA:100,0
DA:101,0
DA:104,0
DA:106,0
DA:107,0
DA:110,0
DA:113,0
DA:114,0
DA:116,0
DA:117,0
DA:120,0
DA:121,0
DA:122,0
DA:125,0
DA:126,0
DA:128,0
DA:129,0
DA:130,0
DA:134,0
DA:135,0
DA:136,0
DA:139,0
DA:141,0
DA:182,0
DA:183,0
DA:184,0
DA:189,0
LF:55
LH:0
BRDA:75,0,0,0
BRDA:75,0,1,0
BRDA:78,1,0,0
BRDA:78,1,1,0
BRDA:167,2,0,0
BRDA:167,2,1,0
BRF:6
BRH:0
end_of_record
TN:
SF:C:\Users\Marcelo\Desktop\waller3.0\waller\src\pages\Dividends\Card\index.tsx
FN:18,(anonymous_0)
FN:19,(anonymous_1)
FNF:2
FNH:0
FNDA:0,(anonymous_0)
FNDA:0,(anonymous_1)
DA:18,0
DA:19,0
DA:21,0
DA:23,0
LF:4
LH:0
BRDA:29,0,0,0
BRDA:29,0,1,0
BRF:2
BRH:0
end_of_record
TN:
SF:C:\Users\Marcelo\Desktop\waller3.0\waller\src\pages\Dividends\ListDividends\index.tsx
FN:59,(anonymous_0)
FN:66,(anonymous_1)
FN:68,(anonymous_2)
FN:75,(anonymous_3)
FN:78,(anonymous_4)
FN:92,(anonymous_5)
FN:98,(anonymous_6)
FN:100,(anonymous_7)
FN:102,(anonymous_8)
FN:122,(anonymous_9)
FN:123,(anonymous_10)
FNF:11
FNH:0
FNDA:0,(anonymous_0)
FNDA:0,(anonymous_1)
FNDA:0,(anonymous_2)
FNDA:0,(anonymous_3)
FNDA:0,(anonymous_4)
FNDA:0,(anonymous_5)
FNDA:0,(anonymous_6)
FNDA:0,(anonymous_7)
FNDA:0,(anonymous_8)
FNDA:0,(anonymous_9)
FNDA:0,(anonymous_10)
DA:49,0
DA:59,0
DA:60,0
DA:61,0
DA:62,0
DA:64,0
DA:66,0
DA:67,0
DA:68,0
DA:72,0
DA:75,0
DA:76,0
DA:78,0
DA:87,0
DA:92,0
DA:98,0
DA:100,0
DA:102,0
DA:104,0
DA:122,0
DA:124,0
LF:21
LH:0
BRDA:59,0,0,0
BRDA:76,1,0,0
BRDA:76,1,1,0
BRF:3
BRH:0
end_of_record
TN:
SF:C:\Users\Marcelo\Desktop\waller3.0\waller\src\pages\ListActives\index.tsx
FN:36,(anonymous_0)
FN:45,(anonymous_1)
FN:46,(anonymous_2)
FN:59,(anonymous_3)
FN:64,(anonymous_4)
FN:65,(anonymous_5)
FN:68,(anonymous_6)
FN:83,(anonymous_7)
FN:105,(anonymous_8)
FN:106,(anonymous_9)
FN:108,(anonymous_10)
FN:108,(anonymous_11)
FN:126,(anonymous_12)
FN:130,(anonymous_13)
FNF:14
FNH:11
FNDA:7,(anonymous_0)
FNDA:2,(anonymous_1)
FNDA:4,(anonymous_2)
FNDA:1,(anonymous_3)
FNDA:1,(anonymous_4)
FNDA:1,(anonymous_5)
FNDA:1,(anonymous_6)
FNDA:0,(anonymous_7)
FNDA:7,(anonymous_8)
FNDA:0,(anonymous_9)
FNDA:7,(anonymous_10)
FNDA:0,(anonymous_11)
FNDA:8,(anonymous_12)
FNDA:8,(anonymous_13)
DA:36,1
DA:37,7
DA:38,7
DA:40,7
DA:41,7
DA:42,7
DA:44,7
DA:46,4
DA:59,7
DA:60,1
DA:62,1
DA:64,1
DA:65,1
DA:68,7
DA:69,1
DA:71,1
DA:72,1
DA:74,1
DA:75,1
DA:76,1
DA:77,1
DA:80,1
DA:83,7
DA:84,0
DA:85,0
DA:87,0
DA:103,7
DA:105,7
DA:106,7
DA:108,7
DA:111,7
DA:126,8
DA:131,8
LF:33
LH:30
BRDA:117,0,0,2
BRDA:117,0,1,5
BRDA:119,1,0,1
BRDA:119,1,1,4
BRDA:133,2,0,4
BRDA:133,2,1,4
BRF:6
BRH:6
end_of_record
TN:
SF:C:\Users\Marcelo\Desktop\waller3.0\waller\src\pages\Performance\index.tsx
FN:17,(anonymous_0)
FNF:1
FNH:0
FNDA:0,(anonymous_0)
DA:15,0
DA:17,0
DA:18,0
DA:20,0
LF:4
LH:0
BRF:0
BRH:0
end_of_record
TN:
SF:C:\Users\Marcelo\Desktop\waller3.0\waller\src\pages\Performance\Actives\index.tsx
FN:33,(anonymous_0)
FN:44,(anonymous_1)
FN:50,(anonymous_2)
FN:60,(anonymous_3)
FN:64,(anonymous_4)
FN:65,(anonymous_5)
FN:79,(anonymous_6)
FN:99,(anonymous_7)
FN:100,(anonymous_8)
FNF:9
FNH:9
FNDA:6,(anonymous_0)
FNDA:2,(anonymous_1)
FNDA:2,(anonymous_2)
FNDA:4,(anonymous_3)
FNDA:2,(anonymous_4)
FNDA:2,(anonymous_5)
FNDA:2,(anonymous_6)
FNDA:2,(anonymous_7)
FNDA:2,(anonymous_8)
DA:33,2
DA:34,6
DA:35,6
DA:37,6
DA:39,6
DA:40,6
DA:42,6
DA:44,6
DA:45,2
DA:46,1
DA:49,6
DA:50,2
DA:60,6
DA:61,4
DA:63,2
DA:64,2
DA:65,2
DA:74,2
DA:79,2
DA:87,6
DA:99,2
DA:101,2
LF:22
LH:22
BRDA:45,0,0,1
BRDA:45,0,1,1
BRDA:45,1,0,2
BRDA:45,1,1,1
BRDA:61,2,0,2
BRDA:61,2,1,2
BRDA:89,3,0,4
BRDA:89,3,1,2
BRF:8
BRH:8
end_of_record
TN:
SF:C:\Users\Marcelo\Desktop\waller3.0\waller\src\pages\Performance\Bonds\index.tsx
FN:29,(anonymous_0)
FN:38,(anonymous_1)
FN:41,(anonymous_2)
FN:66,(anonymous_3)
FN:67,(anonymous_4)
FNF:5
FNH:5
FNDA:3,(anonymous_0)
FNDA:2,(anonymous_1)
FNDA:1,(anonymous_2)
FNDA:1,(anonymous_3)
FNDA:1,(anonymous_4)
DA:22,1
DA:29,1
DA:30,3
DA:31,3
DA:33,3
DA:34,3
DA:36,3
DA:38,3
DA:39,2
DA:41,1
DA:48,1
DA:54,3
DA:66,1
DA:68,1
LF:14
LH:14
BRDA:39,0,0,1
BRDA:39,0,1,1
BRDA:56,1,0,2
BRDA:56,1,1,1
BRF:4
BRH:4
end_of_record
TN:
SF:C:\Users\Marcelo\Desktop\waller3.0\waller\src\pages\Rentability\index.tsx
FN:7,(anonymous_0)
FNF:1
FNH:1
FNDA:1,(anonymous_0)
DA:7,1
DA:8,1
LF:2
LH:2
BRF:0
BRH:0
end_of_record
